#
# There is insufficient memory for the Java Runtime Environment to continue.
# Native memory allocation (mmap) failed to map 22544384 bytes for committing reserved memory.
# Possible reasons:
#   The system is out of physical RAM or swap space
#   In 32 bit mode, the process size limit was hit
# Possible solutions:
#   Reduce memory load on the system
#   Increase physical memory or swap space
#   Check if swap backing store is full
#   Use 64 bit Java on a 64 bit OS
#   Decrease Java heap size (-Xmx/-Xms)
#   Decrease number of Java threads
#   Decrease Java thread stack sizes (-Xss)
#   Set larger code cache with -XX:ReservedCodeCacheSize=
# This output file may be truncated or incomplete.
#
#  Out of Memory Error (os_linux.cpp:2640), pid=5420, tid=0x00007f84217f7700
#
# JRE version: OpenJDK Runtime Environment (8.0_152-b01) (build 1.8.0_152-release-915-b01)
# Java VM: OpenJDK 64-Bit Server VM (25.152-b01 mixed mode linux-amd64 compressed oops)
# Failed to write core dump. Core dumps have been disabled. To enable core dumping, try "ulimit -c unlimited" before starting Java again
#

---------------  T H R E A D  ---------------

Current thread (0x00007f8434074000):  VMThread [stack: 0x00007f84216f7000,0x00007f84217f8000] [id=5426]

Stack: [0x00007f84216f7000,0x00007f84217f8000],  sp=0x00007f84217f64a0,  free space=1021k
Native frames: (J=compiled Java code, j=interpreted, Vv=VM code, C=native code)
V  [libjvm.so+0x9eb15d]  VMError::report_and_die()+0x15d
V  [libjvm.so+0x4b8eaa]  report_vm_out_of_memory(char const*, int, unsigned long, VMErrorType, char const*)+0x8a
V  [libjvm.so+0x851370]  os::pd_commit_memory(char*, unsigned long, unsigned long, bool)+0xf0
V  [libjvm.so+0x84be8f]  os::commit_memory(char*, unsigned long, unsigned long, bool)+0x1f
V  [libjvm.so+0x8c261b]  PSVirtualSpace::expand_by(unsigned long)+0x5b
V  [libjvm.so+0x8c3290]  PSYoungGen::resize_generation(unsigned long, unsigned long)+0xb0
V  [libjvm.so+0x8c35ab]  PSYoungGen::resize(unsigned long, unsigned long)+0x1b
V  [libjvm.so+0x8bfc9c]  PSScavenge::invoke_no_policy()+0xdac
V  [libjvm.so+0x8b97a0]  PSParallelCompact::invoke(bool)+0x40
V  [libjvm.so+0x448a93]  CollectedHeap::collect_as_vm_thread(GCCause::Cause)+0x143
V  [libjvm.so+0x9ec5a1]  VM_CollectForMetadataAllocation::doit()+0x141
V  [libjvm.so+0x9f1197]  VM_Operation::evaluate()+0x47
V  [libjvm.so+0x9efb78]  VMThread::evaluate_operation(VM_Operation*)+0x2c8
V  [libjvm.so+0x9efff9]  VMThread::loop()+0x219
V  [libjvm.so+0x9f0442]  VMThread::run()+0x72
V  [libjvm.so+0x84e792]  java_start(Thread*)+0xf2

VM_Operation (0x00007f83e0c0d9a0): CollectForMetadataAllocation, mode: safepoint, requested by thread 0x00007f83e8dbd800


---------------  P R O C E S S  ---------------

Java Threads: ( => current thread )
  0x00007f841c06a000 JavaThread "Cache worker for Java compile cache (/home/student/git/Project-01/TreePLE-Android/.gradle/4.1/javaCompile)" [_thread_blocked, id=5487, stack(0x00007f83e0a12000,0x00007f83e0b13000)]
  0x00007f83e8dbd800 JavaThread "Task worker for ':'" [_thread_blocked, id=5486, stack(0x00007f83e0b13000,0x00007f83e0c14000)]
  0x00007f83e906d000 JavaThread "Cache worker for task history cache (/home/student/git/Project-01/TreePLE-Android/.gradle/4.1/taskHistory)" [_thread_blocked, id=5485, stack(0x00007f83e0c14000,0x00007f83e0d15000)]
  0x00007f83e905b000 JavaThread "Cache worker for file content cache (/home/student/git/Project-01/TreePLE-Android/.gradle/4.1/fileContent)" [_thread_blocked, id=5484, stack(0x00007f83e0d15000,0x00007f83e0e16000)]
  0x00007f83e8e2c000 JavaThread "Memory manager" [_thread_blocked, id=5478, stack(0x00007f83e1c2b000,0x00007f83e1d2c000)]
  0x00007f83e8bb8000 JavaThread "build operations Thread 2" [_thread_blocked, id=5469, stack(0x00007f83e2473000,0x00007f83e2574000)]
  0x00007f83e8bb9800 JavaThread "build operations" [_thread_blocked, id=5468, stack(0x00007f83e2574000,0x00007f83e2675000)]
  0x00007f83e87d4800 JavaThread "Cache worker for Artifact transforms cache (/home/student/.gradle/caches/transforms-1)" [_thread_blocked, id=5455, stack(0x00007f83e2a75000,0x00007f83e2b76000)]
  0x00007f83e8297800 JavaThread "Cache worker for file hash cache (/home/student/git/Project-01/TreePLE-Android/.gradle/4.1/fileHashes)" [_thread_blocked, id=5446, stack(0x00007f83e37fc000,0x00007f83e38fd000)]
  0x00007f83e8135800 JavaThread "File lock request listener" [_thread_in_native, id=5445, stack(0x00007f83e3afd000,0x00007f83e3bfe000)]
  0x00007f83e8131000 JavaThread "Cache worker for file hash cache (/home/student/.gradle/caches/4.1/fileHashes)" [_thread_blocked, id=5444, stack(0x00007f83e3bfe000,0x00007f83e3cff000)]
  0x00007f83e8039800 JavaThread "Stdin handler" [_thread_blocked, id=5441, stack(0x00007f83e3eff000,0x00007f83e4000000)]
  0x00007f83e8027800 JavaThread "Asynchronous log dispatcher for DefaultDaemonConnection: socket connection from /127.0.0.1:35961 to /127.0.0.1:49500" [_thread_blocked, id=5440, stack(0x00007f8418049000,0x00007f841814a000)]
  0x00007f83e4007800 JavaThread "Daemon worker" [_thread_blocked, id=5439, stack(0x00007f841814a000,0x00007f841824b000)]
  0x00007f83e4004000 JavaThread "Cancel handler" [_thread_blocked, id=5438, stack(0x00007f841824b000,0x00007f841834c000)]
  0x00007f83e4005800 JavaThread "Handler for socket connection from /127.0.0.1:35961 to /127.0.0.1:49500" [_thread_in_native, id=5437, stack(0x00007f841834c000,0x00007f841844d000)]
  0x00007f83ec013000 JavaThread "Daemon" [_thread_blocked, id=5436, stack(0x00007f841844d000,0x00007f841854e000)]
  0x00007f8434ca5000 JavaThread "Daemon periodic checks" [_thread_blocked, id=5435, stack(0x00007f841854e000,0x00007f841864f000)]
  0x00007f8434c86000 JavaThread "Incoming local TCP Connector on port 35961" [_thread_in_native, id=5434, stack(0x00007f8418656000,0x00007f8418757000)]
  0x00007f84340ba800 JavaThread "Service Thread" daemon [_thread_blocked, id=5432, stack(0x00007f8420e19000,0x00007f8420f1a000)]
  0x00007f84340b8000 JavaThread "C1 CompilerThread1" daemon [_thread_blocked, id=5431, stack(0x00007f8420f1a000,0x00007f842101b000)]
  0x00007f84340b5000 JavaThread "C2 CompilerThread0" daemon [_thread_blocked, id=5430, stack(0x00007f842101b000,0x00007f842111c000)]
  0x00007f84340b3800 JavaThread "Signal Dispatcher" daemon [_thread_blocked, id=5429, stack(0x00007f842111c000,0x00007f842121d000)]
  0x00007f8434080800 JavaThread "Finalizer" daemon [_thread_blocked, id=5428, stack(0x00007f84214f5000,0x00007f84215f6000)]
  0x00007f843407c000 JavaThread "Reference Handler" daemon [_thread_blocked, id=5427, stack(0x00007f84215f6000,0x00007f84216f7000)]
  0x00007f843400a800 JavaThread "main" [_thread_blocked, id=5422, stack(0x00007f843c750000,0x00007f843c851000)]

Other Threads:
=>0x00007f8434074000 VMThread [stack: 0x00007f84216f7000,0x00007f84217f8000] [id=5426]
  0x00007f84340bd000 WatcherThread [stack: 0x00007f8420d18000,0x00007f8420e19000] [id=5433]

VM state:at safepoint (normal execution)

VM Mutex/Monitor currently owned by a thread:  ([mutex/lock_event])
[0x00007f8434006fe0] Threads_lock - owner thread: 0x00007f8434074000
[0x00007f84340074e0] Heap_lock - owner thread: 0x00007f83e8dbd800

Heap:
 PSYoungGen      total 126464K, used 19945K [0x00000000e0000000, 0x00000000ea580000, 0x0000000100000000)
  eden space 106496K, 0% used [0x00000000e0000000,0x00000000e0000000,0x00000000e6800000)
  from space 19968K, 99% used [0x00000000e9200000,0x00000000ea57a590,0x00000000ea580000)
  to   space 14848K, 0% used [0x00000000e6800000,0x00000000e6800000,0x00000000e7680000)
 ParOldGen       total 52736K, used 31902K [0x00000000a0000000, 0x00000000a3380000, 0x00000000e0000000)
  object space 52736K, 60% used [0x00000000a0000000,0x00000000a1f27978,0x00000000a3380000)
 Metaspace       used 57226K, capacity 58886K, committed 59028K, reserved 1099776K
  class space    used 7703K, capacity 8128K, committed 8192K, reserved 1048576K

Card table byte_map: [0x00007f84392d2000,0x00007f84395d3000] byte_map_base: 0x00007f8438dd2000

Marking Bits: (ParMarkBitMap*) 0x00007f843bc163e0
 Begin Bits: [0x00007f8422000000, 0x00007f8423800000)
 End Bits:   [0x00007f8423800000, 0x00007f8425000000)

Polling page: 0x00007f843c86a000

CodeCache: size=245760Kb used=19552Kb max_used=19565Kb free=226207Kb
 bounds [0x00007f8425000000, 0x00007f8426330000, 0x00007f8434000000]
 total_blobs=7393 nmethods=6624 adapters=682
 compilation: enabled

Compilation events (10 events):
Event: 37.001 Thread 0x00007f84340b8000 nmethod 7489 0x00007f8426320ad0 code [0x00007f8426320c20, 0x00007f8426320d30]
Event: 37.017 Thread 0x00007f84340b5000 nmethod 7398 0x00007f8426323cd0 code [0x00007f8426323e40, 0x00007f8426324138]
Event: 37.017 Thread 0x00007f84340b5000 7397       4       com.sun.tools.javac.code.Types::rank (277 bytes)
Event: 37.341 Thread 0x00007f84340b8000 7494       3       com.sun.tools.javac.tree.TreeScanner::scan (10 bytes)
Event: 37.347 Thread 0x00007f84340b8000 nmethod 7494 0x00007f8426323810 code [0x00007f8426323980, 0x00007f8426323be8]
Event: 37.347 Thread 0x00007f84340b8000 7495       3       com.sun.tools.javac.comp.Flow$BaseAnalyzer::scan (27 bytes)
Event: 37.348 Thread 0x00007f84340b8000 nmethod 7495 0x00007f8426323210 code [0x00007f84263233a0, 0x00007f8426323708]
Event: 37.367 Thread 0x00007f84340b5000 nmethod 7397 0x00007f8426327290 code [0x00007f8426327800, 0x00007f8426329e78]
Event: 37.367 Thread 0x00007f84340b5000 7387       4       java.lang.Enum::hashCode (5 bytes)
Event: 37.371 Thread 0x00007f84340b5000 nmethod 7387 0x00007f842628f610 code [0x00007f842628f760, 0x00007f842628f808]

GC Heap History (10 events):
Event: 20.222 GC heap after
Heap after GC invocations=11 (full 1):
 PSYoungGen      total 94208K, used 3584K [0x00000000e0000000, 0x00000000e7580000, 0x0000000100000000)
  eden space 90624K, 0% used [0x00000000e0000000,0x00000000e0000000,0x00000000e5880000)
  from space 3584K, 100% used [0x00000000e6300000,0x00000000e6680000,0x00000000e6680000)
  to   space 10752K, 0% used [0x00000000e5880000,0x00000000e5880000,0x00000000e6300000)
 ParOldGen       total 34304K, used 17151K [0x00000000a0000000, 0x00000000a2180000, 0x00000000e0000000)
  object space 34304K, 49% used [0x00000000a0000000,0x00000000a10bfc10,0x00000000a2180000)
 Metaspace       used 34575K, capacity 35224K, committed 35416K, reserved 1079296K
  class space    used 4703K, capacity 4962K, committed 4992K, reserved 1048576K
}
Event: 20.222 GC heap before
{Heap before GC invocations=12 (full 2):
 PSYoungGen      total 94208K, used 3584K [0x00000000e0000000, 0x00000000e7580000, 0x0000000100000000)
  eden space 90624K, 0% used [0x00000000e0000000,0x00000000e0000000,0x00000000e5880000)
  from space 3584K, 100% used [0x00000000e6300000,0x00000000e6680000,0x00000000e6680000)
  to   space 10752K, 0% used [0x00000000e5880000,0x00000000e5880000,0x00000000e6300000)
 ParOldGen       total 34304K, used 17151K [0x00000000a0000000, 0x00000000a2180000, 0x00000000e0000000)
  object space 34304K, 49% used [0x00000000a0000000,0x00000000a10bfc10,0x00000000a2180000)
 Metaspace       used 34575K, capacity 35224K, committed 35416K, reserved 1079296K
  class space    used 4703K, capacity 4962K, committed 4992K, reserved 1048576K
Event: 20.467 GC heap after
Heap after GC invocations=12 (full 2):
 PSYoungGen      total 94208K, used 0K [0x00000000e0000000, 0x00000000e7580000, 0x0000000100000000)
  eden space 90624K, 0% used [0x00000000e0000000,0x00000000e0000000,0x00000000e5880000)
  from space 3584K, 0% used [0x00000000e6300000,0x00000000e6300000,0x00000000e6680000)
  to   space 10752K, 0% used [0x00000000e5880000,0x00000000e5880000,0x00000000e6300000)
 ParOldGen       total 52736K, used 15788K [0x00000000a0000000, 0x00000000a3380000, 0x00000000e0000000)
  object space 52736K, 29% used [0x00000000a0000000,0x00000000a0f6b068,0x00000000a3380000)
 Metaspace       used 34575K, capacity 35224K, committed 35416K, reserved 1079296K
  class space    used 4703K, capacity 4962K, committed 4992K, reserved 1048576K
}
Event: 22.739 GC heap before
{Heap before GC invocations=13 (full 2):
 PSYoungGen      total 94208K, used 90624K [0x00000000e0000000, 0x00000000e7580000, 0x0000000100000000)
  eden space 90624K, 100% used [0x00000000e0000000,0x00000000e5880000,0x00000000e5880000)
  from space 3584K, 0% used [0x00000000e6300000,0x00000000e6300000,0x00000000e6680000)
  to   space 10752K, 0% used [0x00000000e5880000,0x00000000e5880000,0x00000000e6300000)
 ParOldGen       total 52736K, used 15788K [0x00000000a0000000, 0x00000000a3380000, 0x00000000e0000000)
  object space 52736K, 29% used [0x00000000a0000000,0x00000000a0f6b068,0x00000000a3380000)
 Metaspace       used 40542K, capacity 41268K, committed 41816K, reserved 1085440K
  class space    used 5388K, capacity 5642K, committed 5760K, reserved 1048576K
Event: 22.749 GC heap after
Heap after GC invocations=13 (full 2):
 PSYoungGen      total 101376K, used 9556K [0x00000000e0000000, 0x00000000e8200000, 0x0000000100000000)
  eden space 90624K, 0% used [0x00000000e0000000,0x00000000e0000000,0x00000000e5880000)
  from space 10752K, 88% used [0x00000000e5880000,0x00000000e61d5138,0x00000000e6300000)
  to   space 11776K, 0% used [0x00000000e7680000,0x00000000e7680000,0x00000000e8200000)
 ParOldGen       total 52736K, used 15796K [0x00000000a0000000, 0x00000000a3380000, 0x00000000e0000000)
  object space 52736K, 29% used [0x00000000a0000000,0x00000000a0f6d068,0x00000000a3380000)
 Metaspace       used 40542K, capacity 41268K, committed 41816K, reserved 1085440K
  class space    used 5388K, capacity 5642K, committed 5760K, reserved 1048576K
}
Event: 25.699 GC heap before
{Heap before GC invocations=14 (full 2):
 PSYoungGen      total 101376K, used 100180K [0x00000000e0000000, 0x00000000e8200000, 0x0000000100000000)
  eden space 90624K, 100% used [0x00000000e0000000,0x00000000e5880000,0x00000000e5880000)
  from space 10752K, 88% used [0x00000000e5880000,0x00000000e61d5138,0x00000000e6300000)
  to   space 11776K, 0% used [0x00000000e7680000,0x00000000e7680000,0x00000000e8200000)
 ParOldGen       total 52736K, used 15796K [0x00000000a0000000, 0x00000000a3380000, 0x00000000e0000000)
  object space 52736K, 29% used [0x00000000a0000000,0x00000000a0f6d068,0x00000000a3380000)
 Metaspace       used 48005K, capacity 49240K, committed 49368K, reserved 1091584K
  class space    used 6447K, capacity 6835K, committed 6912K, reserved 1048576K
Event: 25.741 GC heap after
Heap after GC invocations=14 (full 2):
 PSYoungGen      total 118272K, used 11748K [0x00000000e0000000, 0x00000000e8880000, 0x0000000100000000)
  eden space 106496K, 0% used [0x00000000e0000000,0x00000000e0000000,0x00000000e6800000)
  from space 11776K, 99% used [0x00000000e7680000,0x00000000e81f9290,0x00000000e8200000)
  to   space 14848K, 0% used [0x00000000e6800000,0x00000000e6800000,0x00000000e7680000)
 ParOldGen       total 52736K, used 18616K [0x00000000a0000000, 0x00000000a3380000, 0x00000000e0000000)
  object space 52736K, 35% used [0x00000000a0000000,0x00000000a122e1f0,0x00000000a3380000)
 Metaspace       used 48005K, capacity 49240K, committed 49368K, reserved 1091584K
  class space    used 6447K, capacity 6835K, committed 6912K, reserved 1048576K
}
Event: 31.689 GC heap before
{Heap before GC invocations=15 (full 2):
 PSYoungGen      total 118272K, used 118244K [0x00000000e0000000, 0x00000000e8880000, 0x0000000100000000)
  eden space 106496K, 100% used [0x00000000e0000000,0x00000000e6800000,0x00000000e6800000)
  from space 11776K, 99% used [0x00000000e7680000,0x00000000e81f9290,0x00000000e8200000)
  to   space 14848K, 0% used [0x00000000e6800000,0x00000000e6800000,0x00000000e7680000)
 ParOldGen       total 52736K, used 18616K [0x00000000a0000000, 0x00000000a3380000, 0x00000000e0000000)
  object space 52736K, 35% used [0x00000000a0000000,0x00000000a122e1f0,0x00000000a3380000)
 Metaspace       used 52802K, capacity 54482K, committed 54744K, reserved 1095680K
  class space    used 7159K, capacity 7576K, committed 7680K, reserved 1048576K
Event: 31.774 GC heap after
Heap after GC invocations=15 (full 2):
 PSYoungGen      total 121344K, used 14829K [0x00000000e0000000, 0x00000000ea580000, 0x0000000100000000)
  eden space 106496K, 0% used [0x00000000e0000000,0x00000000e0000000,0x00000000e6800000)
  from space 14848K, 99% used [0x00000000e6800000,0x00000000e767b510,0x00000000e7680000)
  to   space 19968K, 0% used [0x00000000e9200000,0x00000000e9200000,0x00000000ea580000)
 ParOldGen       total 52736K, used 26413K [0x00000000a0000000, 0x00000000a3380000, 0x00000000e0000000)
  object space 52736K, 50% used [0x00000000a0000000,0x00000000a19cb5b8,0x00000000a3380000)
 Metaspace       used 52802K, capacity 54482K, committed 54744K, reserved 1095680K
  class space    used 7159K, capacity 7576K, committed 7680K, reserved 1048576K
}
Event: 37.382 GC heap before
{Heap before GC invocations=16 (full 2):
 PSYoungGen      total 121344K, used 57468K [0x00000000e0000000, 0x00000000ea580000, 0x0000000100000000)
  eden space 106496K, 40% used [0x00000000e0000000,0x00000000e29a3d68,0x00000000e6800000)
  from space 14848K, 99% used [0x00000000e6800000,0x00000000e767b510,0x00000000e7680000)
  to   space 19968K, 0% used [0x00000000e9200000,0x00000000e9200000,0x00000000ea580000)
 ParOldGen       total 52736K, used 26413K [0x00000000a0000000, 0x00000000a3380000, 0x00000000e0000000)
  object space 52736K, 50% used [0x00000000a0000000,0x00000000a19cb5b8,0x00000000a3380000)
 Metaspace       used 57226K, capacity 58886K, committed 59028K, reserved 1099776K
  class space    used 7703K, capacity 8128K, committed 8192K, reserved 1048576K

Deoptimization events (10 events):
Event: 31.945 Thread 0x00007f83e8dbd800 Uncommon trap: reason=unstable_if action=reinterpret pc=0x00007f842519c384 method=org.gradle.api.internal.file.pattern.PatternMatcherFactory$PathMatcherBackedSpec.isSatisfiedBy(Lorg/gradle/api/file/RelativePath;)Z @ 11
Event: 32.002 Thread 0x00007f83e8dbd800 Uncommon trap: reason=unstable_if action=reinterpret pc=0x00007f8425f24b24 method=java.lang.ClassLoader.checkCerts(Ljava/lang/String;Ljava/security/CodeSource;)V @ 45
Event: 32.297 Thread 0x00007f83e8dbd800 Uncommon trap: reason=class_check action=maybe_recompile pc=0x00007f8425e3be0c method=java.util.regex.Matcher.search(I)Z @ 86
Event: 32.307 Thread 0x00007f83e8dbd800 Uncommon trap: reason=class_check action=maybe_recompile pc=0x00007f8425e3be0c method=java.util.regex.Matcher.search(I)Z @ 86
Event: 32.309 Thread 0x00007f83e8dbd800 Uncommon trap: reason=class_check action=maybe_recompile pc=0x00007f8425dc96ec method=java.util.regex.Matcher.search(I)Z @ 86
Event: 32.310 Thread 0x00007f83e8dbd800 Uncommon trap: reason=class_check action=maybe_recompile pc=0x00007f842596bfbc method=java.util.regex.Matcher.search(I)Z @ 86
Event: 36.028 Thread 0x00007f83e8dbd800 Uncommon trap: reason=unstable_if action=reinterpret pc=0x00007f842628fc74 method=com.sun.tools.javac.code.Scope.lookup(Lcom/sun/tools/javac/util/Name;Lcom/sun/tools/javac/util/Filter;)Lcom/sun/tools/javac/code/Scope$Entry; @ 19
Event: 36.030 Thread 0x00007f83e8dbd800 Uncommon trap: reason=unloaded action=reinterpret pc=0x00007f842627d460 method=com.sun.tools.javac.jvm.ClassReader.readPool(I)Ljava/lang/Object; @ 436
Event: 36.062 Thread 0x00007f83e8dbd800 Uncommon trap: reason=unstable_if action=reinterpret pc=0x00007f842628a5cc method=com.sun.tools.javac.code.Scope.lookup(Lcom/sun/tools/javac/util/Name;Lcom/sun/tools/javac/util/Filter;)Lcom/sun/tools/javac/code/Scope$Entry; @ 19
Event: 36.066 Thread 0x00007f83e8dbd800 Uncommon trap: reason=unstable_if action=reinterpret pc=0x00007f842622a17c method=com.sun.tools.javac.code.Scope.dble()V @ 44

Classes redefined (0 events):
No events

Internal exceptions (10 events):
Event: 27.551 Thread 0x00007f83e4007800 Exception <a 'java/lang/ClassNotFoundException': org/gradle/platform/base/BinaryContainer_ImplCustomizer> (0x00000000e29e1a00) thrown at [/ssd/Android/AOSP-openjdk-git/jdk8u/hotspot/src/share/vm/classfile/systemDictionary.cpp, line 210]
Event: 28.148 Thread 0x00007f83e4007800 Exception <a 'java/lang/NoSuchMethodError': <clinit>> (0x00000000e30b51f0) thrown at [/ssd/Android/AOSP-openjdk-git/jdk8u/hotspot/src/share/vm/prims/jni.cpp, line 1613]
Event: 28.155 Thread 0x00007f83e4007800 Exception <a 'java/lang/NoSuchMethodError': <clinit>> (0x00000000e30c3da0) thrown at [/ssd/Android/AOSP-openjdk-git/jdk8u/hotspot/src/share/vm/prims/jni.cpp, line 1613]
Event: 28.219 Thread 0x00007f83e4007800 Exception <a 'java/lang/NoSuchMethodError': <clinit>> (0x00000000e315dac8) thrown at [/ssd/Android/AOSP-openjdk-git/jdk8u/hotspot/src/share/vm/prims/jni.cpp, line 1613]
Event: 28.221 Thread 0x00007f83e4007800 Exception <a 'java/lang/NoSuchMethodError': <clinit>> (0x00000000e31797c8) thrown at [/ssd/Android/AOSP-openjdk-git/jdk8u/hotspot/src/share/vm/prims/jni.cpp, line 1613]
Event: 28.221 Thread 0x00007f83e4007800 Exception <a 'java/lang/NoSuchMethodError': <clinit>> (0x00000000e317b630) thrown at [/ssd/Android/AOSP-openjdk-git/jdk8u/hotspot/src/share/vm/prims/jni.cpp, line 1613]
Event: 30.797 Thread 0x00007f83e4007800 Exception <a 'java/lang/NoSuchMethodError': <clinit>> (0x00000000e558e028) thrown at [/ssd/Android/AOSP-openjdk-git/jdk8u/hotspot/src/share/vm/prims/jni.cpp, line 1613]
Event: 30.798 Thread 0x00007f83e4007800 Exception <a 'java/lang/NoSuchMethodError': <clinit>> (0x00000000e5598938) thrown at [/ssd/Android/AOSP-openjdk-git/jdk8u/hotspot/src/share/vm/prims/jni.cpp, line 1613]
Event: 31.078 Thread 0x00007f83e8e2c000 Exception <a 'java/io/IOException'> (0x00000000e0c3e280) thrown at [/ssd/Android/AOSP-openjdk-git/jdk8u/hotspot/src/share/vm/prims/jni.cpp, line 709]
Event: 36.879 Thread 0x00007f83e8e2c000 Exception <a 'java/io/IOException'> (0x00000000e28ae310) thrown at [/ssd/Android/AOSP-openjdk-git/jdk8u/hotspot/src/share/vm/prims/jni.cpp, line 709]

Events (10 events):
Event: 37.372 loading class com/sun/tools/javac/comp/Flow$AssignAnalyzer done
Event: 37.375 loading class com/sun/tools/javac/comp/Flow$BaseAnalyzer$PendingExit
Event: 37.375 loading class com/sun/tools/javac/comp/Flow$BaseAnalyzer$PendingExit done
Event: 37.375 loading class com/sun/tools/javac/comp/Flow$AssignAnalyzer$AssignPendingExit
Event: 37.375 loading class com/sun/tools/javac/comp/Flow$AssignAnalyzer$AssignPendingExit done
Event: 37.376 loading class com/sun/tools/javac/comp/Flow$FlowKind
Event: 37.376 loading class com/sun/tools/javac/comp/Flow$FlowKind done
Event: 37.379 loading class com/sun/tools/javac/util/Bits
Event: 37.379 loading class com/sun/tools/javac/util/Bits done
Event: 37.381 Executing VM operation: CollectForMetadataAllocation


Dynamic libraries:
00400000-00401000 r-xp 00000000 08:01 559367                             /home/student/Android/android-studio/jre/bin/java
00600000-00601000 r--p 00000000 08:01 559367                             /home/student/Android/android-studio/jre/bin/java
00601000-00602000 rw-p 00001000 08:01 559367                             /home/student/Android/android-studio/jre/bin/java
013bc000-013dd000 rw-p 00000000 00:00 0                                  [heap]
a0000000-a3380000 rw-p 00000000 00:00 0 
a3380000-e0000000 ---p 00000000 00:00 0 
e0000000-ea580000 rw-p 00000000 00:00 0 
ebb00000-100000000 ---p 00000000 00:00 0 
100000000-100800000 rw-p 00000000 00:00 0 
100800000-140000000 ---p 00000000 00:00 0 
7f83e0612000-7f83e07c1000 rw-p 00000000 00:00 0 
7f83e07c1000-7f83e0812000 ---p 00000000 00:00 0 
7f83e0812000-7f83e0a12000 rw-p 00000000 00:00 0 
7f83e0a12000-7f83e0a15000 ---p 00000000 00:00 0 
7f83e0a15000-7f83e0b13000 rw-p 00000000 00:00 0 
7f83e0b13000-7f83e0b16000 ---p 00000000 00:00 0 
7f83e0b16000-7f83e0c14000 rw-p 00000000 00:00 0 
7f83e0c14000-7f83e0c17000 ---p 00000000 00:00 0 
7f83e0c17000-7f83e0d15000 rw-p 00000000 00:00 0 
7f83e0d15000-7f83e0d18000 ---p 00000000 00:00 0 
7f83e0d18000-7f83e1016000 rw-p 00000000 00:00 0 
7f83e1016000-7f83e1216000 rw-p 00000000 00:00 0 
7f83e1216000-7f83e1416000 rw-p 00000000 00:00 0 
7f83e1416000-7f83e1616000 rw-p 00000000 00:00 0 
7f83e1616000-7f83e1628000 r--s 00345000 08:01 559442                     /home/student/Android/android-studio/jre/jre/lib/resources.jar
7f83e1628000-7f83e1828000 rw-p 00000000 00:00 0 
7f83e1828000-7f83e1a28000 rw-p 00000000 00:00 0 
7f83e1a28000-7f83e1a2b000 r--s 00015000 08:01 559441                     /home/student/Android/android-studio/jre/jre/lib/jce.jar
7f83e1a2b000-7f83e1c2b000 rw-p 00000000 00:00 0 
7f83e1c2b000-7f83e1c2e000 ---p 00000000 00:00 0 
7f83e1c2e000-7f83e1f2c000 rw-p 00000000 00:00 0 
7f83e1f2c000-7f83e2122000 rw-p 00000000 00:00 0 
7f83e2122000-7f83e212c000 ---p 00000000 00:00 0 
7f83e212c000-7f83e2137000 r--s 00081000 08:01 171217                     /home/student/.gradle/caches/jars-3/fc6e889a0f45cc9752787eb60f920103/trove4j-20160824.jar
7f83e2137000-7f83e21ba000 r--s 00758000 08:01 171215                     /home/student/.gradle/caches/jars-3/b46ab84062ddfd52701cfe0a9718e764/intellij-core-26.0.1.jar
7f83e21ba000-7f83e21c0000 r--s 00033000 08:01 171213                     /home/student/.gradle/caches/jars-3/f96c897d327ea500d64fe3af2833bd50/commons-codec-1.6.jar
7f83e21c0000-7f83e21c2000 r--s 0000d000 08:01 816011                     /home/student/.gradle/caches/jars-3/ccc849edcf9fccd61ed937bf93ffe896/commons-logging-1.1.1.jar
7f83e21c2000-7f83e21c8000 r--s 00032000 08:01 816010                     /home/student/.gradle/caches/jars-3/72e344059d1923829968d0d38b0c3c72/httpcore-4.2.5.jar
7f83e21c8000-7f83e21c9000 r--s 00004000 08:01 816009                     /home/student/.gradle/caches/jars-3/3a4299d1ce3e273e7c03a9ccf5a1e333/annotations-12.0.jar
7f83e21c9000-7f83e21ca000 r--s 00000000 08:01 816008                     /home/student/.gradle/caches/jars-3/0e2fbc3b8c56d2975eca90c524790c13/animal-sniffer-annotations-1.14.jar
7f83e21ca000-7f83e21cc000 r--s 00001000 08:01 816007                     /home/student/.gradle/caches/jars-3/ad41f8f3ac67c0323ce9eb1c20c8dc3f/j2objc-annotations-1.1.jar
7f83e21cc000-7f83e21cd000 r--s 00002000 08:01 816006                     /home/student/.gradle/caches/jars-3/9edb0f46b907c34c4718edabde6c791c/error_prone_annotations-2.0.18.jar
7f83e21cd000-7f83e21d0000 r--s 00006000 08:01 816005                     /home/student/.gradle/caches/jars-3/b58a9bc3bbba42132e4abc0bacae8da1/jsr305-1.3.9.jar
7f83e21d0000-7f83e21d1000 r--s 0000a000 08:01 816004                     /home/student/.gradle/caches/jars-3/5b8b36ed61fe92731031cca3c9b3a0b3/kxml2-2.3.0.jar
7f83e21d1000-7f83e21d3000 r--s 00005000 08:01 816003                     /home/student/.gradle/caches/jars-3/f10e1e1978816198f2eb1189c974b440/httpmime-4.1.jar
7f83e21d3000-7f83e21dd000 r--s 00061000 08:01 816002                     /home/student/.gradle/caches/jars-3/bc4b2527f35dc983f759e8f85f3f8d52/httpclient-4.2.6.jar
7f83e21dd000-7f83e21e6000 r--s 00064000 08:01 816001                     /home/student/.gradle/caches/jars-3/fc37c717528c2a0d27f3e3621835f781/commons-compress-1.12.jar
7f83e21e6000-7f83e21eb000 r--s 0002e000 08:01 816000                     /home/student/.gradle/caches/jars-3/c5bcda7f6f4809e9c92270f99e51f154/gson-2.3.jar
7f83e21eb000-7f83e21fb000 r--s 000d6000 08:01 815999                     /home/student/.gradle/caches/jars-3/dbdb8caed2514263a34702cc763c6785/proguard-base-5.3.3.jar
7f83e21fb000-7f83e21fd000 r--s 00003000 08:01 815998                     /home/student/.gradle/caches/jars-3/01ab8600ebbfdcaf9b89b45c2b992e82/annotations-13.0.jar
7f83e21fd000-7f83e21fe000 r--s 00001000 08:01 815997                     /home/student/.gradle/caches/jars-3/dccac9b7f67766e57200b1770178f61c/annotations-26.0.1.jar
7f83e21fe000-7f83e2201000 r--s 00033000 08:01 815996                     /home/student/.gradle/caches/jars-3/0ce03714647bf7bd3c78634c20ddbf38/juniversalchardet-1.0.3.jar
7f83e2201000-7f83e2205000 r--s 0002a000 08:01 815995                     /home/student/.gradle/caches/jars-3/9849af6d4b0409ba64061601342f385d/commons-io-2.4.jar
7f83e2205000-7f83e221c000 r--s 00154000 08:01 815994                     /home/student/.gradle/caches/jars-3/57adf9abd30c921d4ea1dfdcfe7b9efd/antlr4-4.5.3.jar
7f83e221c000-7f83e221d000 r--s 00003000 08:01 815993                     /home/student/.gradle/caches/jars-3/54a15dd332fd4c2e246ad396835dc0d2/baseLibrary-3.0.1.jar
7f83e221d000-7f83e224d000 r--s 00245000 08:01 815992                     /home/student/.gradle/caches/jars-3/8e27cdebb49ba2f804f9403d90aaaac5/guava-22.0.jar
7f83e224d000-7f83e2255000 r--s 000a8000 08:01 815991                     /home/student/.gradle/caches/jars-3/6cc57ce9ec0d90186f781694264d61bc/lombok-ast-0.2.3.jar
7f83e2255000-7f83e2259000 r--s 0002f000 08:01 815990                     /home/student/.gradle/caches/jars-3/505fcc8c47da308b2f1262f0ff3c65f1/jimfs-1.1.jar
7f83e2259000-7f83e226c000 r--s 00241000 08:01 815989                     /home/student/.gradle/caches/jars-3/d8dc71eb6d91c966c45f7b594129e14a/ecj-4.6.1.jar
7f83e226c000-7f83e226d000 r--s 00003000 08:01 815988                     /home/student/.gradle/caches/jars-3/fdb8f5ebd6a086c4818336712b830716/json-simple-1.1.jar
7f83e226d000-7f83e2392000 r--s 00f5d000 08:01 815987                     /home/student/.gradle/caches/jars-3/dfd566a90e18a0aa75879c33e0731ab8/fastutil-7.2.0.jar
7f83e2392000-7f83e23dd000 r--s 002ff000 08:01 815986                     /home/student/.gradle/caches/jars-3/d3d44e9a7fcb4a86fb40775c385dd3d0/bcprov-jdk15on-1.56.jar
7f83e23dd000-7f83e23ee000 r--s 00097000 08:01 815985                     /home/student/.gradle/caches/jars-3/59ebb77d99c5ca0e24bb23272e0329dd/bcpkix-jdk15on-1.56.jar
7f83e23ee000-7f83e23f0000 r--s 00002000 08:01 815984                     /home/student/.gradle/caches/jars-3/f268e5e8fc83bb846ac355d6a16b1f30/javawriter-2.5.0.jar
7f83e23f0000-7f83e23f5000 r--s 0003b000 08:01 815983                     /home/student/.gradle/caches/jars-3/91bf67441f6ac57ccbb374f99f9ed0fc/apksig-3.0.1.jar
7f83e23f5000-7f83e23f8000 r--s 00024000 08:01 815982                     /home/student/.gradle/caches/jars-3/04183dcd1bde85515b23d1bbd46ea9bc/common-26.0.1.jar
7f83e23f8000-7f83e23fa000 r--s 00006000 08:01 815981                     /home/student/.gradle/caches/jars-3/a0ea702af2bdb16dfa1a50969b155dea/dvlib-26.0.1.jar
7f83e23fa000-7f83e23fd000 r--s 00014000 08:01 722665                     /home/student/.gradle/caches/jars-3/6abb718b4b844aa0386163f0c2f6eb72/layoutlib-api-26.0.1.jar
7f83e23fd000-7f83e2402000 r--s 0004d000 08:01 722663                     /home/student/.gradle/caches/jars-3/65a80584522712b8832b7c1c03186c4b/ddmlib-26.0.1.jar
7f83e2402000-7f83e2403000 r--s 00003000 08:01 722661                     /home/student/.gradle/caches/jars-3/af01854c900e4906a368ef59064a245d/builder-test-api-3.0.1.jar
7f83e2403000-7f83e2406000 r--s 00007000 08:01 722659                     /home/student/.gradle/caches/jars-3/124ec36ab4edce0919b54d1123daa364/builder-model-3.0.1.jar
7f83e2406000-7f83e2415000 r--s 00130000 08:01 815980                     /home/student/.gradle/caches/jars-3/72ba1443c6adcea1f6ba21e12f0bb0fc/protobuf-java-3.0.0.jar
7f83e2415000-7f83e2428000 r--s 001a8000 08:01 815979                     /home/student/.gradle/caches/jars-3/a1cbdfb97e256e71fcbd29dc4584a785/protos-26.0.1.jar
7f83e2428000-7f83e242a000 r--s 00004000 08:01 815977                     /home/student/.gradle/caches/jars-3/07f12c2b6f66ca8d4d6bd02e9c9b060a/tracker-26.0.1.jar
7f83e242a000-7f83e242c000 r--s 00002000 08:01 815976                     /home/student/.gradle/caches/jars-3/e91624d2ed1c3b55eec9fd768ed13c1d/proguard-gradle-5.3.3.jar
7f83e242c000-7f83e242e000 r--s 0000f000 08:01 815975                     /home/student/.gradle/caches/jars-3/96760c32d36a5d7066e3ccf088bfd362/jopt-simple-4.9.jar
7f83e242e000-7f83e2432000 r--s 0001e000 08:01 815974                     /home/student/.gradle/caches/jars-3/0d3e95aba631209a078aeec58a76633d/org.jacoco.core-0.7.4.201502262128.jar
7f83e2432000-7f83e2441000 r--s 000c8000 08:01 815966                     /home/student/.gradle/caches/jars-3/af931fae44e009148423077fa09abbd1/kotlin-stdlib-1.1.3-2.jar
7f83e2441000-7f83e2473000 r--s 0021b000 08:01 815965                     /home/student/.gradle/caches/jars-3/24b2127528a18b338af82ff7ea236d45/kotlin-reflect-1.1.3-2.jar
7f83e2473000-7f83e2476000 ---p 00000000 00:00 0 
7f83e2476000-7f83e2574000 rw-p 00000000 00:00 0 
7f83e2574000-7f83e2577000 ---p 00000000 00:00 0 
7f83e2577000-7f83e2875000 rw-p 00000000 00:00 0 
7f83e2875000-7f83e2a75000 rw-p 00000000 00:00 0 
7f83e2a75000-7f83e2a78000 ---p 00000000 00:00 0 
7f83e2a78000-7f83e2d76000 rw-p 00000000 00:00 0 
7f83e2d76000-7f83e2f76000 rw-p 00000000 00:00 0 
7f83e2f76000-7f83e3176000 rw-p 00000000 00:00 0 
7f83e3176000-7f83e3376000 rw-p 00000000 00:00 0 
7f83e3376000-7f83e3491000 r--s 02008000 08:01 787816                     /home/student/.gradle/caches/jars-3/9955734f77abc673a38c7cd4c0214af5/android.jar
7f83e3491000-7f83e3498000 r--s 0002a000 08:01 171171                     /home/student/.gradle/caches/jars-3/fff47aec37b967e571b648d1fc9c6db6/gradle-messaging-3.5.jar
7f83e3498000-7f83e34da000 r--s 00220000 08:01 815935                     /home/student/.gradle/caches/jars-3/929747bc6b973b44297e9c57df71598d/gradle-core-3.5.jar
7f83e34da000-7f83e34db000 r--s 00005000 08:01 815978                     /home/student/.gradle/caches/jars-3/ca5180624b528b15325a5d002dbfbb6d/shared-26.0.1.jar
7f83e34db000-7f83e34de000 r--s 00020000 08:01 815973                     /home/student/.gradle/caches/jars-3/c72fc284d34f39eab57a4e3ba83405e9/org.jacoco.report-0.7.4.201502262128.jar
7f83e34de000-7f83e34e0000 r--s 0000c000 08:01 815972                     /home/student/.gradle/caches/jars-3/9b0a36633c92c6e87e62c81734593183/asm-5.1.jar
7f83e34e0000-7f83e34e2000 r--s 00006000 08:01 815971                     /home/student/.gradle/caches/jars-3/50c8a7da333c41693b2b7ce95b6d9d89/asm-tree-5.1.jar
7f83e34e2000-7f83e34e3000 r--s 0000a000 08:01 815970                     /home/student/.gradle/caches/jars-3/c4f1f1d5a624f981d35a78d181e2c418/asm-util-5.1.jar
7f83e34e3000-7f83e34e5000 r--s 0000a000 08:01 815969                     /home/student/.gradle/caches/jars-3/d37aa405961c464c627b1efe5def81b8/asm-commons-5.1.jar
7f83e34e5000-7f83e34e6000 r--s 00004000 08:01 815968                     /home/student/.gradle/caches/jars-3/2b2689d10a4425b1cb2d0654db2ea088/asm-analysis-5.1.jar
7f83e34e6000-7f83e34e7000 r--s 00000000 08:01 815967                     /home/student/.gradle/caches/jars-3/5206138fb8a6b2ffbd31e140916c2100/transform-api-2.0.0-deprecated-use-gradle-api.jar
7f83e34e7000-7f83e34ed000 r--s 00030000 08:01 815964                     /home/student/.gradle/caches/jars-3/90ec49f8b88710e2876aefe447609abb/repository-26.0.1.jar
7f83e34ed000-7f83e34f8000 r--s 0009b000 08:01 815963                     /home/student/.gradle/caches/jars-3/af771564c510a1c104220a8be892ab2d/sdklib-26.0.1.jar
7f83e34f8000-7f83e3507000 r--s 000da000 08:01 815962                     /home/student/.gradle/caches/jars-3/50767da85151ce151711c301f4a0623c/sdk-common-26.0.1.jar
7f83e3507000-7f83e350b000 r--s 00023000 08:01 815961                     /home/student/.gradle/caches/jars-3/186e268c3a12c0a405d658dabf9d64d2/manifest-merger-26.0.1.jar
7f83e350b000-7f83e350f000 r--s 0002e000 08:01 815960                     /home/student/.gradle/caches/jars-3/c519ce7b2f3637e909703f541c08c445/compilerCommon-3.0.1.jar
7f83e350f000-7f83e3511000 r--s 00003000 08:01 815959                     /home/student/.gradle/caches/jars-3/34cfdbf6cad3f54cc2f45521bf0374e7/gradle-api-3.0.1.jar
7f83e3511000-7f83e3520000 r--s 000cb000 08:01 815958                     /home/student/.gradle/caches/jars-3/e5c09abb4b0acf0785ecd8a8015ab959/uast-26.0.1.jar
7f83e3520000-7f83e3527000 r--s 0007f000 08:01 815957                     /home/student/.gradle/caches/jars-3/b1f5a73634581e955e7f89376aea2d48/lint-api-26.0.1.jar
7f83e3527000-7f83e3530000 r--s 000ff000 08:01 815956                     /home/student/.gradle/caches/jars-3/75e696a5531ca85e1fe447df83f74bd2/lint-checks-26.0.1.jar
7f83e3530000-7f83e3560000 r--s 01983000 08:01 815954                     /home/student/.gradle/caches/jars-3/add7f1627b730db059119a8274a10c21/builder-3.0.1.jar
7f83e3560000-7f83e3583000 r--s 0020b000 08:01 815953                     /home/student/.gradle/caches/jars-3/4adae2b762c8552c6e3aa2ded1493e4b/gradle-core-3.0.1.jar
7f83e3583000-7f83e3783000 rw-p 00000000 00:00 0 
7f83e3783000-7f83e37fc000 r--s 010fd000 08:01 559417                     /home/student/Android/android-studio/jre/lib/tools.jar
7f83e37fc000-7f83e37ff000 ---p 00000000 00:00 0 
7f83e37ff000-7f83e3afd000 rw-p 00000000 00:00 0 
7f83e3afd000-7f83e3b00000 ---p 00000000 00:00 0 
7f83e3b00000-7f83e3bfe000 rw-p 00000000 00:00 0 
7f83e3bfe000-7f83e3c01000 ---p 00000000 00:00 0 
7f83e3c01000-7f83e3eff000 rw-p 00000000 00:00 0 
7f83e3eff000-7f83e3f02000 ---p 00000000 00:00 0 
7f83e3f02000-7f83e4000000 rw-p 00000000 00:00 0 
7f83e4000000-7f83e4286000 rw-p 00000000 00:00 0 
7f83e4286000-7f83e8000000 ---p 00000000 00:00 0 
7f83e8000000-7f83e93b8000 rw-p 00000000 00:00 0 
7f83e93b8000-7f83ec000000 ---p 00000000 00:00 0 
7f83ec000000-7f83ec076000 rw-p 00000000 00:00 0 
7f83ec076000-7f83f0000000 ---p 00000000 00:00 0 
7f83f0000000-7f83f0021000 rw-p 00000000 00:00 0 
7f83f0021000-7f83f4000000 ---p 00000000 00:00 0 
7f83f4000000-7f83f4021000 rw-p 00000000 00:00 0 
7f83f4021000-7f83f8000000 ---p 00000000 00:00 0 
7f83f8000000-7f83f8021000 rw-p 00000000 00:00 0 
7f83f8021000-7f83fc000000 ---p 00000000 00:00 0 
7f83fc000000-7f83fdd31000 rw-p 00000000 00:00 0 
7f83fdd31000-7f8400000000 ---p 00000000 00:00 0 
7f8400000000-7f8400a36000 rw-p 00000000 00:00 0 
7f8400a36000-7f8404000000 ---p 00000000 00:00 0 
7f8404000000-7f8404021000 rw-p 00000000 00:00 0 
7f8404021000-7f8408000000 ---p 00000000 00:00 0 
7f8408000000-7f8408041000 rw-p 00000000 00:00 0 
7f8408041000-7f840c000000 ---p 00000000 00:00 0 
7f840c000000-7f840c284000 rw-p 00000000 00:00 0 
7f840c284000-7f8410000000 ---p 00000000 00:00 0 
7f8410000000-7f8410021000 rw-p 00000000 00:00 0 
7f8410021000-7f8414000000 ---p 00000000 00:00 0 
7f8414000000-7f8414075000 rw-p 00000000 00:00 0 
7f8414075000-7f8418000000 ---p 00000000 00:00 0 
7f8418000000-7f8418003000 r--s 00039000 08:01 815955                     /home/student/.gradle/caches/jars-3/7fa6c4fcdd1d81db4cc9c7439ce29486/lint-26.0.1.jar
7f8418003000-7f8418005000 r--s 0000f000 08:01 815952                     /home/student/.gradle/caches/jars-3/afd86a0d8507fd7f2e97461eaf9e4416/gradle-3.0.1.jar
7f8418005000-7f841800a000 r--s 00041000 08:01 171169                     /home/student/.gradle/caches/jars-3/c0502f5c2cf6dfd52d250e1b7d027d24/commons-lang-2.6.jar
7f841800a000-7f8418013000 r--s 00047000 08:01 815933                     /home/student/.gradle/caches/jars-3/11d06a5dce89fe5632250b7df00a3d57/gradle-base-services-3.5.jar
7f8418013000-7f841803b000 r--s 001cf000 08:01 815931                     /home/student/.gradle/caches/jars-3/566e7e0f530f75a42eba4833ef84d88c/guava-jdk5-17.0.jar
7f841803b000-7f8418049000 r--s 00043000 08:01 815929                     /home/student/.gradle/caches/jars-3/c0d1da18a547ef3a2ba66d3068ae6e09/gradle-tooling-api-3.5.jar
7f8418049000-7f841804c000 ---p 00000000 00:00 0 
7f841804c000-7f841814a000 rw-p 00000000 00:00 0 
7f841814a000-7f841814d000 ---p 00000000 00:00 0 
7f841814d000-7f841824b000 rw-p 00000000 00:00 0 
7f841824b000-7f841824e000 ---p 00000000 00:00 0 
7f841824e000-7f841834c000 rw-p 00000000 00:00 0 
7f841834c000-7f841834f000 ---p 00000000 00:00 0 
7f841834f000-7f841844d000 rw-p 00000000 00:00 0 
7f841844d000-7f8418450000 ---p 00000000 00:00 0 
7f8418450000-7f841854e000 rw-p 00000000 00:00 0 
7f841854e000-7f8418551000 ---p 00000000 00:00 0 
7f8418551000-7f841864f000 rw-p 00000000 00:00 0 
7f841864f000-7f8418656000 r--s 00000000 08:01 413718                     /usr/lib/x86_64-linux-gnu/gconv/gconv-modules.cache
7f8418656000-7f8418659000 ---p 00000000 00:00 0 
7f8418659000-7f8418757000 rw-p 00000000 00:00 0 
7f8418757000-7f841875c000 r--s 0009a000 08:01 559507                     /home/student/Android/android-studio/jre/jre/lib/jsse.jar
7f841875c000-7f841895c000 rw-p 00000000 00:00 0 
7f841895c000-7f8418965000 r-xp 00000000 08:01 559487                     /home/student/Android/android-studio/jre/jre/lib/amd64/libmanagement.so
7f8418965000-7f8418b64000 ---p 00009000 08:01 559487                     /home/student/Android/android-studio/jre/jre/lib/amd64/libmanagement.so
7f8418b64000-7f8418b65000 r--p 00008000 08:01 559487                     /home/student/Android/android-studio/jre/jre/lib/amd64/libmanagement.so
7f8418b65000-7f8418b66000 rw-p 00009000 08:01 559487                     /home/student/Android/android-studio/jre/jre/lib/amd64/libmanagement.so
7f8418b66000-7f8418b68000 r--s 00007000 08:01 422909                     /home/student/.gradle/wrapper/dists/gradle-4.1-all/bzyivzo6n839fup2jbap0tjew/gradle-4.1/lib/plugins/gradle-tooling-api-builders-4.1.jar
7f8418b68000-7f8418b6b000 r--s 00009000 08:01 422919                     /home/student/.gradle/wrapper/dists/gradle-4.1-all/bzyivzo6n839fup2jbap0tjew/gradle-4.1/lib/plugins/gradle-testing-native-4.1.jar
7f8418b6b000-7f8418b6d000 r--s 00009000 08:01 422992                     /home/student/.gradle/wrapper/dists/gradle-4.1-all/bzyivzo6n839fup2jbap0tjew/gradle-4.1/lib/plugins/hamcrest-core-1.3.jar
7f8418b6d000-7f8418b72000 r--s 00040000 08:01 422987                     /home/student/.gradle/wrapper/dists/gradle-4.1-all/bzyivzo6n839fup2jbap0tjew/gradle-4.1/lib/plugins/bsh-2.0b4.jar
7f8418b72000-7f8418b74000 r--s 00006000 08:01 422988                     /home/student/.gradle/wrapper/dists/gradle-4.1-all/bzyivzo6n839fup2jbap0tjew/gradle-4.1/lib/plugins/jcommander-1.12.jar
7f8418b74000-7f8418b7a000 r--s 00033000 08:01 422989                     /home/student/.gradle/wrapper/dists/gradle-4.1-all/bzyivzo6n839fup2jbap0tjew/gradle-4.1/lib/plugins/snakeyaml-1.6.jar
7f8418b7a000-7f8418b83000 r--s 00089000 08:01 422947                     /home/student/.gradle/wrapper/dists/gradle-4.1-all/bzyivzo6n839fup2jbap0tjew/gradle-4.1/lib/plugins/testng-6.3.1.jar
7f8418b83000-7f8418b8b000 r--s 00045000 08:01 422948                     /home/student/.gradle/wrapper/dists/gradle-4.1-all/bzyivzo6n839fup2jbap0tjew/gradle-4.1/lib/plugins/junit-4.12.jar
7f8418b8b000-7f8418b91000 r--s 0002e000 08:01 422915                     /home/student/.gradle/wrapper/dists/gradle-4.1-all/bzyivzo6n839fup2jbap0tjew/gradle-4.1/lib/plugins/gradle-testing-jvm-4.1.jar
7f8418b91000-7f8418b95000 r--s 00017000 08:01 422923                     /home/student/.gradle/wrapper/dists/gradle-4.1-all/bzyivzo6n839fup2jbap0tjew/gradle-4.1/lib/plugins/gradle-testing-base-4.1.jar
7f8418b95000-7f8418b9c000 r--s 00038000 08:01 422943                     /home/student/.gradle/wrapper/dists/gradle-4.1-all/bzyivzo6n839fup2jbap0tjew/gradle-4.1/lib/plugins/bcpg-jdk15on-1.51.jar
7f8418b9c000-7f8418b9e000 r--s 0000c000 08:01 422894                     /home/student/.gradle/wrapper/dists/gradle-4.1-all/bzyivzo6n839fup2jbap0tjew/gradle-4.1/lib/plugins/gradle-signing-4.1.jar
7f8418b9e000-7f8418ba0000 r--s 00007000 08:01 422900                     /home/student/.gradle/wrapper/dists/gradle-4.1-all/bzyivzo6n839fup2jbap0tjew/gradle-4.1/lib/plugins/gradle-scala-4.1.jar
7f8418ba0000-7f8418ba1000 r--s 00004000 08:01 422931                     /home/student/.gradle/wrapper/dists/gradle-4.1-all/bzyivzo6n839fup2jbap0tjew/gradle-4.1/lib/plugins/gradle-resources-sftp-4.1.jar
7f8418ba1000-7f8418bb1000 r--s 00088000 08:01 422960                     /home/student/.gradle/wrapper/dists/gradle-4.1-all/bzyivzo6n839fup2jbap0tjew/gradle-4.1/lib/plugins/joda-time-2.8.2.jar
7f8418bb1000-7f8418bc2000 r--s 0010d000 08:01 422959                     /home/student/.gradle/wrapper/dists/gradle-4.1-all/bzyivzo6n839fup2jbap0tjew/gradle-4.1/lib/plugins/jackson-databind-2.6.6.jar
7f8418bc2000-7f8418bc5000 r--s 00009000 08:01 422958                     /home/student/.gradle/wrapper/dists/gradle-4.1-all/bzyivzo6n839fup2jbap0tjew/gradle-4.1/lib/plugins/jackson-annotations-2.6.6.jar
7f8418bc5000-7f8418bc9000 r--s 0003c000 08:01 422957                     /home/student/.gradle/wrapper/dists/gradle-4.1-all/bzyivzo6n839fup2jbap0tjew/gradle-4.1/lib/plugins/jackson-core-2.6.6.jar
7f8418bc9000-7f8418bd7000 r--s 00087000 08:01 422956                     /home/student/.gradle/wrapper/dists/gradle-4.1-all/bzyivzo6n839fup2jbap0tjew/gradle-4.1/lib/plugins/aws-java-sdk-core-1.11.6.jar
7f8418bd7000-7f8418bde000 r--s 00057000 08:01 422955                     /home/student/.gradle/wrapper/dists/gradle-4.1-all/bzyivzo6n839fup2jbap0tjew/gradle-4.1/lib/plugins/aws-java-sdk-kms-1.11.6.jar
7f8418bde000-7f8418beb000 r--s 0008e000 08:01 422954                     /home/student/.gradle/wrapper/dists/gradle-4.1-all/bzyivzo6n839fup2jbap0tjew/gradle-4.1/lib/plugins/aws-java-sdk-s3-1.11.6.jar
7f8418beb000-7f8418bed000 r--s 00004000 08:01 422928                     /home/student/.gradle/wrapper/dists/gradle-4.1-all/bzyivzo6n839fup2jbap0tjew/gradle-4.1/lib/plugins/gradle-resources-s3-4.1.jar
7f8418bed000-7f8418bef000 r--s 00010000 08:01 422924                     /home/student/.gradle/wrapper/dists/gradle-4.1-all/bzyivzo6n839fup2jbap0tjew/gradle-4.1/lib/plugins/gradle-reporting-4.1.jar
7f8418bef000-7f8418bf1000 r--s 00002000 08:01 422925                     /home/student/.gradle/wrapper/dists/gradle-4.1-all/bzyivzo6n839fup2jbap0tjew/gradle-4.1/lib/plugins/gradle-publish-4.1.jar
7f8418bf1000-7f8418bf3000 r--s 00009000 08:01 422936                     /home/student/.gradle/wrapper/dists/gradle-4.1-all/bzyivzo6n839fup2jbap0tjew/gradle-4.1/lib/plugins/commons-cli-1.2.jar
7f8418bf3000-7f8418bf9000 r--s 00036000 08:01 422908                     /home/student/.gradle/wrapper/dists/gradle-4.1-all/bzyivzo6n839fup2jbap0tjew/gradle-4.1/lib/plugins/gradle-plugins-4.1.jar
7f8418bf9000-7f8418bfb000 r--s 00009000 08:01 422895                     /home/student/.gradle/wrapper/dists/gradle-4.1-all/bzyivzo6n839fup2jbap0tjew/gradle-4.1/lib/plugins/gradle-plugin-development-4.1.jar
7f8418bfb000-7f8418c01000 r--s 0002b000 08:01 422903                     /home/student/.gradle/wrapper/dists/gradle-4.1-all/bzyivzo6n839fup2jbap0tjew/gradle-4.1/lib/plugins/gradle-platform-play-4.1.jar
7f8418c01000-7f8418c10000 r--s 0005b000 08:01 422921                     /home/student/.gradle/wrapper/dists/gradle-4.1-all/bzyivzo6n839fup2jbap0tjew/gradle-4.1/lib/plugins/gradle-platform-native-4.1.jar
7f8418c10000-7f8418c14000 r--s 0001b000 08:01 422918                     /home/student/.gradle/wrapper/dists/gradle-4.1-all/bzyivzo6n839fup2jbap0tjew/gradle-4.1/lib/plugins/gradle-platform-jvm-4.1.jar
7f8418c14000-7f8418c1c000 r--s 00027000 08:01 422926                     /home/student/.gradle/wrapper/dists/gradle-4.1-all/bzyivzo6n839fup2jbap0tjew/gradle-4.1/lib/plugins/gradle-platform-base-4.1.jar
7f8418c1c000-7f8418c44000 r--s 0021c000 08:01 422937                     /home/student/.gradle/wrapper/dists/gradle-4.1-all/bzyivzo6n839fup2jbap0tjew/gradle-4.1/lib/plugins/biz.aQute.bndlib-3.2.0.jar
7f8418c44000-7f8418c45000 r--s 00004000 08:01 422893                     /home/student/.gradle/wrapper/dists/gradle-4.1-all/bzyivzo6n839fup2jbap0tjew/gradle-4.1/lib/plugins/gradle-osgi-4.1.jar
7f8418c45000-7f8418c48000 r--s 0000c000 08:01 422940                     /home/student/.gradle/wrapper/dists/gradle-4.1-all/bzyivzo6n839fup2jbap0tjew/gradle-4.1/lib/plugins/pmaven-groovy-0.8-20100325.jar
7f8418c48000-7f8418c49000 r--s 00004000 08:01 422939                     /home/student/.gradle/wrapper/dists/gradle-4.1-all/bzyivzo6n839fup2jbap0tjew/gradle-4.1/lib/plugins/pmaven-common-0.8-20100325.jar
7f8418c49000-7f8418c4f000 r--s 00023000 08:01 422896                     /home/student/.gradle/wrapper/dists/gradle-4.1-all/bzyivzo6n839fup2jbap0tjew/gradle-4.1/lib/plugins/gradle-maven-4.1.jar
7f8418c4f000-7f8418c52000 r--s 0000b000 08:01 422914                     /home/student/.gradle/wrapper/dists/gradle-4.1-all/bzyivzo6n839fup2jbap0tjew/gradle-4.1/lib/plugins/gradle-language-scala-4.1.jar
7f8418c52000-7f8418c59000 r--s 00020000 08:01 422920                     /home/student/.gradle/wrapper/dists/gradle-4.1-all/bzyivzo6n839fup2jbap0tjew/gradle-4.1/lib/plugins/gradle-language-native-4.1.jar
7f8418c59000-7f8418c60000 r--s 0002f000 08:01 422916                     /home/student/.gradle/wrapper/dists/gradle-4.1-all/bzyivzo6n839fup2jbap0tjew/gradle-4.1/lib/plugins/gradle-language-java-4.1.jar
7f8418c60000-7f8418c63000 r--s 0000a000 08:01 422913                     /home/student/.gradle/wrapper/dists/gradle-4.1-all/bzyivzo6n839fup2jbap0tjew/gradle-4.1/lib/plugins/gradle-language-groovy-4.1.jar
7f8418c63000-7f8418c6a000 r--s 00035000 08:01 422946                     /home/student/.gradle/wrapper/dists/gradle-4.1-all/bzyivzo6n839fup2jbap0tjew/gradle-4.1/lib/plugins/simple-4.1.21.jar
7f8418c6a000-7f8418c76000 r--s 00100000 08:01 422944                     /home/student/.gradle/wrapper/dists/gradle-4.1-all/bzyivzo6n839fup2jbap0tjew/gradle-4.1/lib/plugins/rhino-1.7R3.jar
7f8418c76000-7f8418c7a000 r--s 00012000 08:01 422904                     /home/student/.gradle/wrapper/dists/gradle-4.1-all/bzyivzo6n839fup2jbap0tjew/gradle-4.1/lib/plugins/gradle-javascript-4.1.jar
7f8418c7a000-7f8418c7d000 r--s 00011000 08:01 422906                     /home/student/.gradle/wrapper/dists/gradle-4.1-all/bzyivzo6n839fup2jbap0tjew/gradle-4.1/lib/plugins/gradle-jacoco-4.1.jar
7f8418c7d000-7f8418def000 r-xp 00000000 08:01 423                        /usr/lib/x86_64-linux-gnu/libstdc++.so.6.0.21
7f8418def000-7f8418fef000 ---p 00172000 08:01 423                        /usr/lib/x86_64-linux-gnu/libstdc++.so.6.0.21
7f8418fef000-7f8418ff9000 r--p 00172000 08:01 423                        /usr/lib/x86_64-linux-gnu/libstdc++.so.6.0.21
7f8418ff9000-7f8418ffb000 rw-p 0017c000 08:01 423                        /usr/lib/x86_64-linux-gnu/libstdc++.so.6.0.21
7f8418ffb000-7f841c000000 rw-p 00000000 00:00 0 
7f841c000000-7f841c37f000 rw-p 00000000 00:00 0 
7f841c37f000-7f8420000000 ---p 00000000 00:00 0 
7f8420000000-7f8420002000 r--s 00005000 08:01 422917                     /home/student/.gradle/wrapper/dists/gradle-4.1-all/bzyivzo6n839fup2jbap0tjew/gradle-4.1/lib/plugins/gradle-language-jvm-4.1.jar
7f8420002000-7f8420005000 r--s 0000e000 08:01 422905                     /home/student/.gradle/wrapper/dists/gradle-4.1-all/bzyivzo6n839fup2jbap0tjew/gradle-4.1/lib/plugins/gradle-ivy-4.1.jar
7f8420005000-7f8420006000 r--s 00002000 08:01 422897                     /home/student/.gradle/wrapper/dists/gradle-4.1-all/bzyivzo6n839fup2jbap0tjew/gradle-4.1/lib/plugins/gradle-ide-play-4.1.jar
7f8420006000-7f8420009000 r--s 00013000 08:01 422898                     /home/student/.gradle/wrapper/dists/gradle-4.1-all/bzyivzo6n839fup2jbap0tjew/gradle-4.1/lib/plugins/gradle-ide-native-4.1.jar
7f8420009000-7f8420013000 r--s 00054000 08:01 422899                     /home/student/.gradle/wrapper/dists/gradle-4.1-all/bzyivzo6n839fup2jbap0tjew/gradle-4.1/lib/plugins/gradle-ide-4.1.jar
7f8420013000-7f8420015000 r--s 00007000 08:01 422902                     /home/student/.gradle/wrapper/dists/gradle-4.1-all/bzyivzo6n839fup2jbap0tjew/gradle-4.1/lib/plugins/gradle-ear-4.1.jar
7f8420015000-7f8420017000 r--s 00005000 08:01 422934                     /home/student/.gradle/wrapper/dists/gradle-4.1-all/bzyivzo6n839fup2jbap0tjew/gradle-4.1/lib/plugins/jatl-0.2.2.jar
7f8420017000-7f842001e000 r--s 00038000 08:01 422922                     /home/student/.gradle/wrapper/dists/gradle-4.1-all/bzyivzo6n839fup2jbap0tjew/gradle-4.1/lib/plugins/gradle-diagnostics-4.1.jar
7f842001e000-7f8420020000 r--s 0000b000 08:01 422911                     /home/student/.gradle/wrapper/dists/gradle-4.1-all/bzyivzo6n839fup2jbap0tjew/gradle-4.1/lib/plugins/gradle-composite-builds-4.1.jar
7f8420020000-7f8420025000 r--s 00025000 08:01 422891                     /home/student/.gradle/wrapper/dists/gradle-4.1-all/bzyivzo6n839fup2jbap0tjew/gradle-4.1/lib/plugins/gradle-code-quality-4.1.jar
7f8420025000-7f842002a000 r--s 00022000 08:01 422907                     /home/student/.gradle/wrapper/dists/gradle-4.1-all/bzyivzo6n839fup2jbap0tjew/gradle-4.1/lib/plugins/gradle-build-init-4.1.jar
7f842002a000-7f8420030000 r--s 0008e000 08:01 422901                     /home/student/.gradle/wrapper/dists/gradle-4.1-all/bzyivzo6n839fup2jbap0tjew/gradle-4.1/lib/plugins/gradle-build-comparison-4.1.jar
7f8420030000-7f8420031000 r--s 00002000 08:01 422929                     /home/student/.gradle/wrapper/dists/gradle-4.1-all/bzyivzo6n839fup2jbap0tjew/gradle-4.1/lib/plugins/gradle-build-cache-http-4.1.jar
7f8420031000-7f8420033000 r--s 00008000 08:01 422892                     /home/student/.gradle/wrapper/dists/gradle-4.1-all/bzyivzo6n839fup2jbap0tjew/gradle-4.1/lib/plugins/gradle-antlr-4.1.jar
7f8420033000-7f8420035000 r--s 00004000 08:01 422912                     /home/student/.gradle/wrapper/dists/gradle-4.1-all/bzyivzo6n839fup2jbap0tjew/gradle-4.1/lib/plugins/gradle-announce-4.1.jar
7f8420035000-7f8420037000 r--s 00008000 08:01 422833                     /home/student/.gradle/wrapper/dists/gradle-4.1-all/bzyivzo6n839fup2jbap0tjew/gradle-4.1/lib/gradle-kotlin-dsl-tooling-builders-0.10.3.jar
7f8420037000-7f842003a000 r--s 0001c000 08:01 422950                     /home/student/.gradle/wrapper/dists/gradle-4.1-all/bzyivzo6n839fup2jbap0tjew/gradle-4.1/lib/plugins/nekohtml-1.9.14.jar
7f842003a000-7f8420042000 r--s 00028000 08:01 422991                     /home/student/.gradle/wrapper/dists/gradle-4.1-all/bzyivzo6n839fup2jbap0tjew/gradle-4.1/lib/plugins/xml-apis-1.3.04.jar
7f8420042000-7f842005a000 r--s 00115000 08:01 422951                     /home/student/.gradle/wrapper/dists/gradle-4.1-all/bzyivzo6n839fup2jbap0tjew/gradle-4.1/lib/plugins/xercesImpl-2.9.1.jar
7f842005a000-7f8420060000 r--s 0005b000 08:01 422949                     /home/student/.gradle/wrapper/dists/gradle-4.1-all/bzyivzo6n839fup2jbap0tjew/gradle-4.1/lib/plugins/jcifs-1.3.17.jar
7f8420060000-7f8420067000 r--s 00049000 08:01 422990                     /home/student/.gradle/wrapper/dists/gradle-4.1-all/bzyivzo6n839fup2jbap0tjew/gradle-4.1/lib/plugins/httpcore-4.4.4.jar
7f8420067000-7f842006d000 r--s 00033000 08:01 422942                     /home/student/.gradle/wrapper/dists/gradle-4.1-all/bzyivzo6n839fup2jbap0tjew/gradle-4.1/lib/plugins/commons-codec-1.6.jar
7f842006d000-7f842007a000 r--s 000a4000 08:01 422935                     /home/student/.gradle/wrapper/dists/gradle-4.1-all/bzyivzo6n839fup2jbap0tjew/gradle-4.1/lib/plugins/httpclient-4.4.1.jar
7f842007a000-7f842007c000 r--s 0000b000 08:01 422930                     /home/student/.gradle/wrapper/dists/gradle-4.1-all/bzyivzo6n839fup2jbap0tjew/gradle-4.1/lib/plugins/gradle-resources-http-4.1.jar
7f842007c000-7f8420080000 r--s 00017000 08:01 422927                     /home/student/.gradle/wrapper/dists/gradle-4.1-all/bzyivzo6n839fup2jbap0tjew/gradle-4.1/lib/plugins/gradle-plugin-use-4.1.jar
7f8420080000-7f8420081000 r--s 00000000 08:01 422839                     /home/student/.gradle/wrapper/dists/gradle-4.1-all/bzyivzo6n839fup2jbap0tjew/gradle-4.1/lib/gradle-runtime-api-info-4.1.jar
7f8420081000-7f8420082000 r--s 00000000 08:01 422842                     /home/student/.gradle/wrapper/dists/gradle-4.1-all/bzyivzo6n839fup2jbap0tjew/gradle-4.1/lib/gradle-installation-beacon-4.1.jar
7f8420082000-7f84200c2000 r--s 00277000 08:01 422962                     /home/student/.gradle/wrapper/dists/gradle-4.1-all/bzyivzo6n839fup2jbap0tjew/gradle-4.1/lib/plugins/bcprov-jdk15on-1.51.jar
7f84200c2000-7f84200c6000 r--s 0001d000 08:01 422961                     /home/student/.gradle/wrapper/dists/gradle-4.1-all/bzyivzo6n839fup2jbap0tjew/gradle-4.1/lib/plugins/xbean-reflect-3.4.jar
7f84200c6000-7f84200c8000 r--s 0000a000 08:01 422963                     /home/student/.gradle/wrapper/dists/gradle-4.1-all/bzyivzo6n839fup2jbap0tjew/gradle-4.1/lib/plugins/maven-settings-3.0.4.jar
7f84200c8000-7f84200cb000 r--s 00008000 08:01 422964                     /home/student/.gradle/wrapper/dists/gradle-4.1-all/bzyivzo6n839fup2jbap0tjew/gradle-4.1/lib/plugins/maven-settings-builder-3.0.4.jar
7f84200cb000-7f84200cf000 r--s 00033000 08:01 422965                     /home/student/.gradle/wrapper/dists/gradle-4.1-all/bzyivzo6n839fup2jbap0tjew/gradle-4.1/lib/plugins/plexus-utils-2.0.6.jar
7f84200cf000-7f84200d1000 r--s 0000d000 08:01 422966                     /home/student/.gradle/wrapper/dists/gradle-4.1-all/bzyivzo6n839fup2jbap0tjew/gradle-4.1/lib/plugins/plexus-interpolation-1.14.jar
7f84200d1000-7f84200d3000 r--s 00000000 08:01 422941                     /home/student/.gradle/wrapper/dists/gradle-4.1-all/bzyivzo6n839fup2jbap0tjew/gradle-4.1/lib/plugins/plexus-component-annotations-1.5.5.jar
7f84200d3000-7f84200da000 r--s 0002e000 08:01 422967                     /home/student/.gradle/wrapper/dists/gradle-4.1-all/bzyivzo6n839fup2jbap0tjew/gradle-4.1/lib/plugins/plexus-container-default-1.5.5.jar
7f84200da000-7f84200dc000 r--s 0000a000 08:01 422968                     /home/student/.gradle/wrapper/dists/gradle-4.1-all/bzyivzo6n839fup2jbap0tjew/gradle-4.1/lib/plugins/plexus-classworlds-2.4.jar
7f84200dc000-7f84200de000 r--s 00002000 08:01 422969                     /home/student/.gradle/wrapper/dists/gradle-4.1-all/bzyivzo6n839fup2jbap0tjew/gradle-4.1/lib/plugins/plexus-cipher-1.7.jar
7f84200de000-7f84200df000 r--s 00006000 08:01 422970                     /home/student/.gradle/wrapper/dists/gradle-4.1-all/bzyivzo6n839fup2jbap0tjew/gradle-4.1/lib/plugins/plexus-sec-dispatcher-1.3.jar
7f84200df000-7f84200e5000 r--s 0003f000 08:01 422971                     /home/student/.gradle/wrapper/dists/gradle-4.1-all/bzyivzo6n839fup2jbap0tjew/gradle-4.1/lib/plugins/maven-compat-3.0.4.jar
7f84200e5000-7f84200e9000 r--s 00021000 08:01 422972                     /home/student/.gradle/wrapper/dists/gradle-4.1-all/bzyivzo6n839fup2jbap0tjew/gradle-4.1/lib/plugins/maven-model-builder-3.0.4.jar
7f84200e9000-7f84200eb000 r--s 00026000 08:01 422973                     /home/student/.gradle/wrapper/dists/gradle-4.1-all/bzyivzo6n839fup2jbap0tjew/gradle-4.1/lib/plugins/maven-model-3.0.4.jar
7f84200eb000-7f84200ed000 r--s 0000b000 08:01 422974                     /home/student/.gradle/wrapper/dists/gradle-4.1-all/bzyivzo6n839fup2jbap0tjew/gradle-4.1/lib/plugins/maven-artifact-3.0.4.jar
7f84200ed000-7f84200ef000 r--s 00006000 08:01 422975                     /home/student/.gradle/wrapper/dists/gradle-4.1-all/bzyivzo6n839fup2jbap0tjew/gradle-4.1/lib/plugins/maven-repository-metadata-3.0.4.jar
7f84200ef000-7f84200f1000 r--s 0000b000 08:01 422976                     /home/student/.gradle/wrapper/dists/gradle-4.1-all/bzyivzo6n839fup2jbap0tjew/gradle-4.1/lib/plugins/maven-plugin-api-3.0.4.jar
7f84200f1000-7f84200f3000 r--s 0000c000 08:01 422977                     /home/student/.gradle/wrapper/dists/gradle-4.1-all/bzyivzo6n839fup2jbap0tjew/gradle-4.1/lib/plugins/maven-aether-provider-3.0.4.jar
7f84200f3000-7f84200f4000 r--s 00002000 08:01 422978                     /home/student/.gradle/wrapper/dists/gradle-4.1-all/bzyivzo6n839fup2jbap0tjew/gradle-4.1/lib/plugins/wagon-file-2.4.jar
7f84200f4000-7f84200f5000 r--s 00002000 08:01 422979                     /home/student/.gradle/wrapper/dists/gradle-4.1-all/bzyivzo6n839fup2jbap0tjew/gradle-4.1/lib/plugins/wagon-http-2.4.jar
7f84200f5000-7f84200f7000 r--s 0000b000 08:01 422980                     /home/student/.gradle/wrapper/dists/gradle-4.1-all/bzyivzo6n839fup2jbap0tjew/gradle-4.1/lib/plugins/wagon-provider-api-2.4.jar
7f84200f7000-7f84200fa000 r--s 00013000 08:01 422982                     /home/student/.gradle/wrapper/dists/gradle-4.1-all/bzyivzo6n839fup2jbap0tjew/gradle-4.1/lib/plugins/aether-api-1.13.1.jar
7f84200fa000-7f84200fd000 r--s 0001d000 08:01 422983                     /home/student/.gradle/wrapper/dists/gradle-4.1-all/bzyivzo6n839fup2jbap0tjew/gradle-4.1/lib/plugins/aether-impl-1.13.1.jar
7f84200fd000-7f8420101000 r--s 0001c000 08:01 422985                     /home/student/.gradle/wrapper/dists/gradle-4.1-all/bzyivzo6n839fup2jbap0tjew/gradle-4.1/lib/plugins/aether-util-1.13.1.jar
7f8420101000-7f842010d000 r--s 0007d000 08:01 422938                     /home/student/.gradle/wrapper/dists/gradle-4.1-all/bzyivzo6n839fup2jbap0tjew/gradle-4.1/lib/plugins/maven-core-3.0.4.jar
7f842010d000-7f8420112000 r--s 00034000 08:01 422945                     /home/student/.gradle/wrapper/dists/gradle-4.1-all/bzyivzo6n839fup2jbap0tjew/gradle-4.1/lib/plugins/gson-2.7.jar
7f8420112000-7f8420117000 r--s 00040000 08:01 422953                     /home/student/.gradle/wrapper/dists/gradle-4.1-all/bzyivzo6n839fup2jbap0tjew/gradle-4.1/lib/plugins/jsch-0.1.54.jar
7f8420117000-7f842013b000 r--s 0011a000 08:01 422933                     /home/student/.gradle/wrapper/dists/gradle-4.1-all/bzyivzo6n839fup2jbap0tjew/gradle-4.1/lib/plugins/gradle-dependency-management-4.1.jar
7f842013b000-7f8420151000 r-xp 00000000 08:01 137163                     /lib/x86_64-linux-gnu/libgcc_s.so.1
7f8420151000-7f8420350000 ---p 00016000 08:01 137163                     /lib/x86_64-linux-gnu/libgcc_s.so.1
7f8420350000-7f8420351000 rw-p 00015000 08:01 137163                     /lib/x86_64-linux-gnu/libgcc_s.so.1
7f8420351000-7f8420352000 r--s 00007000 08:01 422981                     /home/student/.gradle/wrapper/dists/gradle-4.1-all/bzyivzo6n839fup2jbap0tjew/gradle-4.1/lib/plugins/wagon-http-shared4-2.4.jar
7f8420352000-7f8420353000 r--s 00003000 08:01 422984                     /home/student/.gradle/wrapper/dists/gradle-4.1-all/bzyivzo6n839fup2jbap0tjew/gradle-4.1/lib/plugins/aether-spi-1.13.1.jar
7f8420353000-7f8420355000 r--s 00006000 08:01 422986                     /home/student/.gradle/wrapper/dists/gradle-4.1-all/bzyivzo6n839fup2jbap0tjew/gradle-4.1/lib/plugins/aether-connector-wagon-1.13.1.jar
7f8420355000-7f8420364000 r--s 000d9000 08:01 422952                     /home/student/.gradle/wrapper/dists/gradle-4.1-all/bzyivzo6n839fup2jbap0tjew/gradle-4.1/lib/plugins/ivy-2.2.0.jar
7f8420364000-7f8420367000 r--s 0000d000 08:01 422932                     /home/student/.gradle/wrapper/dists/gradle-4.1-all/bzyivzo6n839fup2jbap0tjew/gradle-4.1/lib/plugins/gradle-workers-4.1.jar
7f8420367000-7f842036c000 r-xp 00000000 08:01 568108                     /home/student/.gradle/native/25/linux-amd64/libnative-platform.so
7f842036c000-7f842056b000 ---p 00005000 08:01 568108                     /home/student/.gradle/native/25/linux-amd64/libnative-platform.so
7f842056b000-7f842056c000 rw-p 00004000 08:01 568108                     /home/student/.gradle/native/25/linux-amd64/libnative-platform.so
7f842056c000-7f842057d000 r-xp 00000000 08:01 559479                     /home/student/Android/android-studio/jre/jre/lib/amd64/libnio.so
7f842057d000-7f842077c000 ---p 00011000 08:01 559479                     /home/student/Android/android-studio/jre/jre/lib/amd64/libnio.so
7f842077c000-7f842077d000 r--p 00010000 08:01 559479                     /home/student/Android/android-studio/jre/jre/lib/amd64/libnio.so
7f842077d000-7f842077e000 rw-p 00011000 08:01 559479                     /home/student/Android/android-studio/jre/jre/lib/amd64/libnio.so
7f842077e000-7f8420794000 r-xp 00000000 08:01 559481                     /home/student/Android/android-studio/jre/jre/lib/amd64/libnet.so
7f8420794000-7f8420994000 ---p 00016000 08:01 559481                     /home/student/Android/android-studio/jre/jre/lib/amd64/libnet.so
7f8420994000-7f8420995000 r--p 00016000 08:01 559481                     /home/student/Android/android-studio/jre/jre/lib/amd64/libnet.so
7f8420995000-7f8420996000 rw-p 00017000 08:01 559481                     /home/student/Android/android-studio/jre/jre/lib/amd64/libnet.so
7f8420996000-7f8420997000 r--s 00006000 08:01 422841                     /home/student/.gradle/wrapper/dists/gradle-4.1-all/bzyivzo6n839fup2jbap0tjew/gradle-4.1/lib/gradle-wrapper-4.1.jar
7f8420997000-7f84209a4000 r--s 00043000 08:01 422840                     /home/student/.gradle/wrapper/dists/gradle-4.1-all/bzyivzo6n839fup2jbap0tjew/gradle-4.1/lib/gradle-tooling-api-4.1.jar
7f84209a4000-7f84209b3000 r--s 000c8000 08:01 422837                     /home/student/.gradle/wrapper/dists/gradle-4.1-all/bzyivzo6n839fup2jbap0tjew/gradle-4.1/lib/kotlin-stdlib-1.1.3-2.jar
7f84209b3000-7f84209e5000 r--s 0021b000 08:01 422836                     /home/student/.gradle/wrapper/dists/gradle-4.1-all/bzyivzo6n839fup2jbap0tjew/gradle-4.1/lib/kotlin-reflect-1.1.3-2.jar
7f84209e5000-7f8420b9c000 r--s 01786000 08:01 422835                     /home/student/.gradle/wrapper/dists/gradle-4.1-all/bzyivzo6n839fup2jbap0tjew/gradle-4.1/lib/kotlin-compiler-embeddable-1.1.3-2.jar
7f8420b9c000-7f8420b9d000 r--s 00000000 08:01 422834                     /home/student/.gradle/wrapper/dists/gradle-4.1-all/bzyivzo6n839fup2jbap0tjew/gradle-4.1/lib/gradle-kotlin-dsl-tooling-models-0.10.3.jar
7f8420b9d000-7f8420b9e000 r--s 00001000 08:01 422832                     /home/student/.gradle/wrapper/dists/gradle-4.1-all/bzyivzo6n839fup2jbap0tjew/gradle-4.1/lib/gradle-kotlin-dsl-compiler-plugin-0.10.3.jar
7f8420b9e000-7f8420ba0000 r--s 00003000 08:01 422830                     /home/student/.gradle/wrapper/dists/gradle-4.1-all/bzyivzo6n839fup2jbap0tjew/gradle-4.1/lib/annotations-13.0.jar
7f8420ba0000-7f8420baa000 r--s 00073000 08:01 422831                     /home/student/.gradle/wrapper/dists/gradle-4.1-all/bzyivzo6n839fup2jbap0tjew/gradle-4.1/lib/gradle-kotlin-dsl-0.10.3.jar
7f8420baa000-7f8420baf000 r--s 00013000 08:01 422847                     /home/student/.gradle/wrapper/dists/gradle-4.1-all/bzyivzo6n839fup2jbap0tjew/gradle-4.1/lib/gradle-resources-4.1.jar
7f8420baf000-7f8420bb1000 r--s 00005000 08:01 422854                     /home/student/.gradle/wrapper/dists/gradle-4.1-all/bzyivzo6n839fup2jbap0tjew/gradle-4.1/lib/gradle-cli-4.1.jar
7f8420bb1000-7f8420bb3000 r--s 00003000 08:01 422861                     /home/student/.gradle/wrapper/dists/gradle-4.1-all/bzyivzo6n839fup2jbap0tjew/gradle-4.1/lib/jcl-over-slf4j-1.7.10.jar
7f8420bb3000-7f8420bb4000 r--s 00005000 08:01 422860                     /home/student/.gradle/wrapper/dists/gradle-4.1-all/bzyivzo6n839fup2jbap0tjew/gradle-4.1/lib/log4j-over-slf4j-1.7.10.jar
7f8420bb4000-7f8420bb6000 r--s 00000000 08:01 422859                     /home/student/.gradle/wrapper/dists/gradle-4.1-all/bzyivzo6n839fup2jbap0tjew/gradle-4.1/lib/jul-to-slf4j-1.7.10.jar
7f8420bb6000-7f8420bbd000 r--s 0002c000 08:01 422845                     /home/student/.gradle/wrapper/dists/gradle-4.1-all/bzyivzo6n839fup2jbap0tjew/gradle-4.1/lib/gradle-logging-4.1.jar
7f8420bbd000-7f8420bcd000 r--s 00082000 08:01 422850                     /home/student/.gradle/wrapper/dists/gradle-4.1-all/bzyivzo6n839fup2jbap0tjew/gradle-4.1/lib/gradle-model-core-4.1.jar
7f8420bcd000-7f8420bcf000 r--s 00006000 08:01 422851                     /home/student/.gradle/wrapper/dists/gradle-4.1-all/bzyivzo6n839fup2jbap0tjew/gradle-4.1/lib/gradle-base-services-groovy-4.1.jar
7f8420bcf000-7f8420bd1000 r--s 00007000 08:01 422849                     /home/student/.gradle/wrapper/dists/gradle-4.1-all/bzyivzo6n839fup2jbap0tjew/gradle-4.1/lib/gradle-model-groovy-4.1.jar
7f8420bd1000-7f8420bd2000 r--s 00002000 08:01 422872                     /home/student/.gradle/wrapper/dists/gradle-4.1-all/bzyivzo6n839fup2jbap0tjew/gradle-4.1/lib/gradle-docs-4.1.jar
7f8420bd2000-7f8420bdf000 r--s 00083000 08:01 422870                     /home/student/.gradle/wrapper/dists/gradle-4.1-all/bzyivzo6n839fup2jbap0tjew/gradle-4.1/lib/commons-collections-3.2.2.jar
7f8420bdf000-7f8420be0000 r--s 00000000 08:01 422869                     /home/student/.gradle/wrapper/dists/gradle-4.1-all/bzyivzo6n839fup2jbap0tjew/gradle-4.1/lib/javax.inject-1.jar
7f8420be0000-7f8420c50000 r--s 00645000 08:01 422867                     /home/student/.gradle/wrapper/dists/gradle-4.1-all/bzyivzo6n839fup2jbap0tjew/gradle-4.1/lib/groovy-all-2.4.11.jar
7f8420c50000-7f8420c53000 r--s 00023000 08:01 422873                     /home/student/.gradle/wrapper/dists/gradle-4.1-all/bzyivzo6n839fup2jbap0tjew/gradle-4.1/lib/jansi-1.14.jar
7f8420c53000-7f8420c54000 r--s 00004000 08:01 422875                     /home/student/.gradle/wrapper/dists/gradle-4.1-all/bzyivzo6n839fup2jbap0tjew/gradle-4.1/lib/native-platform-freebsd-amd64-libcpp-0.14.jar
7f8420c54000-7f8420c55000 r--s 00004000 08:01 422876                     /home/student/.gradle/wrapper/dists/gradle-4.1-all/bzyivzo6n839fup2jbap0tjew/gradle-4.1/lib/native-platform-freebsd-amd64-libstdcpp-0.14.jar
7f8420c55000-7f8420c56000 r--s 00004000 08:01 422877                     /home/student/.gradle/wrapper/dists/gradle-4.1-all/bzyivzo6n839fup2jbap0tjew/gradle-4.1/lib/native-platform-freebsd-i386-libcpp-0.14.jar
7f8420c56000-7f8420c57000 r--s 00003000 08:01 422878                     /home/student/.gradle/wrapper/dists/gradle-4.1-all/bzyivzo6n839fup2jbap0tjew/gradle-4.1/lib/native-platform-freebsd-i386-libstdcpp-0.14.jar
7f8420c57000-7f8420c58000 r--s 00002000 08:01 422879                     /home/student/.gradle/wrapper/dists/gradle-4.1-all/bzyivzo6n839fup2jbap0tjew/gradle-4.1/lib/native-platform-linux-amd64-0.14.jar
7f8420c58000-7f8420c59000 r--s 00002000 08:01 422880                     /home/student/.gradle/wrapper/dists/gradle-4.1-all/bzyivzo6n839fup2jbap0tjew/gradle-4.1/lib/native-platform-linux-i386-0.14.jar
7f8420c59000-7f8420c5b000 r--s 00002000 08:01 422881                     /home/student/.gradle/wrapper/dists/gradle-4.1-all/bzyivzo6n839fup2jbap0tjew/gradle-4.1/lib/native-platform-osx-amd64-0.14.jar
7f8420c5b000-7f8420c5c000 r--s 00003000 08:01 422882                     /home/student/.gradle/wrapper/dists/gradle-4.1-all/bzyivzo6n839fup2jbap0tjew/gradle-4.1/lib/native-platform-osx-i386-0.14.jar
7f8420c5c000-7f8420c5e000 r--s 0000b000 08:01 422883                     /home/student/.gradle/wrapper/dists/gradle-4.1-all/bzyivzo6n839fup2jbap0tjew/gradle-4.1/lib/native-platform-windows-amd64-0.14.jar
7f8420c5e000-7f8420c5f000 r--s 0000b000 08:01 422884                     /home/student/.gradle/wrapper/dists/gradle-4.1-all/bzyivzo6n839fup2jbap0tjew/gradle-4.1/lib/native-platform-windows-i386-0.14.jar
7f8420c5f000-7f8420c60000 r--s 00001000 08:01 422885                     /home/student/.gradle/wrapper/dists/gradle-4.1-all/bzyivzo6n839fup2jbap0tjew/gradle-4.1/lib/native-platform-linux-amd64-ncurses5-0.14.jar
7f8420c60000-7f8420c61000 r--s 00001000 08:01 422886                     /home/student/.gradle/wrapper/dists/gradle-4.1-all/bzyivzo6n839fup2jbap0tjew/gradle-4.1/lib/native-platform-linux-amd64-ncurses6-0.14.jar
7f8420c61000-7f8420c62000 r--s 00001000 08:01 422887                     /home/student/.gradle/wrapper/dists/gradle-4.1-all/bzyivzo6n839fup2jbap0tjew/gradle-4.1/lib/native-platform-linux-i386-ncurses5-0.14.jar
7f8420c62000-7f8420c63000 r--s 00001000 08:01 422888                     /home/student/.gradle/wrapper/dists/gradle-4.1-all/bzyivzo6n839fup2jbap0tjew/gradle-4.1/lib/native-platform-linux-i386-ncurses6-0.14.jar
7f8420c63000-7f8420c67000 r--s 00012000 08:01 422871                     /home/student/.gradle/wrapper/dists/gradle-4.1-all/bzyivzo6n839fup2jbap0tjew/gradle-4.1/lib/native-platform-0.14.jar
7f8420c67000-7f8420c6a000 r--s 0000c000 08:01 422848                     /home/student/.gradle/wrapper/dists/gradle-4.1-all/bzyivzo6n839fup2jbap0tjew/gradle-4.1/lib/gradle-native-4.1.jar
7f8420c6a000-7f8420c6c000 r--s 0000f000 08:01 422856                     /home/student/.gradle/wrapper/dists/gradle-4.1-all/bzyivzo6n839fup2jbap0tjew/gradle-4.1/lib/reflectasm-1.07-shaded.jar
7f8420c6c000-7f8420c6e000 r--s 00000000 08:01 422889                     /home/student/.gradle/wrapper/dists/gradle-4.1-all/bzyivzo6n839fup2jbap0tjew/gradle-4.1/lib/minlog-1.2.jar
7f8420c6e000-7f8420c70000 r--s 00007000 08:01 422890                     /home/student/.gradle/wrapper/dists/gradle-4.1-all/bzyivzo6n839fup2jbap0tjew/gradle-4.1/lib/objenesis-1.2.jar
7f8420c70000-7f8420c74000 r--s 00026000 08:01 422855                     /home/student/.gradle/wrapper/dists/gradle-4.1-all/bzyivzo6n839fup2jbap0tjew/gradle-4.1/lib/kryo-2.20.jar
7f8420c74000-7f8420c7a000 r--s 0002b000 08:01 422852                     /home/student/.gradle/wrapper/dists/gradle-4.1-all/bzyivzo6n839fup2jbap0tjew/gradle-4.1/lib/gradle-messaging-4.1.jar
7f8420c7a000-7f8420c7c000 r--s 00006000 08:01 422846                     /home/student/.gradle/wrapper/dists/gradle-4.1-all/bzyivzo6n839fup2jbap0tjew/gradle-4.1/lib/gradle-process-services-4.1.jar
7f8420c7c000-7f8420c7e000 r--s 00000000 08:01 422844                     /home/student/.gradle/wrapper/dists/gradle-4.1-all/bzyivzo6n839fup2jbap0tjew/gradle-4.1/lib/gradle-jvm-services-4.1.jar
7f8420c7e000-7f8420c7f000 r--s 00000000 08:01 422866                     /home/student/.gradle/wrapper/dists/gradle-4.1-all/bzyivzo6n839fup2jbap0tjew/gradle-4.1/lib/jcip-annotations-1.0.jar
7f8420c7f000-7f8420c84000 r--s 00041000 08:01 422865                     /home/student/.gradle/wrapper/dists/gradle-4.1-all/bzyivzo6n839fup2jbap0tjew/gradle-4.1/lib/commons-lang-2.6.jar
7f8420c84000-7f8420c87000 r--s 00006000 08:01 422864                     /home/student/.gradle/wrapper/dists/gradle-4.1-all/bzyivzo6n839fup2jbap0tjew/gradle-4.1/lib/jsr305-1.3.9.jar
7f8420c87000-7f8420caf000 r--s 001cf000 08:01 422863                     /home/student/.gradle/wrapper/dists/gradle-4.1-all/bzyivzo6n839fup2jbap0tjew/gradle-4.1/lib/guava-jdk5-17.0.jar
7f8420caf000-7f8420cce000 r--s 001d1000 08:01 422868                     /home/student/.gradle/wrapper/dists/gradle-4.1-all/bzyivzo6n839fup2jbap0tjew/gradle-4.1/lib/ant-1.9.6.jar
7f8420cce000-7f8420d18000 r--s 00253000 08:01 422843                     /home/student/.gradle/wrapper/dists/gradle-4.1-all/bzyivzo6n839fup2jbap0tjew/gradle-4.1/lib/gradle-core-4.1.jar
7f8420d18000-7f8420d19000 ---p 00000000 00:00 0 
7f8420d19000-7f8420e19000 rw-p 00000000 00:00 0 
7f8420e19000-7f8420e1c000 ---p 00000000 00:00 0 
7f8420e1c000-7f8420f1a000 rw-p 00000000 00:00 0 
7f8420f1a000-7f8420f1d000 ---p 00000000 00:00 0 
7f8420f1d000-7f842101b000 rw-p 00000000 00:00 0 
7f842101b000-7f842101e000 ---p 00000000 00:00 0 
7f842101e000-7f842111c000 rw-p 00000000 00:00 0 
7f842111c000-7f842111f000 ---p 00000000 00:00 0 
7f842111f000-7f842121d000 rw-p 00000000 00:00 0 
7f842121d000-7f84214f5000 r--p 00000000 08:01 1534                       /usr/lib/locale/locale-archive
7f84214f5000-7f84214f8000 ---p 00000000 00:00 0 
7f84214f8000-7f84215f6000 rw-p 00000000 00:00 0 
7f84215f6000-7f84215f9000 ---p 00000000 00:00 0 
7f84215f9000-7f84216f7000 rw-p 00000000 00:00 0 
7f84216f7000-7f84216f8000 ---p 00000000 00:00 0 
7f84216f8000-7f8425000000 rw-p 00000000 00:00 0 
7f8425000000-7f8426330000 rwxp 00000000 00:00 0 
7f8426330000-7f8434000000 ---p 00000000 00:00 0 
7f8434000000-7f8434caa000 rw-p 00000000 00:00 0 
7f8434caa000-7f8438000000 ---p 00000000 00:00 0 
7f8438000000-7f8438001000 r--s 00007000 08:01 422862                     /home/student/.gradle/wrapper/dists/gradle-4.1-all/bzyivzo6n839fup2jbap0tjew/gradle-4.1/lib/slf4j-api-1.7.10.jar
7f8438001000-7f8438005000 r--s 00027000 08:01 422858                     /home/student/.gradle/wrapper/dists/gradle-4.1-all/bzyivzo6n839fup2jbap0tjew/gradle-4.1/lib/commons-io-2.2.jar
7f8438005000-7f843800d000 r--s 000bd000 08:01 422857                     /home/student/.gradle/wrapper/dists/gradle-4.1-all/bzyivzo6n839fup2jbap0tjew/gradle-4.1/lib/asm-debug-all-6.0_ALPHA.jar
7f843800d000-7f843800e000 r--s 00004000 08:01 422874                     /home/student/.gradle/wrapper/dists/gradle-4.1-all/bzyivzo6n839fup2jbap0tjew/gradle-4.1/lib/ant-launcher-1.9.6.jar
7f843800e000-7f843801a000 r--s 00053000 08:01 422853                     /home/student/.gradle/wrapper/dists/gradle-4.1-all/bzyivzo6n839fup2jbap0tjew/gradle-4.1/lib/gradle-base-services-4.1.jar
7f843801a000-7f843818a000 rw-p 00000000 00:00 0 
7f843818a000-7f843835a000 r--s 03c46000 08:01 559439                     /home/student/Android/android-studio/jre/jre/lib/rt.jar
7f843835a000-7f8438ed0000 rw-p 00000000 00:00 0 
7f8438ed0000-7f8438ed1000 ---p 00000000 00:00 0 
7f8438ed1000-7f8438fd1000 rw-p 00000000 00:00 0 
7f8438fd1000-7f8438fd2000 ---p 00000000 00:00 0 
7f8438fd2000-7f84390ec000 rw-p 00000000 00:00 0 
7f84390ec000-7f84392d2000 ---p 00000000 00:00 0 
7f84392d2000-7f84392ec000 rw-p 00000000 00:00 0 
7f84392ec000-7f84394d2000 ---p 00000000 00:00 0 
7f84394d2000-7f8439525000 rw-p 00000000 00:00 0 
7f8439525000-7f84395d2000 ---p 00000000 00:00 0 
7f84395d2000-7f8439620000 rw-p 00000000 00:00 0 
7f8439620000-7f8439993000 ---p 00000000 00:00 0 
7f8439993000-7f84399ad000 r-xp 00000000 08:01 559458                     /home/student/Android/android-studio/jre/jre/lib/amd64/libzip.so
7f84399ad000-7f8439bad000 ---p 0001a000 08:01 559458                     /home/student/Android/android-studio/jre/jre/lib/amd64/libzip.so
7f8439bad000-7f8439bae000 r--p 0001a000 08:01 559458                     /home/student/Android/android-studio/jre/jre/lib/amd64/libzip.so
7f8439bae000-7f8439baf000 rw-p 0001b000 08:01 559458                     /home/student/Android/android-studio/jre/jre/lib/amd64/libzip.so
7f8439baf000-7f8439bba000 r-xp 00000000 08:01 153341                     /lib/x86_64-linux-gnu/libnss_files-2.23.so
7f8439bba000-7f8439db9000 ---p 0000b000 08:01 153341                     /lib/x86_64-linux-gnu/libnss_files-2.23.so
7f8439db9000-7f8439dba000 r--p 0000a000 08:01 153341                     /lib/x86_64-linux-gnu/libnss_files-2.23.so
7f8439dba000-7f8439dbb000 rw-p 0000b000 08:01 153341                     /lib/x86_64-linux-gnu/libnss_files-2.23.so
7f8439dbb000-7f8439dc1000 rw-p 00000000 00:00 0 
7f8439dc1000-7f8439dcc000 r-xp 00000000 08:01 153345                     /lib/x86_64-linux-gnu/libnss_nis-2.23.so
7f8439dcc000-7f8439fcb000 ---p 0000b000 08:01 153345                     /lib/x86_64-linux-gnu/libnss_nis-2.23.so
7f8439fcb000-7f8439fcc000 r--p 0000a000 08:01 153345                     /lib/x86_64-linux-gnu/libnss_nis-2.23.so
7f8439fcc000-7f8439fcd000 rw-p 0000b000 08:01 153345                     /lib/x86_64-linux-gnu/libnss_nis-2.23.so
7f8439fcd000-7f8439fe3000 r-xp 00000000 08:01 153325                     /lib/x86_64-linux-gnu/libnsl-2.23.so
7f8439fe3000-7f843a1e2000 ---p 00016000 08:01 153325                     /lib/x86_64-linux-gnu/libnsl-2.23.so
7f843a1e2000-7f843a1e3000 r--p 00015000 08:01 153325                     /lib/x86_64-linux-gnu/libnsl-2.23.so
7f843a1e3000-7f843a1e4000 rw-p 00016000 08:01 153325                     /lib/x86_64-linux-gnu/libnsl-2.23.so
7f843a1e4000-7f843a1e6000 rw-p 00000000 00:00 0 
7f843a1e6000-7f843a1ee000 r-xp 00000000 08:01 153336                     /lib/x86_64-linux-gnu/libnss_compat-2.23.so
7f843a1ee000-7f843a3ed000 ---p 00008000 08:01 153336                     /lib/x86_64-linux-gnu/libnss_compat-2.23.so
7f843a3ed000-7f843a3ee000 r--p 00007000 08:01 153336                     /lib/x86_64-linux-gnu/libnss_compat-2.23.so
7f843a3ee000-7f843a3ef000 rw-p 00008000 08:01 153336                     /lib/x86_64-linux-gnu/libnss_compat-2.23.so
7f843a3ef000-7f843a41c000 r-xp 00000000 08:01 559457                     /home/student/Android/android-studio/jre/jre/lib/amd64/libjava.so
7f843a41c000-7f843a61b000 ---p 0002d000 08:01 559457                     /home/student/Android/android-studio/jre/jre/lib/amd64/libjava.so
7f843a61b000-7f843a61c000 r--p 0002c000 08:01 559457                     /home/student/Android/android-studio/jre/jre/lib/amd64/libjava.so
7f843a61c000-7f843a61e000 rw-p 0002d000 08:01 559457                     /home/student/Android/android-studio/jre/jre/lib/amd64/libjava.so
7f843a61e000-7f843a62e000 r-xp 00000000 08:01 559463                     /home/student/Android/android-studio/jre/jre/lib/amd64/libverify.so
7f843a62e000-7f843a82d000 ---p 00010000 08:01 559463                     /home/student/Android/android-studio/jre/jre/lib/amd64/libverify.so
7f843a82d000-7f843a82f000 r--p 0000f000 08:01 559463                     /home/student/Android/android-studio/jre/jre/lib/amd64/libverify.so
7f843a82f000-7f843a830000 rw-p 00011000 08:01 559463                     /home/student/Android/android-studio/jre/jre/lib/amd64/libverify.so
7f843a830000-7f843a837000 r-xp 00000000 08:01 153346                     /lib/x86_64-linux-gnu/librt-2.23.so
7f843a837000-7f843aa36000 ---p 00007000 08:01 153346                     /lib/x86_64-linux-gnu/librt-2.23.so
7f843aa36000-7f843aa37000 r--p 00006000 08:01 153346                     /lib/x86_64-linux-gnu/librt-2.23.so
7f843aa37000-7f843aa38000 rw-p 00007000 08:01 153346                     /lib/x86_64-linux-gnu/librt-2.23.so
7f843aa38000-7f843ab40000 r-xp 00000000 08:01 153324                     /lib/x86_64-linux-gnu/libm-2.23.so
7f843ab40000-7f843ad3f000 ---p 00108000 08:01 153324                     /lib/x86_64-linux-gnu/libm-2.23.so
7f843ad3f000-7f843ad40000 r--p 00107000 08:01 153324                     /lib/x86_64-linux-gnu/libm-2.23.so
7f843ad40000-7f843ad41000 rw-p 00108000 08:01 153324                     /lib/x86_64-linux-gnu/libm-2.23.so
7f843ad41000-7f843b939000 r-xp 00000000 08:01 559466                     /home/student/Android/android-studio/jre/jre/lib/amd64/server/libjvm.so
7f843b939000-7f843bb39000 ---p 00bf8000 08:01 559466                     /home/student/Android/android-studio/jre/jre/lib/amd64/server/libjvm.so
7f843bb39000-7f843bbd8000 r--p 00bf8000 08:01 559466                     /home/student/Android/android-studio/jre/jre/lib/amd64/server/libjvm.so
7f843bbd8000-7f843bc01000 rw-p 00c97000 08:01 559466                     /home/student/Android/android-studio/jre/jre/lib/amd64/server/libjvm.so
7f843bc01000-7f843bc45000 rw-p 00000000 00:00 0 
7f843bc45000-7f843bc5d000 r-xp 00000000 08:01 153327                     /lib/x86_64-linux-gnu/libpthread-2.23.so
7f843bc5d000-7f843be5c000 ---p 00018000 08:01 153327                     /lib/x86_64-linux-gnu/libpthread-2.23.so
7f843be5c000-7f843be5d000 r--p 00017000 08:01 153327                     /lib/x86_64-linux-gnu/libpthread-2.23.so
7f843be5d000-7f843be5e000 rw-p 00018000 08:01 153327                     /lib/x86_64-linux-gnu/libpthread-2.23.so
7f843be5e000-7f843be62000 rw-p 00000000 00:00 0 
7f843be62000-7f843be65000 r-xp 00000000 08:01 153330                     /lib/x86_64-linux-gnu/libdl-2.23.so
7f843be65000-7f843c064000 ---p 00003000 08:01 153330                     /lib/x86_64-linux-gnu/libdl-2.23.so
7f843c064000-7f843c065000 r--p 00002000 08:01 153330                     /lib/x86_64-linux-gnu/libdl-2.23.so
7f843c065000-7f843c066000 rw-p 00003000 08:01 153330                     /lib/x86_64-linux-gnu/libdl-2.23.so
7f843c066000-7f843c226000 r-xp 00000000 08:01 153328                     /lib/x86_64-linux-gnu/libc-2.23.so
7f843c226000-7f843c426000 ---p 001c0000 08:01 153328                     /lib/x86_64-linux-gnu/libc-2.23.so
7f843c426000-7f843c42a000 r--p 001c0000 08:01 153328                     /lib/x86_64-linux-gnu/libc-2.23.so
7f843c42a000-7f843c42c000 rw-p 001c4000 08:01 153328                     /lib/x86_64-linux-gnu/libc-2.23.so
7f843c42c000-7f843c430000 rw-p 00000000 00:00 0 
7f843c430000-7f843c446000 r-xp 00000000 08:01 559412                     /home/student/Android/android-studio/jre/lib/amd64/jli/libjli.so
7f843c446000-7f843c645000 ---p 00016000 08:01 559412                     /home/student/Android/android-studio/jre/lib/amd64/jli/libjli.so
7f843c645000-7f843c646000 r--p 00015000 08:01 559412                     /home/student/Android/android-studio/jre/lib/amd64/jli/libjli.so
7f843c646000-7f843c647000 rw-p 00016000 08:01 559412                     /home/student/Android/android-studio/jre/lib/amd64/jli/libjli.so
7f843c647000-7f843c66d000 r-xp 00000000 08:01 153326                     /lib/x86_64-linux-gnu/ld-2.23.so
7f843c66d000-7f843c750000 rw-p 00000000 00:00 0 
7f843c750000-7f843c753000 ---p 00000000 00:00 0 
7f843c753000-7f843c855000 rw-p 00000000 00:00 0 
7f843c855000-7f843c861000 r--s 0005c000 08:01 422838                     /home/student/.gradle/wrapper/dists/gradle-4.1-all/bzyivzo6n839fup2jbap0tjew/gradle-4.1/lib/gradle-launcher-4.1.jar
7f843c861000-7f843c869000 rw-s 00000000 08:01 344110                     /tmp/hsperfdata_student/5420
7f843c869000-7f843c86a000 rw-p 00000000 00:00 0 
7f843c86a000-7f843c86b000 ---p 00000000 00:00 0 
7f843c86b000-7f843c86c000 rw-p 00000000 00:00 0 
7f843c86c000-7f843c86d000 r--p 00025000 08:01 153326                     /lib/x86_64-linux-gnu/ld-2.23.so
7f843c86d000-7f843c86e000 rw-p 00026000 08:01 153326                     /lib/x86_64-linux-gnu/ld-2.23.so
7f843c86e000-7f843c86f000 rw-p 00000000 00:00 0 
7ffc30d4b000-7ffc30d6c000 rw-p 00000000 00:00 0                          [stack]
7ffc30d97000-7ffc30d9a000 r--p 00000000 00:00 0                          [vvar]
7ffc30d9a000-7ffc30d9c000 r-xp 00000000 00:00 0                          [vdso]
ffffffffff600000-ffffffffff601000 r-xp 00000000 00:00 0                  [vsyscall]

VM Arguments:
jvm_args: -Xmx1536m -Dfile.encoding=UTF-8 -Duser.country=CA -Duser.language=en -Duser.variant 
java_command: org.gradle.launcher.daemon.bootstrap.GradleDaemon 4.1
java_class_path (initial): /home/student/.gradle/wrapper/dists/gradle-4.1-all/bzyivzo6n839fup2jbap0tjew/gradle-4.1/lib/gradle-launcher-4.1.jar
Launcher Type: SUN_STANDARD

Environment Variables:
PATH=/home/student/bin:/home/student/.local/bin:/usr/local/sbin:/usr/local/bin:/usr/sbin:/usr/bin:/sbin:/bin:/usr/games:/usr/local/games:/snap/bin
LD_LIBRARY_PATH=/home/student/Android/android-studio/bin:
SHELL=/bin/bash
DISPLAY=:0

Signal Handlers:
SIGSEGV: [libjvm.so+0x9ebc60], sa_mask[0]=11111111011111111101111111111110, sa_flags=SA_RESTART|SA_SIGINFO
SIGBUS: [libjvm.so+0x9ebc60], sa_mask[0]=11111111011111111101111111111110, sa_flags=SA_RESTART|SA_SIGINFO
SIGFPE: [libjvm.so+0x84cf60], sa_mask[0]=11111111011111111101111111111110, sa_flags=SA_RESTART|SA_SIGINFO
SIGPIPE: [libjvm.so+0x84cf60], sa_mask[0]=11111111011111111101111111111110, sa_flags=SA_RESTART|SA_SIGINFO
SIGXFSZ: [libjvm.so+0x84cf60], sa_mask[0]=11111111011111111101111111111110, sa_flags=SA_RESTART|SA_SIGINFO
SIGILL: [libjvm.so+0x84cf60], sa_mask[0]=11111111011111111101111111111110, sa_flags=SA_RESTART|SA_SIGINFO
SIGUSR1: SIG_DFL, sa_mask[0]=00000000000000000000000000000000, sa_flags=none
SIGUSR2: [libjvm.so+0x84ce30], sa_mask[0]=00100000000000000000000000000000, sa_flags=SA_RESTART|SA_SIGINFO
SIGHUP: [libjvm.so+0x84d020], sa_mask[0]=11111111011111111101111111111110, sa_flags=SA_RESTART|SA_SIGINFO
SIGINT: [libjvm.so+0x84d020], sa_mask[0]=11111111011111111101111111111110, sa_flags=SA_RESTART|SA_SIGINFO
SIGTERM: [libjvm.so+0x84d020], sa_mask[0]=11111111011111111101111111111110, sa_flags=SA_RESTART|SA_SIGINFO
SIGQUIT: [libjvm.so+0x84d020], sa_mask[0]=11111111011111111101111111111110, sa_flags=SA_RESTART|SA_SIGINFO


---------------  S Y S T E M  ---------------

OS:DISTRIB_ID=Ubuntu
DISTRIB_RELEASE=16.04
DISTRIB_CODENAME=xenial
DISTRIB_DESCRIPTION="Ubuntu 16.04.3 LTS"

uname:Linux 4.13.0-37-generic #42~16.04.1-Ubuntu SMP Wed Mar 7 16:03:28 UTC 2018 x86_64
libc:glibc 2.23 NPTL 2.23 
rlimit: STACK 8192k, CORE 0k, NPROC 11800, NOFILE 1048576, AS infinity
load average:3.93 1.41 0.71

/proc/meminfo:
MemTotal:        3073580 kB
MemFree:           58600 kB
MemAvailable:          0 kB
Buffers:             160 kB
Cached:            41280 kB
SwapCached:            0 kB
Active:          2825004 kB
Inactive:          37064 kB
Active(anon):    2821740 kB
Inactive(anon):    31952 kB
Active(file):       3264 kB
Inactive(file):     5112 kB
Unevictable:          32 kB
Mlocked:              32 kB
SwapTotal:             0 kB
SwapFree:              0 kB
Dirty:                 8 kB
Writeback:            16 kB
AnonPages:       2820668 kB
Mapped:            35788 kB
Shmem:             33056 kB
Slab:              74824 kB
SReclaimable:      29148 kB
SUnreclaim:        45676 kB
KernelStack:       10512 kB
PageTables:        38000 kB
NFS_Unstable:          0 kB
Bounce:                0 kB
WritebackTmp:          0 kB
CommitLimit:     1536788 kB
Committed_AS:    7451624 kB
VmallocTotal:   34359738367 kB
VmallocUsed:           0 kB
VmallocChunk:          0 kB
HardwareCorrupted:     0 kB
AnonHugePages:         0 kB
ShmemHugePages:        0 kB
ShmemPmdMapped:        0 kB
CmaTotal:              0 kB
CmaFree:               0 kB
HugePages_Total:       0
HugePages_Free:        0
HugePages_Rsvd:        0
HugePages_Surp:        0
Hugepagesize:       2048 kB
DirectMap4k:      118720 kB
DirectMap2M:     3026944 kB


CPU:total 2 (initial active 2) (2 cores per cpu, 1 threads per core) family 6 model 61 stepping 4, cmov, cx8, fxsr, mmx, sse, sse2, sse3, ssse3, sse4.1, sse4.2, popcnt, avx, avx2, aes, clmul, 3dnowpref, lzcnt, tsc, tscinvbit

/proc/cpuinfo:
processor	: 0
vendor_id	: GenuineIntel
cpu family	: 6
model		: 61
model name	: Intel(R) Core(TM) i5-5257U CPU @ 2.70GHz
stepping	: 4
cpu MHz		: 2700.000
cache size	: 3072 KB
physical id	: 0
siblings	: 2
core id		: 0
cpu cores	: 2
apicid		: 0
initial apicid	: 0
fpu		: yes
fpu_exception	: yes
cpuid level	: 20
wp		: yes
flags		: fpu vme de pse tsc msr pae mce cx8 apic sep mtrr pge mca cmov pat pse36 clflush mmx fxsr sse sse2 ht syscall nx rdtscp lm constant_tsc rep_good nopl xtopology nonstop_tsc cpuid pni pclmulqdq ssse3 cx16 sse4_1 sse4_2 movbe popcnt aes xsave avx rdrand hypervisor lahf_lm abm 3dnowprefetch pti retpoline avx2 rdseed
bugs		: cpu_meltdown spectre_v1 spectre_v2
bogomips	: 5400.00
clflush size	: 64
cache_alignment	: 64
address sizes	: 39 bits physical, 48 bits virtual
power management:

processor	: 1
vendor_id	: GenuineIntel
cpu family	: 6
model		: 61
model name	: Intel(R) Core(TM) i5-5257U CPU @ 2.70GHz
stepping	: 4
cpu MHz		: 2700.000
cache size	: 3072 KB
physical id	: 0
siblings	: 2
core id		: 1
cpu cores	: 2
apicid		: 1
initial apicid	: 1
fpu		: yes
fpu_exception	: yes
cpuid level	: 20
wp		: yes
flags		: fpu vme de pse tsc msr pae mce cx8 apic sep mtrr pge mca cmov pat pse36 clflush mmx fxsr sse sse2 ht syscall nx rdtscp lm constant_tsc rep_good nopl xtopology nonstop_tsc cpuid pni pclmulqdq ssse3 cx16 sse4_1 sse4_2 movbe popcnt aes xsave avx rdrand hypervisor lahf_lm abm 3dnowprefetch pti retpoline avx2 rdseed
bugs		: cpu_meltdown spectre_v1 spectre_v2
bogomips	: 5400.00
clflush size	: 64
cache_alignment	: 64
address sizes	: 39 bits physical, 48 bits virtual
power management:



Memory: 4k page, physical 3073580k(59112k free), swap 0k(0k free)

vm_info: OpenJDK 64-Bit Server VM (25.152-b01) for linux-amd64 JRE (1.8.0_152-release-915-b01), built by "builder" with gcc 4.8.4

time: Sun Apr  8 19:58:55 2018
elapsed time: 39 seconds (0d 0h 0m 39s)

