#
# There is insufficient memory for the Java Runtime Environment to continue.
# Native memory allocation (mmap) failed to map 56098816 bytes for committing reserved memory.
# Possible reasons:
#   The system is out of physical RAM or swap space
#   In 32 bit mode, the process size limit was hit
# Possible solutions:
#   Reduce memory load on the system
#   Increase physical memory or swap space
#   Check if swap backing store is full
#   Use 64 bit Java on a 64 bit OS
#   Decrease Java heap size (-Xmx/-Xms)
#   Decrease number of Java threads
#   Decrease Java thread stack sizes (-Xss)
#   Set larger code cache with -XX:ReservedCodeCacheSize=
# This output file may be truncated or incomplete.
#
#  Out of Memory Error (os_linux.cpp:2640), pid=28717, tid=0x00007f83bdafa700
#
# JRE version: OpenJDK Runtime Environment (8.0_152-b01) (build 1.8.0_152-release-915-b01)
# Java VM: OpenJDK 64-Bit Server VM (25.152-b01 mixed mode linux-amd64 compressed oops)
# Failed to write core dump. Core dumps have been disabled. To enable core dumping, try "ulimit -c unlimited" before starting Java again
#

---------------  T H R E A D  ---------------

Current thread (0x00007f83d0074000):  VMThread [stack: 0x00007f83bd9fa000,0x00007f83bdafb000] [id=28723]

Stack: [0x00007f83bd9fa000,0x00007f83bdafb000],  sp=0x00007f83bdaf94c0,  free space=1021k
Native frames: (J=compiled Java code, j=interpreted, Vv=VM code, C=native code)
V  [libjvm.so+0x9eb15d]  VMError::report_and_die()+0x15d
V  [libjvm.so+0x4b8eaa]  report_vm_out_of_memory(char const*, int, unsigned long, VMErrorType, char const*)+0x8a
V  [libjvm.so+0x851370]  os::pd_commit_memory(char*, unsigned long, unsigned long, bool)+0xf0
V  [libjvm.so+0x84be8f]  os::commit_memory(char*, unsigned long, unsigned long, bool)+0x1f
V  [libjvm.so+0x8c261b]  PSVirtualSpace::expand_by(unsigned long)+0x5b
V  [libjvm.so+0x8c3290]  PSYoungGen::resize_generation(unsigned long, unsigned long)+0xb0
V  [libjvm.so+0x8c35ab]  PSYoungGen::resize(unsigned long, unsigned long)+0x1b
V  [libjvm.so+0x8bfc9c]  PSScavenge::invoke_no_policy()+0xdac
V  [libjvm.so+0x8c0478]  PSScavenge::invoke()+0x38
V  [libjvm.so+0x8748f3]  ParallelScavengeHeap::failed_mem_allocate(unsigned long)+0x63
V  [libjvm.so+0x9ecc84]  VM_ParallelGCFailedAllocation::doit()+0x84
V  [libjvm.so+0x9f1197]  VM_Operation::evaluate()+0x47
V  [libjvm.so+0x9efb78]  VMThread::evaluate_operation(VM_Operation*)+0x2c8
V  [libjvm.so+0x9efff9]  VMThread::loop()+0x219
V  [libjvm.so+0x9f0442]  VMThread::run()+0x72
V  [libjvm.so+0x84e792]  java_start(Thread*)+0xf2

VM_Operation (0x00007f8380846380): ParallelGCFailedAllocation, mode: safepoint, requested by thread 0x00007f83d050d000


---------------  P R O C E S S  ---------------

Java Threads: ( => current thread )
  0x00007f83d050d000 JavaThread "ForkJoinPool.commonPool-worker-2" daemon [_thread_blocked, id=28754, stack(0x00007f8380747000,0x00007f8380848000)]
  0x00007f83b8039800 JavaThread "ForkJoinPool.commonPool-worker-0" daemon [_thread_blocked, id=28753, stack(0x00007f8380d35000,0x00007f8380e36000)]
  0x00007f837ce49800 JavaThread "ForkJoinPool.commonPool-worker-1" daemon [_thread_blocked, id=28752, stack(0x00007f8380e36000,0x00007f8380f37000)]
  0x00007f837cb48000 JavaThread "Task worker for ':'" [_thread_blocked, id=28751, stack(0x00007f8380f37000,0x00007f8381038000)]
  0x00007f837cb3e800 JavaThread "Cache worker for task history cache (/home/student/git/Project-01/TreePLE-Android/.gradle/4.1/taskHistory)" [_thread_blocked, id=28750, stack(0x00007f8381038000,0x00007f8381139000)]
  0x00007f837ce4b000 JavaThread "Cache worker for file content cache (/home/student/git/Project-01/TreePLE-Android/.gradle/4.1/fileContent)" [_thread_blocked, id=28749, stack(0x00007f8381339000,0x00007f838143a000)]
  0x00007f837cd54000 JavaThread "Memory manager" [_thread_blocked, id=28748, stack(0x00007f83820da000,0x00007f83821db000)]
  0x00007f837c555000 JavaThread "build operations Thread 2" [_thread_blocked, id=28747, stack(0x00007f8382b04000,0x00007f8382c05000)]
  0x00007f837c349800 JavaThread "build operations" [_thread_blocked, id=28746, stack(0x00007f8382c05000,0x00007f8382d06000)]
  0x00007f837c7c8000 JavaThread "Cache worker for Artifact transforms cache (/home/student/.gradle/caches/transforms-1)" [_thread_blocked, id=28744, stack(0x00007f8382f06000,0x00007f8383007000)]
  0x00007f837c1df000 JavaThread "Cache worker for file hash cache (/home/student/git/Project-01/TreePLE-Android/.gradle/4.1/fileHashes)" [_thread_blocked, id=28743, stack(0x00007f8383cfd000,0x00007f8383dfe000)]
  0x00007f837c190800 JavaThread "File lock request listener" [_thread_in_native, id=28742, stack(0x00007f8383dfe000,0x00007f8383eff000)]
  0x00007f837c187800 JavaThread "Cache worker for file hash cache (/home/student/.gradle/caches/4.1/fileHashes)" [_thread_blocked, id=28741, stack(0x00007f8383eff000,0x00007f8384000000)]
  0x00007f837c070800 JavaThread "Stdin handler" [_thread_blocked, id=28740, stack(0x00007f839424f000,0x00007f8394350000)]
  0x00007f837c061000 JavaThread "Asynchronous log dispatcher for DefaultDaemonConnection: socket connection from /127.0.0.1:36397 to /127.0.0.1:57516" [_thread_blocked, id=28739, stack(0x00007f8394350000,0x00007f8394451000)]
  0x00007f8388007800 JavaThread "Daemon worker" [_thread_blocked, id=28736, stack(0x00007f8394451000,0x00007f8394552000)]
  0x00007f8388006800 JavaThread "Cancel handler" [_thread_blocked, id=28735, stack(0x00007f8394552000,0x00007f8394653000)]
  0x00007f8388004000 JavaThread "Handler for socket connection from /127.0.0.1:36397 to /127.0.0.1:57516" [_thread_in_native, id=28734, stack(0x00007f8394653000,0x00007f8394754000)]
  0x00007f838c045000 JavaThread "Daemon" [_thread_blocked, id=28733, stack(0x00007f8394754000,0x00007f8394855000)]
  0x00007f83d0c76800 JavaThread "Daemon periodic checks" [_thread_blocked, id=28732, stack(0x00007f8394855000,0x00007f8394956000)]
  0x00007f83d0c59800 JavaThread "Incoming local TCP Connector on port 36397" [_thread_in_native, id=28731, stack(0x00007f839495d000,0x00007f8394a5e000)]
  0x00007f83d00ba800 JavaThread "Service Thread" daemon [_thread_blocked, id=28729, stack(0x00007f83bd11c000,0x00007f83bd21d000)]
  0x00007f83d00b8000 JavaThread "C1 CompilerThread1" daemon [_thread_blocked, id=28728, stack(0x00007f83bd21d000,0x00007f83bd31e000)]
  0x00007f83d00b5000 JavaThread "C2 CompilerThread0" daemon [_thread_blocked, id=28727, stack(0x00007f83bd31e000,0x00007f83bd41f000)]
  0x00007f83d00b3800 JavaThread "Signal Dispatcher" daemon [_thread_blocked, id=28726, stack(0x00007f83bd41f000,0x00007f83bd520000)]
  0x00007f83d0080800 JavaThread "Finalizer" daemon [_thread_blocked, id=28725, stack(0x00007f83bd7f8000,0x00007f83bd8f9000)]
  0x00007f83d007c000 JavaThread "Reference Handler" daemon [_thread_blocked, id=28724, stack(0x00007f83bd8f9000,0x00007f83bd9fa000)]
  0x00007f83d000a800 JavaThread "main" [_thread_blocked, id=28720, stack(0x00007f83d8a57000,0x00007f83d8b58000)]

Other Threads:
=>0x00007f83d0074000 VMThread [stack: 0x00007f83bd9fa000,0x00007f83bdafb000] [id=28723]
  0x00007f83d00bd000 WatcherThread [stack: 0x00007f83bd01b000,0x00007f83bd11c000] [id=28730]

VM state:at safepoint (normal execution)

VM Mutex/Monitor currently owned by a thread:  ([mutex/lock_event])
[0x00007f83d0006fe0] Threads_lock - owner thread: 0x00007f83d0074000
[0x00007f83d00074e0] Heap_lock - owner thread: 0x00007f83d050d000

Heap:
 PSYoungGen      total 135680K, used 10229K [0x00000000e0000000, 0x00000000e8e80000, 0x0000000100000000)
  eden space 125440K, 0% used [0x00000000e0000000,0x00000000e0000000,0x00000000e7a80000)
  from space 10240K, 99% used [0x00000000e7a80000,0x00000000e847d4c0,0x00000000e8480000)
  to   space 9216K, 0% used [0x00000000e8500000,0x00000000e8500000,0x00000000e8e00000)
 ParOldGen       total 43520K, used 43270K [0x00000000a0000000, 0x00000000a2a80000, 0x00000000e0000000)
  object space 43520K, 99% used [0x00000000a0000000,0x00000000a2a41800,0x00000000a2a80000)
 Metaspace       used 53144K, capacity 54762K, committed 55000K, reserved 1097728K
  class space    used 7186K, capacity 7580K, committed 7680K, reserved 1048576K

Card table byte_map: [0x00007f83d55d9000,0x00007f83d58da000] byte_map_base: 0x00007f83d50d9000

Marking Bits: (ParMarkBitMap*) 0x00007f83d7f1d3e0
 Begin Bits: [0x00007f83be000000, 0x00007f83bf800000)
 End Bits:   [0x00007f83bf800000, 0x00007f83c1000000)

Polling page: 0x00007f83d8b71000

CodeCache: size=245760Kb used=17860Kb max_used=18383Kb free=227899Kb
 bounds [0x00007f83c1000000, 0x00007f83c2210000, 0x00007f83d0000000]
 total_blobs=6860 nmethods=6104 adapters=667
 compilation: enabled

Compilation events (10 events):
Event: 45.766 Thread 0x00007f83d00b5000 nmethod 7056 0x00007f83c137b750 code [0x00007f83c137b8a0, 0x00007f83c137b9f8]
Event: 45.766 Thread 0x00007f83d00b5000 7060       4       java.nio.Buffer::nextPutIndex (38 bytes)
Event: 45.766 Thread 0x00007f83d00b5000 nmethod 7060 0x00007f83c1ad8e10 code [0x00007f83c1ad8f60, 0x00007f83c1ad8ff8]
Event: 45.766 Thread 0x00007f83d00b5000 7053       4       com.android.dex.Mutf8::countBytes (98 bytes)
Event: 45.788 Thread 0x00007f83d00b5000 nmethod 7053 0x00007f83c114c010 code [0x00007f83c114c160, 0x00007f83c114c498]
Event: 45.788 Thread 0x00007f83d00b5000 7054       4       com.android.dex.Mutf8::encode (153 bytes)
Event: 45.798 Thread 0x00007f83d00b5000 nmethod 7054 0x00007f83c1871410 code [0x00007f83c1871580, 0x00007f83c1871b98]
Event: 45.798 Thread 0x00007f83d00b5000 7064       4       com.android.dex.Leb128::readUnsignedLeb128 (69 bytes)
Event: 45.809 Thread 0x00007f83d00b5000 nmethod 7064 0x00007f83c1623550 code [0x00007f83c16236c0, 0x00007f83c1623a18]
Event: 45.809 Thread 0x00007f83d00b5000 7061       4       com.android.dx.merge.DexMerger$IdMerger::readIntoMap (85 bytes)

GC Heap History (10 events):
Event: 21.033 GC heap after
Heap after GC invocations=12 (full 1):
 PSYoungGen      total 82944K, used 4956K [0x00000000e0000000, 0x00000000e6b00000, 0x0000000100000000)
  eden space 75776K, 0% used [0x00000000e0000000,0x00000000e0000000,0x00000000e4a00000)
  from space 7168K, 69% used [0x00000000e4a00000,0x00000000e4ed7200,0x00000000e5100000)
  to   space 7168K, 0% used [0x00000000e6400000,0x00000000e6400000,0x00000000e6b00000)
 ParOldGen       total 26624K, used 11086K [0x00000000a0000000, 0x00000000a1a00000, 0x00000000e0000000)
  object space 26624K, 41% used [0x00000000a0000000,0x00000000a0ad3978,0x00000000a1a00000)
 Metaspace       used 29616K, capacity 30100K, committed 30336K, reserved 1075200K
  class space    used 4049K, capacity 4201K, committed 4224K, reserved 1048576K
}
Event: 26.754 GC heap before
{Heap before GC invocations=13 (full 1):
 PSYoungGen      total 82944K, used 71177K [0x00000000e0000000, 0x00000000e6b00000, 0x0000000100000000)
  eden space 75776K, 87% used [0x00000000e0000000,0x00000000e40ab2e0,0x00000000e4a00000)
  from space 7168K, 69% used [0x00000000e4a00000,0x00000000e4ed7200,0x00000000e5100000)
  to   space 7168K, 0% used [0x00000000e6400000,0x00000000e6400000,0x00000000e6b00000)
 ParOldGen       total 26624K, used 11086K [0x00000000a0000000, 0x00000000a1a00000, 0x00000000e0000000)
  object space 26624K, 41% used [0x00000000a0000000,0x00000000a0ad3978,0x00000000a1a00000)
 Metaspace       used 34638K, capacity 35170K, committed 35416K, reserved 1079296K
  class space    used 4710K, capacity 4941K, committed 4992K, reserved 1048576K
Event: 26.789 GC heap after
Heap after GC invocations=13 (full 1):
 PSYoungGen      total 102400K, used 5388K [0x00000000e0000000, 0x00000000e7200000, 0x0000000100000000)
  eden space 95232K, 0% used [0x00000000e0000000,0x00000000e0000000,0x00000000e5d00000)
  from space 7168K, 75% used [0x00000000e6400000,0x00000000e6943320,0x00000000e6b00000)
  to   space 7168K, 0% used [0x00000000e5d00000,0x00000000e5d00000,0x00000000e6400000)
 ParOldGen       total 26624K, used 12599K [0x00000000a0000000, 0x00000000a1a00000, 0x00000000e0000000)
  object space 26624K, 47% used [0x00000000a0000000,0x00000000a0c4dc48,0x00000000a1a00000)
 Metaspace       used 34638K, capacity 35170K, committed 35416K, reserved 1079296K
  class space    used 4710K, capacity 4941K, committed 4992K, reserved 1048576K
}
Event: 26.789 GC heap before
{Heap before GC invocations=14 (full 2):
 PSYoungGen      total 102400K, used 5388K [0x00000000e0000000, 0x00000000e7200000, 0x0000000100000000)
  eden space 95232K, 0% used [0x00000000e0000000,0x00000000e0000000,0x00000000e5d00000)
  from space 7168K, 75% used [0x00000000e6400000,0x00000000e6943320,0x00000000e6b00000)
  to   space 7168K, 0% used [0x00000000e5d00000,0x00000000e5d00000,0x00000000e6400000)
 ParOldGen       total 26624K, used 12599K [0x00000000a0000000, 0x00000000a1a00000, 0x00000000e0000000)
  object space 26624K, 47% used [0x00000000a0000000,0x00000000a0c4dc48,0x00000000a1a00000)
 Metaspace       used 34638K, capacity 35170K, committed 35416K, reserved 1079296K
  class space    used 4710K, capacity 4941K, committed 4992K, reserved 1048576K
Event: 27.025 GC heap after
Heap after GC invocations=14 (full 2):
 PSYoungGen      total 102400K, used 0K [0x00000000e0000000, 0x00000000e7200000, 0x0000000100000000)
  eden space 95232K, 0% used [0x00000000e0000000,0x00000000e0000000,0x00000000e5d00000)
  from space 7168K, 0% used [0x00000000e6400000,0x00000000e6400000,0x00000000e6b00000)
  to   space 7168K, 0% used [0x00000000e5d00000,0x00000000e5d00000,0x00000000e6400000)
 ParOldGen       total 41472K, used 16041K [0x00000000a0000000, 0x00000000a2880000, 0x00000000e0000000)
  object space 41472K, 38% used [0x00000000a0000000,0x00000000a0faa500,0x00000000a2880000)
 Metaspace       used 34638K, capacity 35170K, committed 35416K, reserved 1079296K
  class space    used 4710K, capacity 4941K, committed 4992K, reserved 1048576K
}
Event: 30.794 GC heap before
{Heap before GC invocations=15 (full 2):
 PSYoungGen      total 102400K, used 95232K [0x00000000e0000000, 0x00000000e7200000, 0x0000000100000000)
  eden space 95232K, 100% used [0x00000000e0000000,0x00000000e5d00000,0x00000000e5d00000)
  from space 7168K, 0% used [0x00000000e6400000,0x00000000e6400000,0x00000000e6b00000)
  to   space 7168K, 0% used [0x00000000e5d00000,0x00000000e5d00000,0x00000000e6400000)
 ParOldGen       total 41472K, used 16041K [0x00000000a0000000, 0x00000000a2880000, 0x00000000e0000000)
  object space 41472K, 38% used [0x00000000a0000000,0x00000000a0faa500,0x00000000a2880000)
 Metaspace       used 40734K, capacity 41430K, committed 41816K, reserved 1085440K
  class space    used 5441K, capacity 5668K, committed 5760K, reserved 1048576K
Event: 30.831 GC heap after
Heap after GC invocations=15 (full 2):
 PSYoungGen      total 102400K, used 7141K [0x00000000e0000000, 0x00000000e8e00000, 0x0000000100000000)
  eden space 95232K, 0% used [0x00000000e0000000,0x00000000e0000000,0x00000000e5d00000)
  from space 7168K, 99% used [0x00000000e5d00000,0x00000000e63f9408,0x00000000e6400000)
  to   space 9216K, 0% used [0x00000000e8500000,0x00000000e8500000,0x00000000e8e00000)
 ParOldGen       total 41472K, used 19263K [0x00000000a0000000, 0x00000000a2880000, 0x00000000e0000000)
  object space 41472K, 46% used [0x00000000a0000000,0x00000000a12cfc58,0x00000000a2880000)
 Metaspace       used 40734K, capacity 41430K, committed 41816K, reserved 1085440K
  class space    used 5441K, capacity 5668K, committed 5760K, reserved 1048576K
}
Event: 35.627 GC heap before
{Heap before GC invocations=16 (full 2):
 PSYoungGen      total 102400K, used 102373K [0x00000000e0000000, 0x00000000e8e00000, 0x0000000100000000)
  eden space 95232K, 100% used [0x00000000e0000000,0x00000000e5d00000,0x00000000e5d00000)
  from space 7168K, 99% used [0x00000000e5d00000,0x00000000e63f9408,0x00000000e6400000)
  to   space 9216K, 0% used [0x00000000e8500000,0x00000000e8500000,0x00000000e8e00000)
 ParOldGen       total 41472K, used 19263K [0x00000000a0000000, 0x00000000a2880000, 0x00000000e0000000)
  object space 41472K, 46% used [0x00000000a0000000,0x00000000a12cfc58,0x00000000a2880000)
 Metaspace       used 48659K, capacity 50014K, committed 50264K, reserved 1093632K
  class space    used 6549K, capacity 6924K, committed 7040K, reserved 1048576K
Event: 35.690 GC heap after
Heap after GC invocations=16 (full 2):
 PSYoungGen      total 134656K, used 9014K [0x00000000e0000000, 0x00000000e8e80000, 0x0000000100000000)
  eden space 125440K, 0% used [0x00000000e0000000,0x00000000e0000000,0x00000000e7a80000)
  from space 9216K, 97% used [0x00000000e8500000,0x00000000e8dcd840,0x00000000e8e00000)
  to   space 10240K, 0% used [0x00000000e7a80000,0x00000000e7a80000,0x00000000e8480000)
 ParOldGen       total 41472K, used 25595K [0x00000000a0000000, 0x00000000a2880000, 0x00000000e0000000)
  object space 41472K, 61% used [0x00000000a0000000,0x00000000a18fedb0,0x00000000a2880000)
 Metaspace       used 48659K, capacity 50014K, committed 50264K, reserved 1093632K
  class space    used 6549K, capacity 6924K, committed 7040K, reserved 1048576K
}
Event: 45.885 GC heap before
{Heap before GC invocations=17 (full 2):
 PSYoungGen      total 134656K, used 134454K [0x00000000e0000000, 0x00000000e8e80000, 0x0000000100000000)
  eden space 125440K, 100% used [0x00000000e0000000,0x00000000e7a80000,0x00000000e7a80000)
  from space 9216K, 97% used [0x00000000e8500000,0x00000000e8dcd840,0x00000000e8e00000)
  to   space 10240K, 0% used [0x00000000e7a80000,0x00000000e7a80000,0x00000000e8480000)
 ParOldGen       total 41472K, used 25595K [0x00000000a0000000, 0x00000000a2880000, 0x00000000e0000000)
  object space 41472K, 61% used [0x00000000a0000000,0x00000000a18fedb0,0x00000000a2880000)
 Metaspace       used 53144K, capacity 54762K, committed 55000K, reserved 1097728K
  class space    used 7186K, capacity 7580K, committed 7680K, reserved 1048576K

Deoptimization events (10 events):
Event: 42.939 Thread 0x00007f837cb48000 Uncommon trap: reason=unstable_if action=reinterpret pc=0x00007f83c219e088 method=org.gradle.api.internal.file.pattern.PatternMatcherFactory$PathMatcherBackedSpec.isSatisfiedBy(Lorg/gradle/api/file/RelativePath;)Z @ 11
Event: 42.941 Thread 0x00007f837cb48000 Uncommon trap: reason=unstable_if action=reinterpret pc=0x00007f83c219ff34 method=org.gradle.api.internal.file.pattern.PatternMatcherFactory$PathMatcherBackedSpec.isSatisfiedBy(Lorg/gradle/api/file/RelativePath;)Z @ 11
Event: 42.944 Thread 0x00007f837cb48000 Uncommon trap: reason=unstable_if action=reinterpret pc=0x00007f83c217d44c method=org.gradle.api.internal.file.pattern.FixedStepPathMatcher.matches([Ljava/lang/String;I)Z @ 35
Event: 42.951 Thread 0x00007f837cb48000 Uncommon trap: reason=bimorphic action=maybe_recompile pc=0x00007f83c1793b24 method=java.util.HashMap.removeNode(ILjava/lang/Object;Ljava/lang/Object;ZZ)Ljava/util/HashMap$Node; @ 143
Event: 43.200 Thread 0x00007f837cb3e800 Uncommon trap: reason=bimorphic action=maybe_recompile pc=0x00007f83c1f2ecd4 method=java.io.BufferedInputStream.read1([BII)I @ 39
Event: 43.272 Thread 0x00007f837cb48000 Uncommon trap: reason=unstable_if action=reinterpret pc=0x00007f83c2169ca8 method=org.gradle.api.internal.file.pattern.FixedStepPathMatcher.matches([Ljava/lang/String;I)Z @ 35
Event: 43.690 Thread 0x00007f837cb3e800 Uncommon trap: reason=bimorphic action=maybe_recompile pc=0x00007f83c1f29fc4 method=java.io.BufferedInputStream.read1([BII)I @ 39
Event: 43.974 Thread 0x00007f837cb48000 Uncommon trap: reason=unstable_if action=reinterpret pc=0x00007f83c14755c4 method=org.gradle.api.internal.file.pattern.PatternMatcherFactory$PathMatcherBackedSpec.isSatisfiedBy(Lorg/gradle/api/file/RelativePath;)Z @ 11
Event: 44.801 Thread 0x00007f837ce49800 Uncommon trap: reason=unstable_if action=reinterpret pc=0x00007f83c21f16ac method=java.util.concurrent.ForkJoinPool.helpStealer(Ljava/util/concurrent/ForkJoinPool$WorkQueue;Ljava/util/concurrent/ForkJoinTask;)V @ 95
Event: 45.399 Thread 0x00007f83b8039800 Uncommon trap: reason=unstable_if action=reinterpret pc=0x00007f83c12a6f98 method=sun.nio.fs.UnixPath.compareTo(Ljava/nio/file/Path;)I @ 73

Classes redefined (0 events):
No events

Internal exceptions (10 events):
Event: 37.715 Thread 0x00007f8388007800 Exception <a 'java/lang/NoSuchMethodError': <clinit>> (0x00000000e2770b70) thrown at [/ssd/Android/AOSP-openjdk-git/jdk8u/hotspot/src/share/vm/prims/jni.cpp, line 1613]
Event: 37.719 Thread 0x00007f8388007800 Exception <a 'java/lang/NoSuchMethodError': <clinit>> (0x00000000e277f720) thrown at [/ssd/Android/AOSP-openjdk-git/jdk8u/hotspot/src/share/vm/prims/jni.cpp, line 1613]
Event: 37.774 Thread 0x00007f8388007800 Exception <a 'java/lang/NoSuchMethodError': <clinit>> (0x00000000e2819448) thrown at [/ssd/Android/AOSP-openjdk-git/jdk8u/hotspot/src/share/vm/prims/jni.cpp, line 1613]
Event: 37.776 Thread 0x00007f8388007800 Exception <a 'java/lang/NoSuchMethodError': <clinit>> (0x00000000e2835148) thrown at [/ssd/Android/AOSP-openjdk-git/jdk8u/hotspot/src/share/vm/prims/jni.cpp, line 1613]
Event: 37.777 Thread 0x00007f8388007800 Exception <a 'java/lang/NoSuchMethodError': <clinit>> (0x00000000e2836fb0) thrown at [/ssd/Android/AOSP-openjdk-git/jdk8u/hotspot/src/share/vm/prims/jni.cpp, line 1613]
Event: 37.849 Thread 0x00007f837cd54000 Exception <a 'java/io/IOException'> (0x00000000e29ffc28) thrown at [/ssd/Android/AOSP-openjdk-git/jdk8u/hotspot/src/share/vm/prims/jni.cpp, line 709]
Event: 41.827 Thread 0x00007f8388007800 Exception <a 'java/lang/NoSuchMethodError': <clinit>> (0x00000000e28c03e8) thrown at [/ssd/Android/AOSP-openjdk-git/jdk8u/hotspot/src/share/vm/prims/jni.cpp, line 1613]
Event: 41.828 Thread 0x00007f8388007800 Exception <a 'java/lang/NoSuchMethodError': <clinit>> (0x00000000e28cacf8) thrown at [/ssd/Android/AOSP-openjdk-git/jdk8u/hotspot/src/share/vm/prims/jni.cpp, line 1613]
Event: 42.845 Thread 0x00007f837cd54000 Exception <a 'java/io/IOException'> (0x00000000e2a083b8) thrown at [/ssd/Android/AOSP-openjdk-git/jdk8u/hotspot/src/share/vm/prims/jni.cpp, line 709]
Event: 43.292 Thread 0x00007f837cb48000 Exception <a 'java/lang/NoSuchMethodError': <clinit>> (0x00000000e545efe0) thrown at [/ssd/Android/AOSP-openjdk-git/jdk8u/hotspot/src/share/vm/prims/jni.cpp, line 1613]

Events (10 events):
Event: 45.576 loading class com/android/dx/merge/InstructionTransformer$CallSiteVisitor done
Event: 45.580 loading class com/android/dx/merge/DexMerger$1
Event: 45.580 loading class com/android/dx/merge/DexMerger$1 done
Event: 45.580 loading class com/android/dx/merge/DexMerger$IdMerger
Event: 45.580 loading class com/android/dx/merge/DexMerger$IdMerger done
Event: 45.590 loading class com/android/dex/Leb128
Event: 45.590 loading class com/android/dex/Leb128 done
Event: 45.590 loading class com/android/dex/Mutf8
Event: 45.590 loading class com/android/dex/Mutf8 done
Event: 45.884 Executing VM operation: ParallelGCFailedAllocation


Dynamic libraries:
00400000-00401000 r-xp 00000000 08:01 559367                             /home/student/Android/android-studio/jre/bin/java
00600000-00601000 r--p 00000000 08:01 559367                             /home/student/Android/android-studio/jre/bin/java
00601000-00602000 rw-p 00001000 08:01 559367                             /home/student/Android/android-studio/jre/bin/java
0153c000-0155d000 rw-p 00000000 00:00 0                                  [heap]
a0000000-a2a80000 rw-p 00000000 00:00 0 
a2a80000-e0000000 ---p 00000000 00:00 0 
e0000000-e8e80000 rw-p 00000000 00:00 0 
ec400000-100000000 ---p 00000000 00:00 0 
100000000-100780000 rw-p 00000000 00:00 0 
100780000-140000000 ---p 00000000 00:00 0 
7f837c000000-7f837d153000 rw-p 00000000 00:00 0 
7f837d153000-7f8380000000 ---p 00000000 00:00 0 
7f8380547000-7f8380587000 rw-p 00000000 00:00 0 
7f8380587000-7f8380747000 ---p 00000000 00:00 0 
7f8380747000-7f838074a000 ---p 00000000 00:00 0 
7f838074a000-7f8380d35000 rw-p 00000000 00:00 0 
7f8380d35000-7f8380d38000 ---p 00000000 00:00 0 
7f8380d38000-7f8380e36000 rw-p 00000000 00:00 0 
7f8380e36000-7f8380e39000 ---p 00000000 00:00 0 
7f8380e39000-7f8380f37000 rw-p 00000000 00:00 0 
7f8380f37000-7f8380f3a000 ---p 00000000 00:00 0 
7f8380f3a000-7f8381038000 rw-p 00000000 00:00 0 
7f8381038000-7f838103b000 ---p 00000000 00:00 0 
7f838103b000-7f8381339000 rw-p 00000000 00:00 0 
7f8381339000-7f838133c000 ---p 00000000 00:00 0 
7f838133c000-7f838163a000 rw-p 00000000 00:00 0 
7f838163a000-7f838183a000 rw-p 00000000 00:00 0 
7f838183a000-7f8381a3a000 rw-p 00000000 00:00 0 
7f8381a3a000-7f8381c3a000 rw-p 00000000 00:00 0 
7f8381c3a000-7f8381c3d000 r--s 00015000 08:01 559441                     /home/student/Android/android-studio/jre/jre/lib/jce.jar
7f8381cc8000-7f8381cda000 r--s 00345000 08:01 559442                     /home/student/Android/android-studio/jre/jre/lib/resources.jar
7f8381cda000-7f8381eda000 rw-p 00000000 00:00 0 
7f8381eda000-7f83820da000 rw-p 00000000 00:00 0 
7f83820da000-7f83820dd000 ---p 00000000 00:00 0 
7f83820dd000-7f83823db000 rw-p 00000000 00:00 0 
7f83823db000-7f83825d1000 rw-p 00000000 00:00 0 
7f83825d1000-7f83825db000 ---p 00000000 00:00 0 
7f83825db000-7f83825e6000 r--s 00081000 08:01 171217                     /home/student/.gradle/caches/jars-3/fc6e889a0f45cc9752787eb60f920103/trove4j-20160824.jar
7f83825e6000-7f8382669000 r--s 00758000 08:01 171215                     /home/student/.gradle/caches/jars-3/b46ab84062ddfd52701cfe0a9718e764/intellij-core-26.0.1.jar
7f8382669000-7f838266f000 r--s 00033000 08:01 171213                     /home/student/.gradle/caches/jars-3/f96c897d327ea500d64fe3af2833bd50/commons-codec-1.6.jar
7f838266f000-7f8382671000 r--s 0000d000 08:01 816011                     /home/student/.gradle/caches/jars-3/ccc849edcf9fccd61ed937bf93ffe896/commons-logging-1.1.1.jar
7f8382671000-7f8382677000 r--s 00032000 08:01 816010                     /home/student/.gradle/caches/jars-3/72e344059d1923829968d0d38b0c3c72/httpcore-4.2.5.jar
7f8382677000-7f8382678000 r--s 00004000 08:01 816009                     /home/student/.gradle/caches/jars-3/3a4299d1ce3e273e7c03a9ccf5a1e333/annotations-12.0.jar
7f8382678000-7f8382679000 r--s 00000000 08:01 816008                     /home/student/.gradle/caches/jars-3/0e2fbc3b8c56d2975eca90c524790c13/animal-sniffer-annotations-1.14.jar
7f8382679000-7f838267b000 r--s 00001000 08:01 816007                     /home/student/.gradle/caches/jars-3/ad41f8f3ac67c0323ce9eb1c20c8dc3f/j2objc-annotations-1.1.jar
7f838267b000-7f838267c000 r--s 00002000 08:01 816006                     /home/student/.gradle/caches/jars-3/9edb0f46b907c34c4718edabde6c791c/error_prone_annotations-2.0.18.jar
7f838267c000-7f838267f000 r--s 00006000 08:01 816005                     /home/student/.gradle/caches/jars-3/b58a9bc3bbba42132e4abc0bacae8da1/jsr305-1.3.9.jar
7f838267f000-7f8382680000 r--s 0000a000 08:01 816004                     /home/student/.gradle/caches/jars-3/5b8b36ed61fe92731031cca3c9b3a0b3/kxml2-2.3.0.jar
7f8382680000-7f8382682000 r--s 00005000 08:01 816003                     /home/student/.gradle/caches/jars-3/f10e1e1978816198f2eb1189c974b440/httpmime-4.1.jar
7f8382682000-7f838268c000 r--s 00061000 08:01 816002                     /home/student/.gradle/caches/jars-3/bc4b2527f35dc983f759e8f85f3f8d52/httpclient-4.2.6.jar
7f838268c000-7f8382695000 r--s 00064000 08:01 816001                     /home/student/.gradle/caches/jars-3/fc37c717528c2a0d27f3e3621835f781/commons-compress-1.12.jar
7f8382695000-7f838269a000 r--s 0002e000 08:01 816000                     /home/student/.gradle/caches/jars-3/c5bcda7f6f4809e9c92270f99e51f154/gson-2.3.jar
7f838269a000-7f83826aa000 r--s 000d6000 08:01 815999                     /home/student/.gradle/caches/jars-3/dbdb8caed2514263a34702cc763c6785/proguard-base-5.3.3.jar
7f83826aa000-7f83826ac000 r--s 00003000 08:01 815998                     /home/student/.gradle/caches/jars-3/01ab8600ebbfdcaf9b89b45c2b992e82/annotations-13.0.jar
7f83826ac000-7f83826ad000 r--s 00001000 08:01 815997                     /home/student/.gradle/caches/jars-3/dccac9b7f67766e57200b1770178f61c/annotations-26.0.1.jar
7f83826ad000-7f83826b0000 r--s 00033000 08:01 815996                     /home/student/.gradle/caches/jars-3/0ce03714647bf7bd3c78634c20ddbf38/juniversalchardet-1.0.3.jar
7f83826b0000-7f83826b4000 r--s 0002a000 08:01 815995                     /home/student/.gradle/caches/jars-3/9849af6d4b0409ba64061601342f385d/commons-io-2.4.jar
7f83826b4000-7f83826cb000 r--s 00154000 08:01 815994                     /home/student/.gradle/caches/jars-3/57adf9abd30c921d4ea1dfdcfe7b9efd/antlr4-4.5.3.jar
7f83826cb000-7f83826cc000 r--s 00003000 08:01 815993                     /home/student/.gradle/caches/jars-3/54a15dd332fd4c2e246ad396835dc0d2/baseLibrary-3.0.1.jar
7f83826cc000-7f83826fc000 r--s 00245000 08:01 815992                     /home/student/.gradle/caches/jars-3/8e27cdebb49ba2f804f9403d90aaaac5/guava-22.0.jar
7f83826fc000-7f8382704000 r--s 000a8000 08:01 815991                     /home/student/.gradle/caches/jars-3/6cc57ce9ec0d90186f781694264d61bc/lombok-ast-0.2.3.jar
7f8382704000-7f8382708000 r--s 0002f000 08:01 815990                     /home/student/.gradle/caches/jars-3/505fcc8c47da308b2f1262f0ff3c65f1/jimfs-1.1.jar
7f8382708000-7f838271b000 r--s 00241000 08:01 815989                     /home/student/.gradle/caches/jars-3/d8dc71eb6d91c966c45f7b594129e14a/ecj-4.6.1.jar
7f838271b000-7f8382840000 r--s 00f5d000 08:01 815987                     /home/student/.gradle/caches/jars-3/dfd566a90e18a0aa75879c33e0731ab8/fastutil-7.2.0.jar
7f8382840000-7f838288b000 r--s 002ff000 08:01 815986                     /home/student/.gradle/caches/jars-3/d3d44e9a7fcb4a86fb40775c385dd3d0/bcprov-jdk15on-1.56.jar
7f838288b000-7f838289c000 r--s 00097000 08:01 815985                     /home/student/.gradle/caches/jars-3/59ebb77d99c5ca0e24bb23272e0329dd/bcpkix-jdk15on-1.56.jar
7f838289c000-7f838289e000 r--s 00002000 08:01 815984                     /home/student/.gradle/caches/jars-3/f268e5e8fc83bb846ac355d6a16b1f30/javawriter-2.5.0.jar
7f838289e000-7f83828a3000 r--s 0003b000 08:01 815983                     /home/student/.gradle/caches/jars-3/91bf67441f6ac57ccbb374f99f9ed0fc/apksig-3.0.1.jar
7f83828a3000-7f83828a6000 r--s 00024000 08:01 815982                     /home/student/.gradle/caches/jars-3/04183dcd1bde85515b23d1bbd46ea9bc/common-26.0.1.jar
7f83828a6000-7f83828a8000 r--s 00006000 08:01 815981                     /home/student/.gradle/caches/jars-3/a0ea702af2bdb16dfa1a50969b155dea/dvlib-26.0.1.jar
7f83828a8000-7f83828ab000 r--s 00014000 08:01 722665                     /home/student/.gradle/caches/jars-3/6abb718b4b844aa0386163f0c2f6eb72/layoutlib-api-26.0.1.jar
7f83828ab000-7f83828b0000 r--s 0004d000 08:01 722663                     /home/student/.gradle/caches/jars-3/65a80584522712b8832b7c1c03186c4b/ddmlib-26.0.1.jar
7f83828b0000-7f83828bf000 r--s 00130000 08:01 815980                     /home/student/.gradle/caches/jars-3/72ba1443c6adcea1f6ba21e12f0bb0fc/protobuf-java-3.0.0.jar
7f83828bf000-7f83828d2000 r--s 001a8000 08:01 815979                     /home/student/.gradle/caches/jars-3/a1cbdfb97e256e71fcbd29dc4584a785/protos-26.0.1.jar
7f83828d2000-7f8382904000 r--s 0021b000 08:01 815965                     /home/student/.gradle/caches/jars-3/24b2127528a18b338af82ff7ea236d45/kotlin-reflect-1.1.3-2.jar
7f8382904000-7f8382b04000 rw-p 00000000 00:00 0 
7f8382b04000-7f8382b07000 ---p 00000000 00:00 0 
7f8382b07000-7f8382c05000 rw-p 00000000 00:00 0 
7f8382c05000-7f8382c08000 ---p 00000000 00:00 0 
7f8382c08000-7f8382f06000 rw-p 00000000 00:00 0 
7f8382f06000-7f8382f09000 ---p 00000000 00:00 0 
7f8382f09000-7f8383207000 rw-p 00000000 00:00 0 
7f8383207000-7f8383407000 rw-p 00000000 00:00 0 
7f8383407000-7f8383607000 rw-p 00000000 00:00 0 
7f8383607000-7f8383807000 rw-p 00000000 00:00 0 
7f8383807000-7f8383808000 r--s 00003000 08:01 815988                     /home/student/.gradle/caches/jars-3/fdb8f5ebd6a086c4818336712b830716/json-simple-1.1.jar
7f8383808000-7f8383809000 r--s 00003000 08:01 722661                     /home/student/.gradle/caches/jars-3/af01854c900e4906a368ef59064a245d/builder-test-api-3.0.1.jar
7f8383809000-7f838380c000 r--s 00007000 08:01 722659                     /home/student/.gradle/caches/jars-3/124ec36ab4edce0919b54d1123daa364/builder-model-3.0.1.jar
7f838380c000-7f838380d000 r--s 00005000 08:01 815978                     /home/student/.gradle/caches/jars-3/ca5180624b528b15325a5d002dbfbb6d/shared-26.0.1.jar
7f838380d000-7f838380f000 r--s 00004000 08:01 815977                     /home/student/.gradle/caches/jars-3/07f12c2b6f66ca8d4d6bd02e9c9b060a/tracker-26.0.1.jar
7f838380f000-7f8383811000 r--s 00002000 08:01 815976                     /home/student/.gradle/caches/jars-3/e91624d2ed1c3b55eec9fd768ed13c1d/proguard-gradle-5.3.3.jar
7f8383811000-7f8383813000 r--s 0000f000 08:01 815975                     /home/student/.gradle/caches/jars-3/96760c32d36a5d7066e3ccf088bfd362/jopt-simple-4.9.jar
7f8383813000-7f8383817000 r--s 0001e000 08:01 815974                     /home/student/.gradle/caches/jars-3/0d3e95aba631209a078aeec58a76633d/org.jacoco.core-0.7.4.201502262128.jar
7f8383817000-7f838381a000 r--s 00020000 08:01 815973                     /home/student/.gradle/caches/jars-3/c72fc284d34f39eab57a4e3ba83405e9/org.jacoco.report-0.7.4.201502262128.jar
7f838381a000-7f838381c000 r--s 0000c000 08:01 815972                     /home/student/.gradle/caches/jars-3/9b0a36633c92c6e87e62c81734593183/asm-5.1.jar
7f838381c000-7f838381e000 r--s 00006000 08:01 815971                     /home/student/.gradle/caches/jars-3/50c8a7da333c41693b2b7ce95b6d9d89/asm-tree-5.1.jar
7f838381e000-7f838381f000 r--s 0000a000 08:01 815970                     /home/student/.gradle/caches/jars-3/c4f1f1d5a624f981d35a78d181e2c418/asm-util-5.1.jar
7f838381f000-7f8383821000 r--s 0000a000 08:01 815969                     /home/student/.gradle/caches/jars-3/d37aa405961c464c627b1efe5def81b8/asm-commons-5.1.jar
7f8383821000-7f8383830000 r--s 000c8000 08:01 815966                     /home/student/.gradle/caches/jars-3/af931fae44e009148423077fa09abbd1/kotlin-stdlib-1.1.3-2.jar
7f8383830000-7f8383836000 r--s 00030000 08:01 815964                     /home/student/.gradle/caches/jars-3/90ec49f8b88710e2876aefe447609abb/repository-26.0.1.jar
7f8383836000-7f8383841000 r--s 0009b000 08:01 815963                     /home/student/.gradle/caches/jars-3/af771564c510a1c104220a8be892ab2d/sdklib-26.0.1.jar
7f8383841000-7f8383850000 r--s 000da000 08:01 815962                     /home/student/.gradle/caches/jars-3/50767da85151ce151711c301f4a0623c/sdk-common-26.0.1.jar
7f8383850000-7f8383854000 r--s 00023000 08:01 815961                     /home/student/.gradle/caches/jars-3/186e268c3a12c0a405d658dabf9d64d2/manifest-merger-26.0.1.jar
7f8383854000-7f8383884000 r--s 01983000 08:01 815954                     /home/student/.gradle/caches/jars-3/add7f1627b730db059119a8274a10c21/builder-3.0.1.jar
7f8383884000-7f8383a84000 rw-p 00000000 00:00 0 
7f8383a84000-7f8383afd000 r--s 010fd000 08:01 559417                     /home/student/Android/android-studio/jre/lib/tools.jar
7f8383afd000-7f8383cfd000 rw-p 00000000 00:00 0 
7f8383cfd000-7f8383d00000 ---p 00000000 00:00 0 
7f8383d00000-7f8383dfe000 rw-p 00000000 00:00 0 
7f8383dfe000-7f8383e01000 ---p 00000000 00:00 0 
7f8383e01000-7f8383eff000 rw-p 00000000 00:00 0 
7f8383eff000-7f8383f02000 ---p 00000000 00:00 0 
7f8383f02000-7f8384000000 rw-p 00000000 00:00 0 
7f8384000000-7f8384021000 rw-p 00000000 00:00 0 
7f8384021000-7f8388000000 ---p 00000000 00:00 0 
7f8388000000-7f838828f000 rw-p 00000000 00:00 0 
7f838828f000-7f838c000000 ---p 00000000 00:00 0 
7f838c000000-7f838c07a000 rw-p 00000000 00:00 0 
7f838c07a000-7f8390000000 ---p 00000000 00:00 0 
7f8390000000-7f8390021000 rw-p 00000000 00:00 0 
7f8390021000-7f8394000000 ---p 00000000 00:00 0 
7f8394000000-7f8394001000 r--s 00004000 08:01 815968                     /home/student/.gradle/caches/jars-3/2b2689d10a4425b1cb2d0654db2ea088/asm-analysis-5.1.jar
7f8394001000-7f8394002000 r--s 00000000 08:01 815967                     /home/student/.gradle/caches/jars-3/5206138fb8a6b2ffbd31e140916c2100/transform-api-2.0.0-deprecated-use-gradle-api.jar
7f8394002000-7f8394006000 r--s 0002e000 08:01 815960                     /home/student/.gradle/caches/jars-3/c519ce7b2f3637e909703f541c08c445/compilerCommon-3.0.1.jar
7f8394006000-7f8394008000 r--s 00003000 08:01 815959                     /home/student/.gradle/caches/jars-3/34cfdbf6cad3f54cc2f45521bf0374e7/gradle-api-3.0.1.jar
7f8394008000-7f8394017000 r--s 000cb000 08:01 815958                     /home/student/.gradle/caches/jars-3/e5c09abb4b0acf0785ecd8a8015ab959/uast-26.0.1.jar
7f8394017000-7f839401e000 r--s 0007f000 08:01 815957                     /home/student/.gradle/caches/jars-3/b1f5a73634581e955e7f89376aea2d48/lint-api-26.0.1.jar
7f839401e000-7f8394027000 r--s 000ff000 08:01 815956                     /home/student/.gradle/caches/jars-3/75e696a5531ca85e1fe447df83f74bd2/lint-checks-26.0.1.jar
7f8394027000-7f839402a000 r--s 00039000 08:01 815955                     /home/student/.gradle/caches/jars-3/7fa6c4fcdd1d81db4cc9c7439ce29486/lint-26.0.1.jar
7f839402a000-7f839404d000 r--s 0020b000 08:01 815953                     /home/student/.gradle/caches/jars-3/4adae2b762c8552c6e3aa2ded1493e4b/gradle-core-3.0.1.jar
7f839404d000-7f839404f000 r--s 0000f000 08:01 815952                     /home/student/.gradle/caches/jars-3/afd86a0d8507fd7f2e97461eaf9e4416/gradle-3.0.1.jar
7f839404f000-7f839424f000 rw-p 00000000 00:00 0 
7f839424f000-7f8394252000 ---p 00000000 00:00 0 
7f8394252000-7f8394350000 rw-p 00000000 00:00 0 
7f8394350000-7f8394353000 ---p 00000000 00:00 0 
7f8394353000-7f8394451000 rw-p 00000000 00:00 0 
7f8394451000-7f8394454000 ---p 00000000 00:00 0 
7f8394454000-7f8394552000 rw-p 00000000 00:00 0 
7f8394552000-7f8394555000 ---p 00000000 00:00 0 
7f8394555000-7f8394653000 rw-p 00000000 00:00 0 
7f8394653000-7f8394656000 ---p 00000000 00:00 0 
7f8394656000-7f8394754000 rw-p 00000000 00:00 0 
7f8394754000-7f8394757000 ---p 00000000 00:00 0 
7f8394757000-7f8394855000 rw-p 00000000 00:00 0 
7f8394855000-7f8394858000 ---p 00000000 00:00 0 
7f8394858000-7f8394956000 rw-p 00000000 00:00 0 
7f8394956000-7f839495d000 r--s 00000000 08:01 413718                     /usr/lib/x86_64-linux-gnu/gconv/gconv-modules.cache
7f839495d000-7f8394960000 ---p 00000000 00:00 0 
7f8394960000-7f8394a5e000 rw-p 00000000 00:00 0 
7f8394a5e000-7f8394a63000 r--s 0009a000 08:01 559507                     /home/student/Android/android-studio/jre/jre/lib/jsse.jar
7f8394a63000-7f8394c63000 rw-p 00000000 00:00 0 
7f8394c63000-7f8394c6c000 r-xp 00000000 08:01 559487                     /home/student/Android/android-studio/jre/jre/lib/amd64/libmanagement.so
7f8394c6c000-7f8394e6b000 ---p 00009000 08:01 559487                     /home/student/Android/android-studio/jre/jre/lib/amd64/libmanagement.so
7f8394e6b000-7f8394e6c000 r--p 00008000 08:01 559487                     /home/student/Android/android-studio/jre/jre/lib/amd64/libmanagement.so
7f8394e6c000-7f8394e6d000 rw-p 00009000 08:01 559487                     /home/student/Android/android-studio/jre/jre/lib/amd64/libmanagement.so
7f8394e6d000-7f8394e6f000 r--s 00007000 08:01 422909                     /home/student/.gradle/wrapper/dists/gradle-4.1-all/bzyivzo6n839fup2jbap0tjew/gradle-4.1/lib/plugins/gradle-tooling-api-builders-4.1.jar
7f8394e6f000-7f8394e72000 r--s 00009000 08:01 422919                     /home/student/.gradle/wrapper/dists/gradle-4.1-all/bzyivzo6n839fup2jbap0tjew/gradle-4.1/lib/plugins/gradle-testing-native-4.1.jar
7f8394e72000-7f8394e74000 r--s 00009000 08:01 422992                     /home/student/.gradle/wrapper/dists/gradle-4.1-all/bzyivzo6n839fup2jbap0tjew/gradle-4.1/lib/plugins/hamcrest-core-1.3.jar
7f8394e74000-7f8394e79000 r--s 00040000 08:01 422987                     /home/student/.gradle/wrapper/dists/gradle-4.1-all/bzyivzo6n839fup2jbap0tjew/gradle-4.1/lib/plugins/bsh-2.0b4.jar
7f8394e79000-7f8394e7b000 r--s 00006000 08:01 422988                     /home/student/.gradle/wrapper/dists/gradle-4.1-all/bzyivzo6n839fup2jbap0tjew/gradle-4.1/lib/plugins/jcommander-1.12.jar
7f8394e7b000-7f8394e81000 r--s 00033000 08:01 422989                     /home/student/.gradle/wrapper/dists/gradle-4.1-all/bzyivzo6n839fup2jbap0tjew/gradle-4.1/lib/plugins/snakeyaml-1.6.jar
7f8394e81000-7f8394e8a000 r--s 00089000 08:01 422947                     /home/student/.gradle/wrapper/dists/gradle-4.1-all/bzyivzo6n839fup2jbap0tjew/gradle-4.1/lib/plugins/testng-6.3.1.jar
7f8394e8a000-7f8394e92000 r--s 00045000 08:01 422948                     /home/student/.gradle/wrapper/dists/gradle-4.1-all/bzyivzo6n839fup2jbap0tjew/gradle-4.1/lib/plugins/junit-4.12.jar
7f8394e92000-7f8394e98000 r--s 0002e000 08:01 422915                     /home/student/.gradle/wrapper/dists/gradle-4.1-all/bzyivzo6n839fup2jbap0tjew/gradle-4.1/lib/plugins/gradle-testing-jvm-4.1.jar
7f8394e98000-7f8394e9c000 r--s 00017000 08:01 422923                     /home/student/.gradle/wrapper/dists/gradle-4.1-all/bzyivzo6n839fup2jbap0tjew/gradle-4.1/lib/plugins/gradle-testing-base-4.1.jar
7f8394e9c000-7f8394ea3000 r--s 00038000 08:01 422943                     /home/student/.gradle/wrapper/dists/gradle-4.1-all/bzyivzo6n839fup2jbap0tjew/gradle-4.1/lib/plugins/bcpg-jdk15on-1.51.jar
7f8394ea3000-7f8394ea5000 r--s 0000c000 08:01 422894                     /home/student/.gradle/wrapper/dists/gradle-4.1-all/bzyivzo6n839fup2jbap0tjew/gradle-4.1/lib/plugins/gradle-signing-4.1.jar
7f8394ea5000-7f8394ea7000 r--s 00007000 08:01 422900                     /home/student/.gradle/wrapper/dists/gradle-4.1-all/bzyivzo6n839fup2jbap0tjew/gradle-4.1/lib/plugins/gradle-scala-4.1.jar
7f8394ea7000-7f8394ea8000 r--s 00004000 08:01 422931                     /home/student/.gradle/wrapper/dists/gradle-4.1-all/bzyivzo6n839fup2jbap0tjew/gradle-4.1/lib/plugins/gradle-resources-sftp-4.1.jar
7f8394ea8000-7f8394eb8000 r--s 00088000 08:01 422960                     /home/student/.gradle/wrapper/dists/gradle-4.1-all/bzyivzo6n839fup2jbap0tjew/gradle-4.1/lib/plugins/joda-time-2.8.2.jar
7f8394eb8000-7f8394ec9000 r--s 0010d000 08:01 422959                     /home/student/.gradle/wrapper/dists/gradle-4.1-all/bzyivzo6n839fup2jbap0tjew/gradle-4.1/lib/plugins/jackson-databind-2.6.6.jar
7f8394ec9000-7f8394ecc000 r--s 00009000 08:01 422958                     /home/student/.gradle/wrapper/dists/gradle-4.1-all/bzyivzo6n839fup2jbap0tjew/gradle-4.1/lib/plugins/jackson-annotations-2.6.6.jar
7f8394ecc000-7f8394ed0000 r--s 0003c000 08:01 422957                     /home/student/.gradle/wrapper/dists/gradle-4.1-all/bzyivzo6n839fup2jbap0tjew/gradle-4.1/lib/plugins/jackson-core-2.6.6.jar
7f8394ed0000-7f8394ede000 r--s 00087000 08:01 422956                     /home/student/.gradle/wrapper/dists/gradle-4.1-all/bzyivzo6n839fup2jbap0tjew/gradle-4.1/lib/plugins/aws-java-sdk-core-1.11.6.jar
7f8394ede000-7f8394ee5000 r--s 00057000 08:01 422955                     /home/student/.gradle/wrapper/dists/gradle-4.1-all/bzyivzo6n839fup2jbap0tjew/gradle-4.1/lib/plugins/aws-java-sdk-kms-1.11.6.jar
7f8394ee5000-7f8394ef2000 r--s 0008e000 08:01 422954                     /home/student/.gradle/wrapper/dists/gradle-4.1-all/bzyivzo6n839fup2jbap0tjew/gradle-4.1/lib/plugins/aws-java-sdk-s3-1.11.6.jar
7f8394ef2000-7f8394ef4000 r--s 00004000 08:01 422928                     /home/student/.gradle/wrapper/dists/gradle-4.1-all/bzyivzo6n839fup2jbap0tjew/gradle-4.1/lib/plugins/gradle-resources-s3-4.1.jar
7f8394ef4000-7f8394ef6000 r--s 00010000 08:01 422924                     /home/student/.gradle/wrapper/dists/gradle-4.1-all/bzyivzo6n839fup2jbap0tjew/gradle-4.1/lib/plugins/gradle-reporting-4.1.jar
7f8394ef6000-7f8394ef8000 r--s 00002000 08:01 422925                     /home/student/.gradle/wrapper/dists/gradle-4.1-all/bzyivzo6n839fup2jbap0tjew/gradle-4.1/lib/plugins/gradle-publish-4.1.jar
7f8394ef8000-7f8394efa000 r--s 00009000 08:01 422936                     /home/student/.gradle/wrapper/dists/gradle-4.1-all/bzyivzo6n839fup2jbap0tjew/gradle-4.1/lib/plugins/commons-cli-1.2.jar
7f8394efa000-7f8394f00000 r--s 00036000 08:01 422908                     /home/student/.gradle/wrapper/dists/gradle-4.1-all/bzyivzo6n839fup2jbap0tjew/gradle-4.1/lib/plugins/gradle-plugins-4.1.jar
7f8394f00000-7f8394f02000 r--s 00009000 08:01 422895                     /home/student/.gradle/wrapper/dists/gradle-4.1-all/bzyivzo6n839fup2jbap0tjew/gradle-4.1/lib/plugins/gradle-plugin-development-4.1.jar
7f8394f02000-7f8394f08000 r--s 0002b000 08:01 422903                     /home/student/.gradle/wrapper/dists/gradle-4.1-all/bzyivzo6n839fup2jbap0tjew/gradle-4.1/lib/plugins/gradle-platform-play-4.1.jar
7f8394f08000-7f8394f17000 r--s 0005b000 08:01 422921                     /home/student/.gradle/wrapper/dists/gradle-4.1-all/bzyivzo6n839fup2jbap0tjew/gradle-4.1/lib/plugins/gradle-platform-native-4.1.jar
7f8394f17000-7f8394f1b000 r--s 0001b000 08:01 422918                     /home/student/.gradle/wrapper/dists/gradle-4.1-all/bzyivzo6n839fup2jbap0tjew/gradle-4.1/lib/plugins/gradle-platform-jvm-4.1.jar
7f8394f1b000-7f8394f23000 r--s 00027000 08:01 422926                     /home/student/.gradle/wrapper/dists/gradle-4.1-all/bzyivzo6n839fup2jbap0tjew/gradle-4.1/lib/plugins/gradle-platform-base-4.1.jar
7f8394f23000-7f8394f4b000 r--s 0021c000 08:01 422937                     /home/student/.gradle/wrapper/dists/gradle-4.1-all/bzyivzo6n839fup2jbap0tjew/gradle-4.1/lib/plugins/biz.aQute.bndlib-3.2.0.jar
7f8394f4b000-7f8394f4c000 r--s 00004000 08:01 422893                     /home/student/.gradle/wrapper/dists/gradle-4.1-all/bzyivzo6n839fup2jbap0tjew/gradle-4.1/lib/plugins/gradle-osgi-4.1.jar
7f8394f4c000-7f8394f4f000 r--s 0000c000 08:01 422940                     /home/student/.gradle/wrapper/dists/gradle-4.1-all/bzyivzo6n839fup2jbap0tjew/gradle-4.1/lib/plugins/pmaven-groovy-0.8-20100325.jar
7f8394f4f000-7f8394f50000 r--s 00004000 08:01 422939                     /home/student/.gradle/wrapper/dists/gradle-4.1-all/bzyivzo6n839fup2jbap0tjew/gradle-4.1/lib/plugins/pmaven-common-0.8-20100325.jar
7f8394f50000-7f8394f56000 r--s 00023000 08:01 422896                     /home/student/.gradle/wrapper/dists/gradle-4.1-all/bzyivzo6n839fup2jbap0tjew/gradle-4.1/lib/plugins/gradle-maven-4.1.jar
7f8394f56000-7f8394f59000 r--s 0000b000 08:01 422914                     /home/student/.gradle/wrapper/dists/gradle-4.1-all/bzyivzo6n839fup2jbap0tjew/gradle-4.1/lib/plugins/gradle-language-scala-4.1.jar
7f8394f59000-7f8394f60000 r--s 00020000 08:01 422920                     /home/student/.gradle/wrapper/dists/gradle-4.1-all/bzyivzo6n839fup2jbap0tjew/gradle-4.1/lib/plugins/gradle-language-native-4.1.jar
7f8394f60000-7f8394f62000 r--s 00005000 08:01 422917                     /home/student/.gradle/wrapper/dists/gradle-4.1-all/bzyivzo6n839fup2jbap0tjew/gradle-4.1/lib/plugins/gradle-language-jvm-4.1.jar
7f8394f62000-7f8394f69000 r--s 0002f000 08:01 422916                     /home/student/.gradle/wrapper/dists/gradle-4.1-all/bzyivzo6n839fup2jbap0tjew/gradle-4.1/lib/plugins/gradle-language-java-4.1.jar
7f8394f69000-7f8394f6c000 r--s 0000a000 08:01 422913                     /home/student/.gradle/wrapper/dists/gradle-4.1-all/bzyivzo6n839fup2jbap0tjew/gradle-4.1/lib/plugins/gradle-language-groovy-4.1.jar
7f8394f6c000-7f8394f73000 r--s 00035000 08:01 422946                     /home/student/.gradle/wrapper/dists/gradle-4.1-all/bzyivzo6n839fup2jbap0tjew/gradle-4.1/lib/plugins/simple-4.1.21.jar
7f8394f73000-7f8394f7f000 r--s 00100000 08:01 422944                     /home/student/.gradle/wrapper/dists/gradle-4.1-all/bzyivzo6n839fup2jbap0tjew/gradle-4.1/lib/plugins/rhino-1.7R3.jar
7f8394f7f000-7f8394f83000 r--s 00012000 08:01 422904                     /home/student/.gradle/wrapper/dists/gradle-4.1-all/bzyivzo6n839fup2jbap0tjew/gradle-4.1/lib/plugins/gradle-javascript-4.1.jar
7f8394f83000-7f8394f86000 r--s 00011000 08:01 422906                     /home/student/.gradle/wrapper/dists/gradle-4.1-all/bzyivzo6n839fup2jbap0tjew/gradle-4.1/lib/plugins/gradle-jacoco-4.1.jar
7f8394f86000-7f8394f89000 r--s 0000e000 08:01 422905                     /home/student/.gradle/wrapper/dists/gradle-4.1-all/bzyivzo6n839fup2jbap0tjew/gradle-4.1/lib/plugins/gradle-ivy-4.1.jar
7f8394f89000-7f8394f8a000 r--s 00002000 08:01 422897                     /home/student/.gradle/wrapper/dists/gradle-4.1-all/bzyivzo6n839fup2jbap0tjew/gradle-4.1/lib/plugins/gradle-ide-play-4.1.jar
7f8394f8a000-7f8394f8d000 r--s 00013000 08:01 422898                     /home/student/.gradle/wrapper/dists/gradle-4.1-all/bzyivzo6n839fup2jbap0tjew/gradle-4.1/lib/plugins/gradle-ide-native-4.1.jar
7f8394f8d000-7f8394f97000 r--s 00054000 08:01 422899                     /home/student/.gradle/wrapper/dists/gradle-4.1-all/bzyivzo6n839fup2jbap0tjew/gradle-4.1/lib/plugins/gradle-ide-4.1.jar
7f8394f97000-7f8394f99000 r--s 00007000 08:01 422902                     /home/student/.gradle/wrapper/dists/gradle-4.1-all/bzyivzo6n839fup2jbap0tjew/gradle-4.1/lib/plugins/gradle-ear-4.1.jar
7f8394f99000-7f8394f9b000 r--s 00005000 08:01 422934                     /home/student/.gradle/wrapper/dists/gradle-4.1-all/bzyivzo6n839fup2jbap0tjew/gradle-4.1/lib/plugins/jatl-0.2.2.jar
7f8394f9b000-7f8394fa2000 r--s 00038000 08:01 422922                     /home/student/.gradle/wrapper/dists/gradle-4.1-all/bzyivzo6n839fup2jbap0tjew/gradle-4.1/lib/plugins/gradle-diagnostics-4.1.jar
7f8394fa2000-7f8394fa4000 r--s 0000b000 08:01 422911                     /home/student/.gradle/wrapper/dists/gradle-4.1-all/bzyivzo6n839fup2jbap0tjew/gradle-4.1/lib/plugins/gradle-composite-builds-4.1.jar
7f8394fa4000-7f8394fa9000 r--s 00025000 08:01 422891                     /home/student/.gradle/wrapper/dists/gradle-4.1-all/bzyivzo6n839fup2jbap0tjew/gradle-4.1/lib/plugins/gradle-code-quality-4.1.jar
7f8394fa9000-7f8394fae000 r--s 00022000 08:01 422907                     /home/student/.gradle/wrapper/dists/gradle-4.1-all/bzyivzo6n839fup2jbap0tjew/gradle-4.1/lib/plugins/gradle-build-init-4.1.jar
7f8394fae000-7f8394fb4000 r--s 0008e000 08:01 422901                     /home/student/.gradle/wrapper/dists/gradle-4.1-all/bzyivzo6n839fup2jbap0tjew/gradle-4.1/lib/plugins/gradle-build-comparison-4.1.jar
7f8394fb4000-7f8394fb6000 r--s 00008000 08:01 422892                     /home/student/.gradle/wrapper/dists/gradle-4.1-all/bzyivzo6n839fup2jbap0tjew/gradle-4.1/lib/plugins/gradle-antlr-4.1.jar
7f8394fb6000-7f8394fb8000 r--s 00004000 08:01 422912                     /home/student/.gradle/wrapper/dists/gradle-4.1-all/bzyivzo6n839fup2jbap0tjew/gradle-4.1/lib/plugins/gradle-announce-4.1.jar
7f8394fb8000-7f8394fba000 r--s 00008000 08:01 422833                     /home/student/.gradle/wrapper/dists/gradle-4.1-all/bzyivzo6n839fup2jbap0tjew/gradle-4.1/lib/gradle-kotlin-dsl-tooling-builders-0.10.3.jar
7f8394fba000-7f8394fbd000 r--s 0001c000 08:01 422950                     /home/student/.gradle/wrapper/dists/gradle-4.1-all/bzyivzo6n839fup2jbap0tjew/gradle-4.1/lib/plugins/nekohtml-1.9.14.jar
7f8394fbd000-7f8394fc5000 r--s 00028000 08:01 422991                     /home/student/.gradle/wrapper/dists/gradle-4.1-all/bzyivzo6n839fup2jbap0tjew/gradle-4.1/lib/plugins/xml-apis-1.3.04.jar
7f8394fc5000-7f8394fdd000 r--s 00115000 08:01 422951                     /home/student/.gradle/wrapper/dists/gradle-4.1-all/bzyivzo6n839fup2jbap0tjew/gradle-4.1/lib/plugins/xercesImpl-2.9.1.jar
7f8394fdd000-7f8394fe3000 r--s 0005b000 08:01 422949                     /home/student/.gradle/wrapper/dists/gradle-4.1-all/bzyivzo6n839fup2jbap0tjew/gradle-4.1/lib/plugins/jcifs-1.3.17.jar
7f8394fe3000-7f8394fea000 r--s 00049000 08:01 422990                     /home/student/.gradle/wrapper/dists/gradle-4.1-all/bzyivzo6n839fup2jbap0tjew/gradle-4.1/lib/plugins/httpcore-4.4.4.jar
7f8394fea000-7f8394ff0000 r--s 00033000 08:01 422942                     /home/student/.gradle/wrapper/dists/gradle-4.1-all/bzyivzo6n839fup2jbap0tjew/gradle-4.1/lib/plugins/commons-codec-1.6.jar
7f8394ff0000-7f8394ffd000 r--s 000a4000 08:01 422935                     /home/student/.gradle/wrapper/dists/gradle-4.1-all/bzyivzo6n839fup2jbap0tjew/gradle-4.1/lib/plugins/httpclient-4.4.1.jar
7f8394ffd000-7f8394fff000 r--s 0000b000 08:01 422930                     /home/student/.gradle/wrapper/dists/gradle-4.1-all/bzyivzo6n839fup2jbap0tjew/gradle-4.1/lib/plugins/gradle-resources-http-4.1.jar
7f8394fff000-7f8398000000 rw-p 00000000 00:00 0 
7f8398000000-7f8398c1c000 rw-p 00000000 00:00 0 
7f8398c1c000-7f839c000000 ---p 00000000 00:00 0 
7f839c000000-7f839c021000 rw-p 00000000 00:00 0 
7f839c021000-7f83a0000000 ---p 00000000 00:00 0 
7f83a0000000-7f83a0040000 rw-p 00000000 00:00 0 
7f83a0040000-7f83a4000000 ---p 00000000 00:00 0 
7f83a4000000-7f83a5d68000 rw-p 00000000 00:00 0 
7f83a5d68000-7f83a8000000 ---p 00000000 00:00 0 
7f83a8000000-7f83a8021000 rw-p 00000000 00:00 0 
7f83a8021000-7f83ac000000 ---p 00000000 00:00 0 
7f83ac000000-7f83ac021000 rw-p 00000000 00:00 0 
7f83ac021000-7f83b0000000 ---p 00000000 00:00 0 
7f83b0000000-7f83b00b4000 rw-p 00000000 00:00 0 
7f83b00b4000-7f83b4000000 ---p 00000000 00:00 0 
7f83b4000000-7f83b4285000 rw-p 00000000 00:00 0 
7f83b4285000-7f83b8000000 ---p 00000000 00:00 0 
7f83b8000000-7f83b8045000 rw-p 00000000 00:00 0 
7f83b8045000-7f83bc000000 ---p 00000000 00:00 0 
7f83bc000000-7f83bc001000 r--s 00002000 08:01 422929                     /home/student/.gradle/wrapper/dists/gradle-4.1-all/bzyivzo6n839fup2jbap0tjew/gradle-4.1/lib/plugins/gradle-build-cache-http-4.1.jar
7f83bc001000-7f83bc005000 r--s 00017000 08:01 422927                     /home/student/.gradle/wrapper/dists/gradle-4.1-all/bzyivzo6n839fup2jbap0tjew/gradle-4.1/lib/plugins/gradle-plugin-use-4.1.jar
7f83bc005000-7f83bc006000 r--s 00000000 08:01 422839                     /home/student/.gradle/wrapper/dists/gradle-4.1-all/bzyivzo6n839fup2jbap0tjew/gradle-4.1/lib/gradle-runtime-api-info-4.1.jar
7f83bc006000-7f83bc007000 r--s 00000000 08:01 422842                     /home/student/.gradle/wrapper/dists/gradle-4.1-all/bzyivzo6n839fup2jbap0tjew/gradle-4.1/lib/gradle-installation-beacon-4.1.jar
7f83bc007000-7f83bc047000 r--s 00277000 08:01 422962                     /home/student/.gradle/wrapper/dists/gradle-4.1-all/bzyivzo6n839fup2jbap0tjew/gradle-4.1/lib/plugins/bcprov-jdk15on-1.51.jar
7f83bc047000-7f83bc04b000 r--s 0001d000 08:01 422961                     /home/student/.gradle/wrapper/dists/gradle-4.1-all/bzyivzo6n839fup2jbap0tjew/gradle-4.1/lib/plugins/xbean-reflect-3.4.jar
7f83bc04b000-7f83bc04d000 r--s 0000a000 08:01 422963                     /home/student/.gradle/wrapper/dists/gradle-4.1-all/bzyivzo6n839fup2jbap0tjew/gradle-4.1/lib/plugins/maven-settings-3.0.4.jar
7f83bc04d000-7f83bc050000 r--s 00008000 08:01 422964                     /home/student/.gradle/wrapper/dists/gradle-4.1-all/bzyivzo6n839fup2jbap0tjew/gradle-4.1/lib/plugins/maven-settings-builder-3.0.4.jar
7f83bc050000-7f83bc054000 r--s 00033000 08:01 422965                     /home/student/.gradle/wrapper/dists/gradle-4.1-all/bzyivzo6n839fup2jbap0tjew/gradle-4.1/lib/plugins/plexus-utils-2.0.6.jar
7f83bc054000-7f83bc056000 r--s 0000d000 08:01 422966                     /home/student/.gradle/wrapper/dists/gradle-4.1-all/bzyivzo6n839fup2jbap0tjew/gradle-4.1/lib/plugins/plexus-interpolation-1.14.jar
7f83bc056000-7f83bc058000 r--s 00000000 08:01 422941                     /home/student/.gradle/wrapper/dists/gradle-4.1-all/bzyivzo6n839fup2jbap0tjew/gradle-4.1/lib/plugins/plexus-component-annotations-1.5.5.jar
7f83bc058000-7f83bc05f000 r--s 0002e000 08:01 422967                     /home/student/.gradle/wrapper/dists/gradle-4.1-all/bzyivzo6n839fup2jbap0tjew/gradle-4.1/lib/plugins/plexus-container-default-1.5.5.jar
7f83bc05f000-7f83bc061000 r--s 0000a000 08:01 422968                     /home/student/.gradle/wrapper/dists/gradle-4.1-all/bzyivzo6n839fup2jbap0tjew/gradle-4.1/lib/plugins/plexus-classworlds-2.4.jar
7f83bc061000-7f83bc063000 r--s 00002000 08:01 422969                     /home/student/.gradle/wrapper/dists/gradle-4.1-all/bzyivzo6n839fup2jbap0tjew/gradle-4.1/lib/plugins/plexus-cipher-1.7.jar
7f83bc063000-7f83bc064000 r--s 00006000 08:01 422970                     /home/student/.gradle/wrapper/dists/gradle-4.1-all/bzyivzo6n839fup2jbap0tjew/gradle-4.1/lib/plugins/plexus-sec-dispatcher-1.3.jar
7f83bc064000-7f83bc06a000 r--s 0003f000 08:01 422971                     /home/student/.gradle/wrapper/dists/gradle-4.1-all/bzyivzo6n839fup2jbap0tjew/gradle-4.1/lib/plugins/maven-compat-3.0.4.jar
7f83bc06a000-7f83bc06e000 r--s 00021000 08:01 422972                     /home/student/.gradle/wrapper/dists/gradle-4.1-all/bzyivzo6n839fup2jbap0tjew/gradle-4.1/lib/plugins/maven-model-builder-3.0.4.jar
7f83bc06e000-7f83bc070000 r--s 00026000 08:01 422973                     /home/student/.gradle/wrapper/dists/gradle-4.1-all/bzyivzo6n839fup2jbap0tjew/gradle-4.1/lib/plugins/maven-model-3.0.4.jar
7f83bc070000-7f83bc072000 r--s 0000b000 08:01 422974                     /home/student/.gradle/wrapper/dists/gradle-4.1-all/bzyivzo6n839fup2jbap0tjew/gradle-4.1/lib/plugins/maven-artifact-3.0.4.jar
7f83bc072000-7f83bc074000 r--s 00006000 08:01 422975                     /home/student/.gradle/wrapper/dists/gradle-4.1-all/bzyivzo6n839fup2jbap0tjew/gradle-4.1/lib/plugins/maven-repository-metadata-3.0.4.jar
7f83bc074000-7f83bc076000 r--s 0000b000 08:01 422976                     /home/student/.gradle/wrapper/dists/gradle-4.1-all/bzyivzo6n839fup2jbap0tjew/gradle-4.1/lib/plugins/maven-plugin-api-3.0.4.jar
7f83bc076000-7f83bc078000 r--s 0000c000 08:01 422977                     /home/student/.gradle/wrapper/dists/gradle-4.1-all/bzyivzo6n839fup2jbap0tjew/gradle-4.1/lib/plugins/maven-aether-provider-3.0.4.jar
7f83bc078000-7f83bc079000 r--s 00002000 08:01 422978                     /home/student/.gradle/wrapper/dists/gradle-4.1-all/bzyivzo6n839fup2jbap0tjew/gradle-4.1/lib/plugins/wagon-file-2.4.jar
7f83bc079000-7f83bc07a000 r--s 00002000 08:01 422979                     /home/student/.gradle/wrapper/dists/gradle-4.1-all/bzyivzo6n839fup2jbap0tjew/gradle-4.1/lib/plugins/wagon-http-2.4.jar
7f83bc07a000-7f83bc07c000 r--s 0000b000 08:01 422980                     /home/student/.gradle/wrapper/dists/gradle-4.1-all/bzyivzo6n839fup2jbap0tjew/gradle-4.1/lib/plugins/wagon-provider-api-2.4.jar
7f83bc07c000-7f83bc07f000 r--s 00013000 08:01 422982                     /home/student/.gradle/wrapper/dists/gradle-4.1-all/bzyivzo6n839fup2jbap0tjew/gradle-4.1/lib/plugins/aether-api-1.13.1.jar
7f83bc07f000-7f83bc082000 r--s 0001d000 08:01 422983                     /home/student/.gradle/wrapper/dists/gradle-4.1-all/bzyivzo6n839fup2jbap0tjew/gradle-4.1/lib/plugins/aether-impl-1.13.1.jar
7f83bc082000-7f83bc086000 r--s 0001c000 08:01 422985                     /home/student/.gradle/wrapper/dists/gradle-4.1-all/bzyivzo6n839fup2jbap0tjew/gradle-4.1/lib/plugins/aether-util-1.13.1.jar
7f83bc086000-7f83bc092000 r--s 0007d000 08:01 422938                     /home/student/.gradle/wrapper/dists/gradle-4.1-all/bzyivzo6n839fup2jbap0tjew/gradle-4.1/lib/plugins/maven-core-3.0.4.jar
7f83bc092000-7f83bc097000 r--s 00034000 08:01 422945                     /home/student/.gradle/wrapper/dists/gradle-4.1-all/bzyivzo6n839fup2jbap0tjew/gradle-4.1/lib/plugins/gson-2.7.jar
7f83bc097000-7f83bc09c000 r--s 00040000 08:01 422953                     /home/student/.gradle/wrapper/dists/gradle-4.1-all/bzyivzo6n839fup2jbap0tjew/gradle-4.1/lib/plugins/jsch-0.1.54.jar
7f83bc09c000-7f83bc0c0000 r--s 0011a000 08:01 422933                     /home/student/.gradle/wrapper/dists/gradle-4.1-all/bzyivzo6n839fup2jbap0tjew/gradle-4.1/lib/plugins/gradle-dependency-management-4.1.jar
7f83bc0c0000-7f83bc0d6000 r-xp 00000000 08:01 137163                     /lib/x86_64-linux-gnu/libgcc_s.so.1
7f83bc0d6000-7f83bc2d5000 ---p 00016000 08:01 137163                     /lib/x86_64-linux-gnu/libgcc_s.so.1
7f83bc2d5000-7f83bc2d6000 rw-p 00015000 08:01 137163                     /lib/x86_64-linux-gnu/libgcc_s.so.1
7f83bc2d6000-7f83bc448000 r-xp 00000000 08:01 423                        /usr/lib/x86_64-linux-gnu/libstdc++.so.6.0.21
7f83bc448000-7f83bc648000 ---p 00172000 08:01 423                        /usr/lib/x86_64-linux-gnu/libstdc++.so.6.0.21
7f83bc648000-7f83bc652000 r--p 00172000 08:01 423                        /usr/lib/x86_64-linux-gnu/libstdc++.so.6.0.21
7f83bc652000-7f83bc654000 rw-p 0017c000 08:01 423                        /usr/lib/x86_64-linux-gnu/libstdc++.so.6.0.21
7f83bc654000-7f83bc658000 rw-p 00000000 00:00 0 
7f83bc658000-7f83bc659000 r--s 00007000 08:01 422981                     /home/student/.gradle/wrapper/dists/gradle-4.1-all/bzyivzo6n839fup2jbap0tjew/gradle-4.1/lib/plugins/wagon-http-shared4-2.4.jar
7f83bc659000-7f83bc65a000 r--s 00003000 08:01 422984                     /home/student/.gradle/wrapper/dists/gradle-4.1-all/bzyivzo6n839fup2jbap0tjew/gradle-4.1/lib/plugins/aether-spi-1.13.1.jar
7f83bc65a000-7f83bc65c000 r--s 00006000 08:01 422986                     /home/student/.gradle/wrapper/dists/gradle-4.1-all/bzyivzo6n839fup2jbap0tjew/gradle-4.1/lib/plugins/aether-connector-wagon-1.13.1.jar
7f83bc65c000-7f83bc66b000 r--s 000d9000 08:01 422952                     /home/student/.gradle/wrapper/dists/gradle-4.1-all/bzyivzo6n839fup2jbap0tjew/gradle-4.1/lib/plugins/ivy-2.2.0.jar
7f83bc66b000-7f83bc66e000 r--s 0000d000 08:01 422932                     /home/student/.gradle/wrapper/dists/gradle-4.1-all/bzyivzo6n839fup2jbap0tjew/gradle-4.1/lib/plugins/gradle-workers-4.1.jar
7f83bc66e000-7f83bc673000 r-xp 00000000 08:01 568108                     /home/student/.gradle/native/25/linux-amd64/libnative-platform.so
7f83bc673000-7f83bc872000 ---p 00005000 08:01 568108                     /home/student/.gradle/native/25/linux-amd64/libnative-platform.so
7f83bc872000-7f83bc873000 rw-p 00004000 08:01 568108                     /home/student/.gradle/native/25/linux-amd64/libnative-platform.so
7f83bc873000-7f83bc884000 r-xp 00000000 08:01 559479                     /home/student/Android/android-studio/jre/jre/lib/amd64/libnio.so
7f83bc884000-7f83bca83000 ---p 00011000 08:01 559479                     /home/student/Android/android-studio/jre/jre/lib/amd64/libnio.so
7f83bca83000-7f83bca84000 r--p 00010000 08:01 559479                     /home/student/Android/android-studio/jre/jre/lib/amd64/libnio.so
7f83bca84000-7f83bca85000 rw-p 00011000 08:01 559479                     /home/student/Android/android-studio/jre/jre/lib/amd64/libnio.so
7f83bca85000-7f83bca9b000 r-xp 00000000 08:01 559481                     /home/student/Android/android-studio/jre/jre/lib/amd64/libnet.so
7f83bca9b000-7f83bcc9b000 ---p 00016000 08:01 559481                     /home/student/Android/android-studio/jre/jre/lib/amd64/libnet.so
7f83bcc9b000-7f83bcc9c000 r--p 00016000 08:01 559481                     /home/student/Android/android-studio/jre/jre/lib/amd64/libnet.so
7f83bcc9c000-7f83bcc9d000 rw-p 00017000 08:01 559481                     /home/student/Android/android-studio/jre/jre/lib/amd64/libnet.so
7f83bcc9d000-7f83bcc9e000 r--s 00006000 08:01 422841                     /home/student/.gradle/wrapper/dists/gradle-4.1-all/bzyivzo6n839fup2jbap0tjew/gradle-4.1/lib/gradle-wrapper-4.1.jar
7f83bcc9e000-7f83bccab000 r--s 00043000 08:01 422840                     /home/student/.gradle/wrapper/dists/gradle-4.1-all/bzyivzo6n839fup2jbap0tjew/gradle-4.1/lib/gradle-tooling-api-4.1.jar
7f83bccab000-7f83bccba000 r--s 000c8000 08:01 422837                     /home/student/.gradle/wrapper/dists/gradle-4.1-all/bzyivzo6n839fup2jbap0tjew/gradle-4.1/lib/kotlin-stdlib-1.1.3-2.jar
7f83bccba000-7f83bccec000 r--s 0021b000 08:01 422836                     /home/student/.gradle/wrapper/dists/gradle-4.1-all/bzyivzo6n839fup2jbap0tjew/gradle-4.1/lib/kotlin-reflect-1.1.3-2.jar
7f83bccec000-7f83bcea3000 r--s 01786000 08:01 422835                     /home/student/.gradle/wrapper/dists/gradle-4.1-all/bzyivzo6n839fup2jbap0tjew/gradle-4.1/lib/kotlin-compiler-embeddable-1.1.3-2.jar
7f83bcea3000-7f83bcea4000 r--s 00000000 08:01 422834                     /home/student/.gradle/wrapper/dists/gradle-4.1-all/bzyivzo6n839fup2jbap0tjew/gradle-4.1/lib/gradle-kotlin-dsl-tooling-models-0.10.3.jar
7f83bcea4000-7f83bcea5000 r--s 00001000 08:01 422832                     /home/student/.gradle/wrapper/dists/gradle-4.1-all/bzyivzo6n839fup2jbap0tjew/gradle-4.1/lib/gradle-kotlin-dsl-compiler-plugin-0.10.3.jar
7f83bcea5000-7f83bcea7000 r--s 00003000 08:01 422830                     /home/student/.gradle/wrapper/dists/gradle-4.1-all/bzyivzo6n839fup2jbap0tjew/gradle-4.1/lib/annotations-13.0.jar
7f83bcea7000-7f83bceb1000 r--s 00073000 08:01 422831                     /home/student/.gradle/wrapper/dists/gradle-4.1-all/bzyivzo6n839fup2jbap0tjew/gradle-4.1/lib/gradle-kotlin-dsl-0.10.3.jar
7f83bceb1000-7f83bceb6000 r--s 00013000 08:01 422847                     /home/student/.gradle/wrapper/dists/gradle-4.1-all/bzyivzo6n839fup2jbap0tjew/gradle-4.1/lib/gradle-resources-4.1.jar
7f83bceb6000-7f83bceb8000 r--s 00005000 08:01 422854                     /home/student/.gradle/wrapper/dists/gradle-4.1-all/bzyivzo6n839fup2jbap0tjew/gradle-4.1/lib/gradle-cli-4.1.jar
7f83bceb8000-7f83bceba000 r--s 00003000 08:01 422861                     /home/student/.gradle/wrapper/dists/gradle-4.1-all/bzyivzo6n839fup2jbap0tjew/gradle-4.1/lib/jcl-over-slf4j-1.7.10.jar
7f83bceba000-7f83bcebb000 r--s 00005000 08:01 422860                     /home/student/.gradle/wrapper/dists/gradle-4.1-all/bzyivzo6n839fup2jbap0tjew/gradle-4.1/lib/log4j-over-slf4j-1.7.10.jar
7f83bcebb000-7f83bcebd000 r--s 00000000 08:01 422859                     /home/student/.gradle/wrapper/dists/gradle-4.1-all/bzyivzo6n839fup2jbap0tjew/gradle-4.1/lib/jul-to-slf4j-1.7.10.jar
7f83bcebd000-7f83bcec4000 r--s 0002c000 08:01 422845                     /home/student/.gradle/wrapper/dists/gradle-4.1-all/bzyivzo6n839fup2jbap0tjew/gradle-4.1/lib/gradle-logging-4.1.jar
7f83bcec4000-7f83bced4000 r--s 00082000 08:01 422850                     /home/student/.gradle/wrapper/dists/gradle-4.1-all/bzyivzo6n839fup2jbap0tjew/gradle-4.1/lib/gradle-model-core-4.1.jar
7f83bced4000-7f83bced6000 r--s 00006000 08:01 422851                     /home/student/.gradle/wrapper/dists/gradle-4.1-all/bzyivzo6n839fup2jbap0tjew/gradle-4.1/lib/gradle-base-services-groovy-4.1.jar
7f83bced6000-7f83bced8000 r--s 00007000 08:01 422849                     /home/student/.gradle/wrapper/dists/gradle-4.1-all/bzyivzo6n839fup2jbap0tjew/gradle-4.1/lib/gradle-model-groovy-4.1.jar
7f83bced8000-7f83bced9000 r--s 00002000 08:01 422872                     /home/student/.gradle/wrapper/dists/gradle-4.1-all/bzyivzo6n839fup2jbap0tjew/gradle-4.1/lib/gradle-docs-4.1.jar
7f83bced9000-7f83bcee6000 r--s 00083000 08:01 422870                     /home/student/.gradle/wrapper/dists/gradle-4.1-all/bzyivzo6n839fup2jbap0tjew/gradle-4.1/lib/commons-collections-3.2.2.jar
7f83bcee6000-7f83bcee7000 r--s 00000000 08:01 422869                     /home/student/.gradle/wrapper/dists/gradle-4.1-all/bzyivzo6n839fup2jbap0tjew/gradle-4.1/lib/javax.inject-1.jar
7f83bcee7000-7f83bcf57000 r--s 00645000 08:01 422867                     /home/student/.gradle/wrapper/dists/gradle-4.1-all/bzyivzo6n839fup2jbap0tjew/gradle-4.1/lib/groovy-all-2.4.11.jar
7f83bcf57000-7f83bcf5a000 r--s 00023000 08:01 422873                     /home/student/.gradle/wrapper/dists/gradle-4.1-all/bzyivzo6n839fup2jbap0tjew/gradle-4.1/lib/jansi-1.14.jar
7f83bcf5a000-7f83bcf5b000 r--s 00004000 08:01 422875                     /home/student/.gradle/wrapper/dists/gradle-4.1-all/bzyivzo6n839fup2jbap0tjew/gradle-4.1/lib/native-platform-freebsd-amd64-libcpp-0.14.jar
7f83bcf5b000-7f83bcf5c000 r--s 00004000 08:01 422876                     /home/student/.gradle/wrapper/dists/gradle-4.1-all/bzyivzo6n839fup2jbap0tjew/gradle-4.1/lib/native-platform-freebsd-amd64-libstdcpp-0.14.jar
7f83bcf5c000-7f83bcf5d000 r--s 00004000 08:01 422877                     /home/student/.gradle/wrapper/dists/gradle-4.1-all/bzyivzo6n839fup2jbap0tjew/gradle-4.1/lib/native-platform-freebsd-i386-libcpp-0.14.jar
7f83bcf5d000-7f83bcf5e000 r--s 00003000 08:01 422878                     /home/student/.gradle/wrapper/dists/gradle-4.1-all/bzyivzo6n839fup2jbap0tjew/gradle-4.1/lib/native-platform-freebsd-i386-libstdcpp-0.14.jar
7f83bcf5e000-7f83bcf5f000 r--s 00002000 08:01 422879                     /home/student/.gradle/wrapper/dists/gradle-4.1-all/bzyivzo6n839fup2jbap0tjew/gradle-4.1/lib/native-platform-linux-amd64-0.14.jar
7f83bcf5f000-7f83bcf60000 r--s 00002000 08:01 422880                     /home/student/.gradle/wrapper/dists/gradle-4.1-all/bzyivzo6n839fup2jbap0tjew/gradle-4.1/lib/native-platform-linux-i386-0.14.jar
7f83bcf60000-7f83bcf62000 r--s 00002000 08:01 422881                     /home/student/.gradle/wrapper/dists/gradle-4.1-all/bzyivzo6n839fup2jbap0tjew/gradle-4.1/lib/native-platform-osx-amd64-0.14.jar
7f83bcf62000-7f83bcf63000 r--s 00003000 08:01 422882                     /home/student/.gradle/wrapper/dists/gradle-4.1-all/bzyivzo6n839fup2jbap0tjew/gradle-4.1/lib/native-platform-osx-i386-0.14.jar
7f83bcf63000-7f83bcf65000 r--s 0000b000 08:01 422883                     /home/student/.gradle/wrapper/dists/gradle-4.1-all/bzyivzo6n839fup2jbap0tjew/gradle-4.1/lib/native-platform-windows-amd64-0.14.jar
7f83bcf65000-7f83bcf66000 r--s 0000b000 08:01 422884                     /home/student/.gradle/wrapper/dists/gradle-4.1-all/bzyivzo6n839fup2jbap0tjew/gradle-4.1/lib/native-platform-windows-i386-0.14.jar
7f83bcf66000-7f83bcf67000 r--s 00001000 08:01 422885                     /home/student/.gradle/wrapper/dists/gradle-4.1-all/bzyivzo6n839fup2jbap0tjew/gradle-4.1/lib/native-platform-linux-amd64-ncurses5-0.14.jar
7f83bcf67000-7f83bcf68000 r--s 00001000 08:01 422886                     /home/student/.gradle/wrapper/dists/gradle-4.1-all/bzyivzo6n839fup2jbap0tjew/gradle-4.1/lib/native-platform-linux-amd64-ncurses6-0.14.jar
7f83bcf68000-7f83bcf69000 r--s 00001000 08:01 422887                     /home/student/.gradle/wrapper/dists/gradle-4.1-all/bzyivzo6n839fup2jbap0tjew/gradle-4.1/lib/native-platform-linux-i386-ncurses5-0.14.jar
7f83bcf69000-7f83bcf6a000 r--s 00001000 08:01 422888                     /home/student/.gradle/wrapper/dists/gradle-4.1-all/bzyivzo6n839fup2jbap0tjew/gradle-4.1/lib/native-platform-linux-i386-ncurses6-0.14.jar
7f83bcf6a000-7f83bcf6e000 r--s 00012000 08:01 422871                     /home/student/.gradle/wrapper/dists/gradle-4.1-all/bzyivzo6n839fup2jbap0tjew/gradle-4.1/lib/native-platform-0.14.jar
7f83bcf6e000-7f83bcf71000 r--s 0000c000 08:01 422848                     /home/student/.gradle/wrapper/dists/gradle-4.1-all/bzyivzo6n839fup2jbap0tjew/gradle-4.1/lib/gradle-native-4.1.jar
7f83bcf71000-7f83bcf73000 r--s 0000f000 08:01 422856                     /home/student/.gradle/wrapper/dists/gradle-4.1-all/bzyivzo6n839fup2jbap0tjew/gradle-4.1/lib/reflectasm-1.07-shaded.jar
7f83bcf73000-7f83bcf75000 r--s 00000000 08:01 422889                     /home/student/.gradle/wrapper/dists/gradle-4.1-all/bzyivzo6n839fup2jbap0tjew/gradle-4.1/lib/minlog-1.2.jar
7f83bcf75000-7f83bcf77000 r--s 00007000 08:01 422890                     /home/student/.gradle/wrapper/dists/gradle-4.1-all/bzyivzo6n839fup2jbap0tjew/gradle-4.1/lib/objenesis-1.2.jar
7f83bcf77000-7f83bcf7b000 r--s 00026000 08:01 422855                     /home/student/.gradle/wrapper/dists/gradle-4.1-all/bzyivzo6n839fup2jbap0tjew/gradle-4.1/lib/kryo-2.20.jar
7f83bcf7b000-7f83bcf81000 r--s 0002b000 08:01 422852                     /home/student/.gradle/wrapper/dists/gradle-4.1-all/bzyivzo6n839fup2jbap0tjew/gradle-4.1/lib/gradle-messaging-4.1.jar
7f83bcf81000-7f83bcf83000 r--s 00006000 08:01 422846                     /home/student/.gradle/wrapper/dists/gradle-4.1-all/bzyivzo6n839fup2jbap0tjew/gradle-4.1/lib/gradle-process-services-4.1.jar
7f83bcf83000-7f83bcf85000 r--s 00000000 08:01 422844                     /home/student/.gradle/wrapper/dists/gradle-4.1-all/bzyivzo6n839fup2jbap0tjew/gradle-4.1/lib/gradle-jvm-services-4.1.jar
7f83bcf85000-7f83bcf8a000 r--s 00041000 08:01 422865                     /home/student/.gradle/wrapper/dists/gradle-4.1-all/bzyivzo6n839fup2jbap0tjew/gradle-4.1/lib/commons-lang-2.6.jar
7f83bcf8a000-7f83bcfb2000 r--s 001cf000 08:01 422863                     /home/student/.gradle/wrapper/dists/gradle-4.1-all/bzyivzo6n839fup2jbap0tjew/gradle-4.1/lib/guava-jdk5-17.0.jar
7f83bcfb2000-7f83bcfd1000 r--s 001d1000 08:01 422868                     /home/student/.gradle/wrapper/dists/gradle-4.1-all/bzyivzo6n839fup2jbap0tjew/gradle-4.1/lib/ant-1.9.6.jar
7f83bcfd1000-7f83bd01b000 r--s 00253000 08:01 422843                     /home/student/.gradle/wrapper/dists/gradle-4.1-all/bzyivzo6n839fup2jbap0tjew/gradle-4.1/lib/gradle-core-4.1.jar
7f83bd01b000-7f83bd01c000 ---p 00000000 00:00 0 
7f83bd01c000-7f83bd11c000 rw-p 00000000 00:00 0 
7f83bd11c000-7f83bd11f000 ---p 00000000 00:00 0 
7f83bd11f000-7f83bd21d000 rw-p 00000000 00:00 0 
7f83bd21d000-7f83bd220000 ---p 00000000 00:00 0 
7f83bd220000-7f83bd31e000 rw-p 00000000 00:00 0 
7f83bd31e000-7f83bd321000 ---p 00000000 00:00 0 
7f83bd321000-7f83bd41f000 rw-p 00000000 00:00 0 
7f83bd41f000-7f83bd422000 ---p 00000000 00:00 0 
7f83bd422000-7f83bd520000 rw-p 00000000 00:00 0 
7f83bd520000-7f83bd7f8000 r--p 00000000 08:01 1534                       /usr/lib/locale/locale-archive
7f83bd7f8000-7f83bd7fb000 ---p 00000000 00:00 0 
7f83bd7fb000-7f83bd8f9000 rw-p 00000000 00:00 0 
7f83bd8f9000-7f83bd8fc000 ---p 00000000 00:00 0 
7f83bd8fc000-7f83bd9fa000 rw-p 00000000 00:00 0 
7f83bd9fa000-7f83bd9fb000 ---p 00000000 00:00 0 
7f83bd9fb000-7f83c1000000 rw-p 00000000 00:00 0 
7f83c1000000-7f83c2210000 rwxp 00000000 00:00 0 
7f83c2210000-7f83d0000000 ---p 00000000 00:00 0 
7f83d0000000-7f83d0ca4000 rw-p 00000000 00:00 0 
7f83d0ca4000-7f83d4000000 ---p 00000000 00:00 0 
7f83d4000000-7f83d4001000 r--s 00000000 08:01 422866                     /home/student/.gradle/wrapper/dists/gradle-4.1-all/bzyivzo6n839fup2jbap0tjew/gradle-4.1/lib/jcip-annotations-1.0.jar
7f83d4001000-7f83d4004000 r--s 00006000 08:01 422864                     /home/student/.gradle/wrapper/dists/gradle-4.1-all/bzyivzo6n839fup2jbap0tjew/gradle-4.1/lib/jsr305-1.3.9.jar
7f83d4004000-7f83d4005000 r--s 00007000 08:01 422862                     /home/student/.gradle/wrapper/dists/gradle-4.1-all/bzyivzo6n839fup2jbap0tjew/gradle-4.1/lib/slf4j-api-1.7.10.jar
7f83d4005000-7f83d4009000 r--s 00027000 08:01 422858                     /home/student/.gradle/wrapper/dists/gradle-4.1-all/bzyivzo6n839fup2jbap0tjew/gradle-4.1/lib/commons-io-2.2.jar
7f83d4009000-7f83d4011000 r--s 000bd000 08:01 422857                     /home/student/.gradle/wrapper/dists/gradle-4.1-all/bzyivzo6n839fup2jbap0tjew/gradle-4.1/lib/asm-debug-all-6.0_ALPHA.jar
7f83d4011000-7f83d4012000 r--s 00004000 08:01 422874                     /home/student/.gradle/wrapper/dists/gradle-4.1-all/bzyivzo6n839fup2jbap0tjew/gradle-4.1/lib/ant-launcher-1.9.6.jar
7f83d4012000-7f83d401e000 r--s 00053000 08:01 422853                     /home/student/.gradle/wrapper/dists/gradle-4.1-all/bzyivzo6n839fup2jbap0tjew/gradle-4.1/lib/gradle-base-services-4.1.jar
7f83d401e000-7f83d4491000 rw-p 00000000 00:00 0 
7f83d4491000-7f83d4661000 r--s 03c46000 08:01 559439                     /home/student/Android/android-studio/jre/jre/lib/rt.jar
7f83d4661000-7f83d51d7000 rw-p 00000000 00:00 0 
7f83d51d7000-7f83d51d8000 ---p 00000000 00:00 0 
7f83d51d8000-7f83d52d8000 rw-p 00000000 00:00 0 
7f83d52d8000-7f83d52d9000 ---p 00000000 00:00 0 
7f83d52d9000-7f83d53ef000 rw-p 00000000 00:00 0 
7f83d53ef000-7f83d55d9000 ---p 00000000 00:00 0 
7f83d55d9000-7f83d55ef000 rw-p 00000000 00:00 0 
7f83d55ef000-7f83d57d9000 ---p 00000000 00:00 0 
7f83d57d9000-7f83d5821000 rw-p 00000000 00:00 0 
7f83d5821000-7f83d58d9000 ---p 00000000 00:00 0 
7f83d58d9000-7f83d5923000 rw-p 00000000 00:00 0 
7f83d5923000-7f83d5c9a000 ---p 00000000 00:00 0 
7f83d5c9a000-7f83d5cb4000 r-xp 00000000 08:01 559458                     /home/student/Android/android-studio/jre/jre/lib/amd64/libzip.so
7f83d5cb4000-7f83d5eb4000 ---p 0001a000 08:01 559458                     /home/student/Android/android-studio/jre/jre/lib/amd64/libzip.so
7f83d5eb4000-7f83d5eb5000 r--p 0001a000 08:01 559458                     /home/student/Android/android-studio/jre/jre/lib/amd64/libzip.so
7f83d5eb5000-7f83d5eb6000 rw-p 0001b000 08:01 559458                     /home/student/Android/android-studio/jre/jre/lib/amd64/libzip.so
7f83d5eb6000-7f83d5ec1000 r-xp 00000000 08:01 153341                     /lib/x86_64-linux-gnu/libnss_files-2.23.so
7f83d5ec1000-7f83d60c0000 ---p 0000b000 08:01 153341                     /lib/x86_64-linux-gnu/libnss_files-2.23.so
7f83d60c0000-7f83d60c1000 r--p 0000a000 08:01 153341                     /lib/x86_64-linux-gnu/libnss_files-2.23.so
7f83d60c1000-7f83d60c2000 rw-p 0000b000 08:01 153341                     /lib/x86_64-linux-gnu/libnss_files-2.23.so
7f83d60c2000-7f83d60c8000 rw-p 00000000 00:00 0 
7f83d60c8000-7f83d60d3000 r-xp 00000000 08:01 153345                     /lib/x86_64-linux-gnu/libnss_nis-2.23.so
7f83d60d3000-7f83d62d2000 ---p 0000b000 08:01 153345                     /lib/x86_64-linux-gnu/libnss_nis-2.23.so
7f83d62d2000-7f83d62d3000 r--p 0000a000 08:01 153345                     /lib/x86_64-linux-gnu/libnss_nis-2.23.so
7f83d62d3000-7f83d62d4000 rw-p 0000b000 08:01 153345                     /lib/x86_64-linux-gnu/libnss_nis-2.23.so
7f83d62d4000-7f83d62ea000 r-xp 00000000 08:01 153325                     /lib/x86_64-linux-gnu/libnsl-2.23.so
7f83d62ea000-7f83d64e9000 ---p 00016000 08:01 153325                     /lib/x86_64-linux-gnu/libnsl-2.23.so
7f83d64e9000-7f83d64ea000 r--p 00015000 08:01 153325                     /lib/x86_64-linux-gnu/libnsl-2.23.so
7f83d64ea000-7f83d64eb000 rw-p 00016000 08:01 153325                     /lib/x86_64-linux-gnu/libnsl-2.23.so
7f83d64eb000-7f83d64ed000 rw-p 00000000 00:00 0 
7f83d64ed000-7f83d64f5000 r-xp 00000000 08:01 153336                     /lib/x86_64-linux-gnu/libnss_compat-2.23.so
7f83d64f5000-7f83d66f4000 ---p 00008000 08:01 153336                     /lib/x86_64-linux-gnu/libnss_compat-2.23.so
7f83d66f4000-7f83d66f5000 r--p 00007000 08:01 153336                     /lib/x86_64-linux-gnu/libnss_compat-2.23.so
7f83d66f5000-7f83d66f6000 rw-p 00008000 08:01 153336                     /lib/x86_64-linux-gnu/libnss_compat-2.23.so
7f83d66f6000-7f83d6723000 r-xp 00000000 08:01 559457                     /home/student/Android/android-studio/jre/jre/lib/amd64/libjava.so
7f83d6723000-7f83d6922000 ---p 0002d000 08:01 559457                     /home/student/Android/android-studio/jre/jre/lib/amd64/libjava.so
7f83d6922000-7f83d6923000 r--p 0002c000 08:01 559457                     /home/student/Android/android-studio/jre/jre/lib/amd64/libjava.so
7f83d6923000-7f83d6925000 rw-p 0002d000 08:01 559457                     /home/student/Android/android-studio/jre/jre/lib/amd64/libjava.so
7f83d6925000-7f83d6935000 r-xp 00000000 08:01 559463                     /home/student/Android/android-studio/jre/jre/lib/amd64/libverify.so
7f83d6935000-7f83d6b34000 ---p 00010000 08:01 559463                     /home/student/Android/android-studio/jre/jre/lib/amd64/libverify.so
7f83d6b34000-7f83d6b36000 r--p 0000f000 08:01 559463                     /home/student/Android/android-studio/jre/jre/lib/amd64/libverify.so
7f83d6b36000-7f83d6b37000 rw-p 00011000 08:01 559463                     /home/student/Android/android-studio/jre/jre/lib/amd64/libverify.so
7f83d6b37000-7f83d6b3e000 r-xp 00000000 08:01 153346                     /lib/x86_64-linux-gnu/librt-2.23.so
7f83d6b3e000-7f83d6d3d000 ---p 00007000 08:01 153346                     /lib/x86_64-linux-gnu/librt-2.23.so
7f83d6d3d000-7f83d6d3e000 r--p 00006000 08:01 153346                     /lib/x86_64-linux-gnu/librt-2.23.so
7f83d6d3e000-7f83d6d3f000 rw-p 00007000 08:01 153346                     /lib/x86_64-linux-gnu/librt-2.23.so
7f83d6d3f000-7f83d6e47000 r-xp 00000000 08:01 153324                     /lib/x86_64-linux-gnu/libm-2.23.so
7f83d6e47000-7f83d7046000 ---p 00108000 08:01 153324                     /lib/x86_64-linux-gnu/libm-2.23.so
7f83d7046000-7f83d7047000 r--p 00107000 08:01 153324                     /lib/x86_64-linux-gnu/libm-2.23.so
7f83d7047000-7f83d7048000 rw-p 00108000 08:01 153324                     /lib/x86_64-linux-gnu/libm-2.23.so
7f83d7048000-7f83d7c40000 r-xp 00000000 08:01 559466                     /home/student/Android/android-studio/jre/jre/lib/amd64/server/libjvm.so
7f83d7c40000-7f83d7e40000 ---p 00bf8000 08:01 559466                     /home/student/Android/android-studio/jre/jre/lib/amd64/server/libjvm.so
7f83d7e40000-7f83d7edf000 r--p 00bf8000 08:01 559466                     /home/student/Android/android-studio/jre/jre/lib/amd64/server/libjvm.so
7f83d7edf000-7f83d7f08000 rw-p 00c97000 08:01 559466                     /home/student/Android/android-studio/jre/jre/lib/amd64/server/libjvm.so
7f83d7f08000-7f83d7f4c000 rw-p 00000000 00:00 0 
7f83d7f4c000-7f83d7f64000 r-xp 00000000 08:01 153327                     /lib/x86_64-linux-gnu/libpthread-2.23.so
7f83d7f64000-7f83d8163000 ---p 00018000 08:01 153327                     /lib/x86_64-linux-gnu/libpthread-2.23.so
7f83d8163000-7f83d8164000 r--p 00017000 08:01 153327                     /lib/x86_64-linux-gnu/libpthread-2.23.so
7f83d8164000-7f83d8165000 rw-p 00018000 08:01 153327                     /lib/x86_64-linux-gnu/libpthread-2.23.so
7f83d8165000-7f83d8169000 rw-p 00000000 00:00 0 
7f83d8169000-7f83d816c000 r-xp 00000000 08:01 153330                     /lib/x86_64-linux-gnu/libdl-2.23.so
7f83d816c000-7f83d836b000 ---p 00003000 08:01 153330                     /lib/x86_64-linux-gnu/libdl-2.23.so
7f83d836b000-7f83d836c000 r--p 00002000 08:01 153330                     /lib/x86_64-linux-gnu/libdl-2.23.so
7f83d836c000-7f83d836d000 rw-p 00003000 08:01 153330                     /lib/x86_64-linux-gnu/libdl-2.23.so
7f83d836d000-7f83d852d000 r-xp 00000000 08:01 153328                     /lib/x86_64-linux-gnu/libc-2.23.so
7f83d852d000-7f83d872d000 ---p 001c0000 08:01 153328                     /lib/x86_64-linux-gnu/libc-2.23.so
7f83d872d000-7f83d8731000 r--p 001c0000 08:01 153328                     /lib/x86_64-linux-gnu/libc-2.23.so
7f83d8731000-7f83d8733000 rw-p 001c4000 08:01 153328                     /lib/x86_64-linux-gnu/libc-2.23.so
7f83d8733000-7f83d8737000 rw-p 00000000 00:00 0 
7f83d8737000-7f83d874d000 r-xp 00000000 08:01 559412                     /home/student/Android/android-studio/jre/lib/amd64/jli/libjli.so
7f83d874d000-7f83d894c000 ---p 00016000 08:01 559412                     /home/student/Android/android-studio/jre/lib/amd64/jli/libjli.so
7f83d894c000-7f83d894d000 r--p 00015000 08:01 559412                     /home/student/Android/android-studio/jre/lib/amd64/jli/libjli.so
7f83d894d000-7f83d894e000 rw-p 00016000 08:01 559412                     /home/student/Android/android-studio/jre/lib/amd64/jli/libjli.so
7f83d894e000-7f83d8974000 r-xp 00000000 08:01 153326                     /lib/x86_64-linux-gnu/ld-2.23.so
7f83d8974000-7f83d8a57000 rw-p 00000000 00:00 0 
7f83d8a57000-7f83d8a5a000 ---p 00000000 00:00 0 
7f83d8a5a000-7f83d8b5c000 rw-p 00000000 00:00 0 
7f83d8b5c000-7f83d8b68000 r--s 0005c000 08:01 422838                     /home/student/.gradle/wrapper/dists/gradle-4.1-all/bzyivzo6n839fup2jbap0tjew/gradle-4.1/lib/gradle-launcher-4.1.jar
7f83d8b68000-7f83d8b70000 rw-s 00000000 08:01 262209                     /tmp/hsperfdata_student/28717
7f83d8b70000-7f83d8b71000 rw-p 00000000 00:00 0 
7f83d8b71000-7f83d8b72000 ---p 00000000 00:00 0 
7f83d8b72000-7f83d8b73000 rw-p 00000000 00:00 0 
7f83d8b73000-7f83d8b74000 r--p 00025000 08:01 153326                     /lib/x86_64-linux-gnu/ld-2.23.so
7f83d8b74000-7f83d8b75000 rw-p 00026000 08:01 153326                     /lib/x86_64-linux-gnu/ld-2.23.so
7f83d8b75000-7f83d8b76000 rw-p 00000000 00:00 0 
7fff50546000-7fff50567000 rw-p 00000000 00:00 0                          [stack]
7fff505d2000-7fff505d5000 r--p 00000000 00:00 0                          [vvar]
7fff505d5000-7fff505d7000 r-xp 00000000 00:00 0                          [vdso]
ffffffffff600000-ffffffffff601000 r-xp 00000000 00:00 0                  [vsyscall]

VM Arguments:
jvm_args: -Xmx1536m -Dfile.encoding=UTF-8 -Duser.country=CA -Duser.language=en -Duser.variant 
java_command: org.gradle.launcher.daemon.bootstrap.GradleDaemon 4.1
java_class_path (initial): /home/student/.gradle/wrapper/dists/gradle-4.1-all/bzyivzo6n839fup2jbap0tjew/gradle-4.1/lib/gradle-launcher-4.1.jar
Launcher Type: SUN_STANDARD

Environment Variables:
PATH=/home/student/bin:/home/student/.local/bin:/usr/local/sbin:/usr/local/bin:/usr/sbin:/usr/bin:/sbin:/bin:/usr/games:/usr/local/games:/snap/bin
LD_LIBRARY_PATH=/home/student/Android/android-studio/bin:
SHELL=/bin/bash
DISPLAY=:0

Signal Handlers:
SIGSEGV: [libjvm.so+0x9ebc60], sa_mask[0]=11111111011111111101111111111110, sa_flags=SA_RESTART|SA_SIGINFO
SIGBUS: [libjvm.so+0x9ebc60], sa_mask[0]=11111111011111111101111111111110, sa_flags=SA_RESTART|SA_SIGINFO
SIGFPE: [libjvm.so+0x84cf60], sa_mask[0]=11111111011111111101111111111110, sa_flags=SA_RESTART|SA_SIGINFO
SIGPIPE: [libjvm.so+0x84cf60], sa_mask[0]=11111111011111111101111111111110, sa_flags=SA_RESTART|SA_SIGINFO
SIGXFSZ: [libjvm.so+0x84cf60], sa_mask[0]=11111111011111111101111111111110, sa_flags=SA_RESTART|SA_SIGINFO
SIGILL: [libjvm.so+0x84cf60], sa_mask[0]=11111111011111111101111111111110, sa_flags=SA_RESTART|SA_SIGINFO
SIGUSR1: SIG_DFL, sa_mask[0]=00000000000000000000000000000000, sa_flags=none
SIGUSR2: [libjvm.so+0x84ce30], sa_mask[0]=00100000000000000000000000000000, sa_flags=SA_RESTART|SA_SIGINFO
SIGHUP: [libjvm.so+0x84d020], sa_mask[0]=11111111011111111101111111111110, sa_flags=SA_RESTART|SA_SIGINFO
SIGINT: [libjvm.so+0x84d020], sa_mask[0]=11111111011111111101111111111110, sa_flags=SA_RESTART|SA_SIGINFO
SIGTERM: [libjvm.so+0x84d020], sa_mask[0]=11111111011111111101111111111110, sa_flags=SA_RESTART|SA_SIGINFO
SIGQUIT: [libjvm.so+0x84d020], sa_mask[0]=11111111011111111101111111111110, sa_flags=SA_RESTART|SA_SIGINFO


---------------  S Y S T E M  ---------------

OS:DISTRIB_ID=Ubuntu
DISTRIB_RELEASE=16.04
DISTRIB_CODENAME=xenial
DISTRIB_DESCRIPTION="Ubuntu 16.04.3 LTS"

uname:Linux 4.13.0-37-generic #42~16.04.1-Ubuntu SMP Wed Mar 7 16:03:28 UTC 2018 x86_64
libc:glibc 2.23 NPTL 2.23 
rlimit: STACK 8192k, CORE 0k, NPROC 11800, NOFILE 1048576, AS infinity
load average:6.24 5.54 3.97

/proc/meminfo:
MemTotal:        3073580 kB
MemFree:           73580 kB
MemAvailable:      27412 kB
Buffers:             532 kB
Cached:            69860 kB
SwapCached:            0 kB
Active:          2777700 kB
Inactive:          54144 kB
Active(anon):    2762464 kB
Inactive(anon):    36856 kB
Active(file):      15236 kB
Inactive(file):    17288 kB
Unevictable:          32 kB
Mlocked:              32 kB
SwapTotal:             0 kB
SwapFree:              0 kB
Dirty:                48 kB
Writeback:             0 kB
AnonPages:       2761564 kB
Mapped:            57392 kB
Shmem:             37788 kB
Slab:              81272 kB
SReclaimable:      33752 kB
SUnreclaim:        47520 kB
KernelStack:       10272 kB
PageTables:        37492 kB
NFS_Unstable:          0 kB
Bounce:                0 kB
WritebackTmp:          0 kB
CommitLimit:     1536788 kB
Committed_AS:    7105300 kB
VmallocTotal:   34359738367 kB
VmallocUsed:           0 kB
VmallocChunk:          0 kB
HardwareCorrupted:     0 kB
AnonHugePages:         0 kB
ShmemHugePages:        0 kB
ShmemPmdMapped:        0 kB
CmaTotal:              0 kB
CmaFree:               0 kB
HugePages_Total:       0
HugePages_Free:        0
HugePages_Rsvd:        0
HugePages_Surp:        0
Hugepagesize:       2048 kB
DirectMap4k:      128960 kB
DirectMap2M:     3016704 kB


CPU:total 2 (initial active 2) (2 cores per cpu, 1 threads per core) family 6 model 61 stepping 4, cmov, cx8, fxsr, mmx, sse, sse2, sse3, ssse3, sse4.1, sse4.2, popcnt, avx, avx2, aes, clmul, 3dnowpref, lzcnt, tsc, tscinvbit

/proc/cpuinfo:
processor	: 0
vendor_id	: GenuineIntel
cpu family	: 6
model		: 61
model name	: Intel(R) Core(TM) i5-5257U CPU @ 2.70GHz
stepping	: 4
cpu MHz		: 2699.998
cache size	: 3072 KB
physical id	: 0
siblings	: 2
core id		: 0
cpu cores	: 2
apicid		: 0
initial apicid	: 0
fpu		: yes
fpu_exception	: yes
cpuid level	: 20
wp		: yes
flags		: fpu vme de pse tsc msr pae mce cx8 apic sep mtrr pge mca cmov pat pse36 clflush mmx fxsr sse sse2 ht syscall nx rdtscp lm constant_tsc rep_good nopl xtopology nonstop_tsc cpuid pni pclmulqdq ssse3 cx16 sse4_1 sse4_2 movbe popcnt aes xsave avx rdrand hypervisor lahf_lm abm 3dnowprefetch pti retpoline avx2 rdseed
bugs		: cpu_meltdown spectre_v1 spectre_v2
bogomips	: 5399.99
clflush size	: 64
cache_alignment	: 64
address sizes	: 39 bits physical, 48 bits virtual
power management:

processor	: 1
vendor_id	: GenuineIntel
cpu family	: 6
model		: 61
model name	: Intel(R) Core(TM) i5-5257U CPU @ 2.70GHz
stepping	: 4
cpu MHz		: 2699.998
cache size	: 3072 KB
physical id	: 0
siblings	: 2
core id		: 1
cpu cores	: 2
apicid		: 1
initial apicid	: 1
fpu		: yes
fpu_exception	: yes
cpuid level	: 20
wp		: yes
flags		: fpu vme de pse tsc msr pae mce cx8 apic sep mtrr pge mca cmov pat pse36 clflush mmx fxsr sse sse2 ht syscall nx rdtscp lm constant_tsc rep_good nopl xtopology nonstop_tsc cpuid pni pclmulqdq ssse3 cx16 sse4_1 sse4_2 movbe popcnt aes xsave avx rdrand hypervisor lahf_lm abm 3dnowprefetch pti retpoline avx2 rdseed
bugs		: cpu_meltdown spectre_v1 spectre_v2
bogomips	: 5399.99
clflush size	: 64
cache_alignment	: 64
address sizes	: 39 bits physical, 48 bits virtual
power management:



Memory: 4k page, physical 3073580k(73580k free), swap 0k(0k free)

vm_info: OpenJDK 64-Bit Server VM (25.152-b01) for linux-amd64 JRE (1.8.0_152-release-915-b01), built by "builder" with gcc 4.8.4

time: Sat Apr 14 19:52:35 2018
elapsed time: 46 seconds (0d 0h 0m 46s)

