#
# There is insufficient memory for the Java Runtime Environment to continue.
# Native memory allocation (mmap) failed to map 76021760 bytes for committing reserved memory.
# Possible reasons:
#   The system is out of physical RAM or swap space
#   In 32 bit mode, the process size limit was hit
# Possible solutions:
#   Reduce memory load on the system
#   Increase physical memory or swap space
#   Check if swap backing store is full
#   Use 64 bit Java on a 64 bit OS
#   Decrease Java heap size (-Xmx/-Xms)
#   Decrease number of Java threads
#   Decrease Java thread stack sizes (-Xss)
#   Set larger code cache with -XX:ReservedCodeCacheSize=
# This output file may be truncated or incomplete.
#
#  Out of Memory Error (os_linux.cpp:2640), pid=24139, tid=0x00007f07e048c700
#
# JRE version: OpenJDK Runtime Environment (8.0_152-b01) (build 1.8.0_152-release-915-b01)
# Java VM: OpenJDK 64-Bit Server VM (25.152-b01 mixed mode linux-amd64 compressed oops)
# Failed to write core dump. Core dumps have been disabled. To enable core dumping, try "ulimit -c unlimited" before starting Java again
#

---------------  T H R E A D  ---------------

Current thread (0x00007f07f4074000):  VMThread [stack: 0x00007f07e038c000,0x00007f07e048d000] [id=24146]

Stack: [0x00007f07e038c000,0x00007f07e048d000],  sp=0x00007f07e048b4c0,  free space=1021k
Native frames: (J=compiled Java code, j=interpreted, Vv=VM code, C=native code)
V  [libjvm.so+0x9eb15d]  VMError::report_and_die()+0x15d
V  [libjvm.so+0x4b8eaa]  report_vm_out_of_memory(char const*, int, unsigned long, VMErrorType, char const*)+0x8a
V  [libjvm.so+0x851370]  os::pd_commit_memory(char*, unsigned long, unsigned long, bool)+0xf0
V  [libjvm.so+0x84be8f]  os::commit_memory(char*, unsigned long, unsigned long, bool)+0x1f
V  [libjvm.so+0x8c261b]  PSVirtualSpace::expand_by(unsigned long)+0x5b
V  [libjvm.so+0x8c3290]  PSYoungGen::resize_generation(unsigned long, unsigned long)+0xb0
V  [libjvm.so+0x8c35ab]  PSYoungGen::resize(unsigned long, unsigned long)+0x1b
V  [libjvm.so+0x8bfc9c]  PSScavenge::invoke_no_policy()+0xdac
V  [libjvm.so+0x8c0478]  PSScavenge::invoke()+0x38
V  [libjvm.so+0x8748f3]  ParallelScavengeHeap::failed_mem_allocate(unsigned long)+0x63
V  [libjvm.so+0x9ecc84]  VM_ParallelGCFailedAllocation::doit()+0x84
V  [libjvm.so+0x9f1197]  VM_Operation::evaluate()+0x47
V  [libjvm.so+0x9efb78]  VMThread::evaluate_operation(VM_Operation*)+0x2c8
V  [libjvm.so+0x9efff9]  VMThread::loop()+0x219
V  [libjvm.so+0x9f0442]  VMThread::run()+0x72
V  [libjvm.so+0x84e792]  java_start(Thread*)+0xf2

VM_Operation (0x00007f07a35fa350): ParallelGCFailedAllocation, mode: safepoint, requested by thread 0x00007f079cff5000


---------------  P R O C E S S  ---------------

Java Threads: ( => current thread )
  0x00007f07ac05f000 JavaThread "ForkJoinPool.commonPool-worker-4" daemon [_thread_blocked, id=24246, stack(0x00007f07a2314000,0x00007f07a2415000)]
  0x00007f07a8010000 JavaThread "ForkJoinPool.commonPool-worker-7" daemon [_thread_blocked, id=24245, stack(0x00007f07a30be000,0x00007f07a31bf000)]
  0x00007f07a800f000 JavaThread "ForkJoinPool.commonPool-worker-5" daemon [_thread_blocked, id=24244, stack(0x00007f07a2fbd000,0x00007f07a30be000)]
  0x00007f079cff5000 JavaThread "ForkJoinPool.commonPool-worker-6" daemon [_thread_blocked, id=24243, stack(0x00007f07a34fb000,0x00007f07a35fc000)]
  0x0000000000bf2800 JavaThread "ForkJoinPool.commonPool-worker-3" daemon [_thread_blocked, id=24242, stack(0x00007f07a38fd000,0x00007f07a39fe000)]
  0x00007f07dc059000 JavaThread "ForkJoinPool.commonPool-worker-2" daemon [_thread_blocked, id=24241, stack(0x00007f07a3cff000,0x00007f07a3e00000)]
  0x00007f079cf20000 JavaThread "ForkJoinPool.commonPool-worker-0" daemon [_thread_blocked, id=24240, stack(0x00007f07a31bf000,0x00007f07a32c0000)]
  0x00007f079cf1e000 JavaThread "ForkJoinPool.commonPool-worker-1" daemon [_thread_blocked, id=24239, stack(0x00007f07a35fc000,0x00007f07a36fd000)]
  0x00007f07bc002000 JavaThread "process reaper" daemon [_thread_blocked, id=24235, stack(0x00007f07b4000000,0x00007f07b4039000)]
  0x00007f07b0001800 JavaThread "process reaper" daemon [_thread_blocked, id=24232, stack(0x00007f07a34c2000,0x00007f07a34fb000)]
  0x00007f079cf1b800 JavaThread "Task worker for ':'" [_thread_blocked, id=24227, stack(0x00007f07a3bfe000,0x00007f07a3cff000)]
  0x00007f079cf57000 JavaThread "Cache worker for task history cache (/home/student/git/Project-01/TreePLE-Android/.gradle/4.1/taskHistory)" [_thread_blocked, id=24226, stack(0x00007f07b5504000,0x00007f07b5605000)]
  0x00007f079cf54000 JavaThread "Cache worker for file content cache (/home/student/git/Project-01/TreePLE-Android/.gradle/4.1/fileContent)" [_thread_blocked, id=24225, stack(0x00007f07b5605000,0x00007f07b5706000)]
  0x00007f079cf9d800 JavaThread "build operations Thread 2" [_thread_blocked, id=24224, stack(0x00007f07b5906000,0x00007f07b5a07000)]
  0x00007f079cf9d000 JavaThread "build operations" [_thread_blocked, id=24223, stack(0x00007f07b66c0000,0x00007f07b67c1000)]
  0x00007f079cf9b800 JavaThread "Cache worker for Artifact transforms cache (/home/student/.gradle/caches/transforms-1)" [_thread_blocked, id=24222, stack(0x00007f07b6bc3000,0x00007f07b6cc4000)]
  0x00007f079c036000 JavaThread "Cache worker for file hash cache (/home/student/git/Project-01/TreePLE-Android/.gradle/4.1/fileHashes)" [_thread_blocked, id=24221, stack(0x00007f07b6cc4000,0x00007f07b6dc5000)]
  0x00007f079c028800 JavaThread "Stdin handler" [_thread_blocked, id=24220, stack(0x00007f07b6ec6000,0x00007f07b6fc7000)]
  0x00007f079c203000 JavaThread "Asynchronous log dispatcher for DefaultDaemonConnection: socket connection from /127.0.0.1:45527 to /127.0.0.1:33964" [_thread_blocked, id=24218, stack(0x00007f07b6fc7000,0x00007f07b70c8000)]
  0x00007f07a8006800 JavaThread "Cancel handler" [_thread_blocked, id=24216, stack(0x00007f07a33c1000,0x00007f07a34c2000)]
  0x00007f07a8001800 JavaThread "Handler for socket connection from /127.0.0.1:45527 to /127.0.0.1:33964" [_thread_in_native, id=24215, stack(0x00007f07a32c0000,0x00007f07a33c1000)]
  0x00007f079cc07800 JavaThread "Memory manager" [_thread_blocked, id=24172, stack(0x00007f07b4a4e000,0x00007f07b4b4f000)]
  0x00007f079c12e000 JavaThread "File lock request listener" [_thread_in_native, id=24165, stack(0x00007f07b67c1000,0x00007f07b68c2000)]
  0x00007f079c139800 JavaThread "Cache worker for file hash cache (/home/student/.gradle/caches/4.1/fileHashes)" [_thread_blocked, id=24164, stack(0x00007f07b68c2000,0x00007f07b69c3000)]
  0x00007f07a8008000 JavaThread "Daemon worker" [_thread_blocked, id=24159, stack(0x00007f07b6dc5000,0x00007f07b6ec6000)]
  0x00007f07ac043000 JavaThread "Daemon" [_thread_blocked, id=24156, stack(0x00007f07b70c8000,0x00007f07b71c9000)]
  0x00007f07f4c82000 JavaThread "Daemon periodic checks" [_thread_blocked, id=24155, stack(0x00007f07b71c9000,0x00007f07b72ca000)]
  0x00007f07f4c6f000 JavaThread "Incoming local TCP Connector on port 45527" [_thread_in_native, id=24154, stack(0x00007f07b72d1000,0x00007f07b73d2000)]
  0x00007f07f40ba800 JavaThread "Service Thread" daemon [_thread_blocked, id=24152, stack(0x00007f07d3a25000,0x00007f07d3b26000)]
  0x00007f07f40b8000 JavaThread "C1 CompilerThread1" daemon [_thread_blocked, id=24151, stack(0x00007f07d3b26000,0x00007f07d3c27000)]
  0x00007f07f40b5000 JavaThread "C2 CompilerThread0" daemon [_thread_blocked, id=24150, stack(0x00007f07d3c27000,0x00007f07d3d28000)]
  0x00007f07f40b3800 JavaThread "Signal Dispatcher" daemon [_thread_blocked, id=24149, stack(0x00007f07e0089000,0x00007f07e018a000)]
  0x00007f07f4080800 JavaThread "Finalizer" daemon [_thread_blocked, id=24148, stack(0x00007f07e018a000,0x00007f07e028b000)]
  0x00007f07f407c000 JavaThread "Reference Handler" daemon [_thread_blocked, id=24147, stack(0x00007f07e028b000,0x00007f07e038c000)]
  0x00007f07f400a800 JavaThread "main" [_thread_blocked, id=24143, stack(0x00007f07fb3cb000,0x00007f07fb4cc000)]

Other Threads:
=>0x00007f07f4074000 VMThread [stack: 0x00007f07e038c000,0x00007f07e048d000] [id=24146]
  0x00007f07f40bd000 WatcherThread [stack: 0x00007f07d3924000,0x00007f07d3a25000] [id=24153]

VM state:at safepoint (normal execution)

VM Mutex/Monitor currently owned by a thread:  ([mutex/lock_event])
[0x00007f07f4006fe0] Threads_lock - owner thread: 0x00007f07f4074000
[0x00007f07f40074e0] Heap_lock - owner thread: 0x00007f079cff5000

Heap:
 PSYoungGen      total 227840K, used 42489K [0x00000000e0000000, 0x00000000f0f80000, 0x0000000100000000)
  eden space 185344K, 0% used [0x00000000e0000000,0x00000000e0000000,0x00000000eb500000)
  from space 42496K, 99% used [0x00000000eb500000,0x00000000ede7e790,0x00000000ede80000)
  to   space 35840K, 0% used [0x00000000ede80000,0x00000000ede80000,0x00000000f0180000)
 ParOldGen       total 128512K, used 92580K [0x00000000a0000000, 0x00000000a7d80000, 0x00000000e0000000)
  object space 128512K, 72% used [0x00000000a0000000,0x00000000a5a69040,0x00000000a7d80000)
 Metaspace       used 65300K, capacity 67956K, committed 68184K, reserved 1107968K
  class space    used 8405K, capacity 8975K, committed 9088K, reserved 1048576K

Card table byte_map: [0x00007f07e4cff000,0x00007f07e5000000] byte_map_base: 0x00007f07e47ff000

Marking Bits: (ParMarkBitMap*) 0x00007f07fa8913e0
 Begin Bits: [0x00007f07e1afd000, 0x00007f07e32fd000)
 End Bits:   [0x00007f07e32fd000, 0x00007f07e4afd000)

Polling page: 0x00007f07fb4e5000

CodeCache: size=245760Kb used=31031Kb max_used=31045Kb free=214728Kb
 bounds [0x00007f07e5000000, 0x00007f07e6e80000, 0x00007f07f4000000]
 total_blobs=11351 nmethods=10537 adapters=727
 compilation: enabled

Compilation events (10 events):
Event: 105.724 Thread 0x00007f07f40b8000 12532       2       java.lang.Byte::toUnsignedInt (6 bytes)
Event: 105.725 Thread 0x00007f07f40b8000 nmethod 12532 0x00007f07e6e5d110 code [0x00007f07e6e5d260, 0x00007f07e6e5d390]
Event: 105.865 Thread 0x00007f07f40b5000 nmethod 12514 0x00007f07e6e72250 code [0x00007f07e6e725e0, 0x00007f07e6e74730]
Event: 105.865 Thread 0x00007f07f40b5000 12479       4       java.util.regex.Pattern$Curly::match (86 bytes)
Event: 105.897 Thread 0x00007f07f40b5000 nmethod 12479 0x00007f07e6e77290 code [0x00007f07e6e77540, 0x00007f07e6e78ae8]
Event: 105.897 Thread 0x00007f07f40b5000 12482       4       java.util.regex.Pattern$Branch::match (66 bytes)
Event: 105.902 Thread 0x00007f07f40b5000 nmethod 12482 0x00007f07e6e59a90 code [0x00007f07e6e59c00, 0x00007f07e6e59ed8]
Event: 105.902 Thread 0x00007f07f40b5000 12534       4       java.lang.Iterable::forEach (39 bytes)
Event: 105.918 Thread 0x00007f07f40b5000 nmethod 12534 0x00007f07e6e5a390 code [0x00007f07e6e5a5e0, 0x00007f07e6e5af40]
Event: 105.918 Thread 0x00007f07f40b5000 12515       4       com.android.dex.EncodedValueReader::skipValue (364 bytes)

GC Heap History (10 events):
Event: 101.415 GC heap after
Heap after GC invocations=22 (full 3):
 PSYoungGen      total 160256K, used 10935K [0x00000000e0000000, 0x00000000eba00000, 0x0000000100000000)
  eden space 145920K, 0% used [0x00000000e0000000,0x00000000e0000000,0x00000000e8e80000)
  from space 14336K, 76% used [0x00000000e8e80000,0x00000000e992df98,0x00000000e9c80000)
  to   space 14848K, 0% used [0x00000000eab80000,0x00000000eab80000,0x00000000eba00000)
 ParOldGen       total 75776K, used 34071K [0x00000000a0000000, 0x00000000a4a00000, 0x00000000e0000000)
  object space 75776K, 44% used [0x00000000a0000000,0x00000000a2145fa0,0x00000000a4a00000)
 Metaspace       used 64440K, capacity 67102K, committed 67288K, reserved 1107968K
  class space    used 8323K, capacity 8904K, committed 8960K, reserved 1048576K
}
Event: 101.930 GC heap before
{Heap before GC invocations=23 (full 3):
 PSYoungGen      total 160256K, used 156855K [0x00000000e0000000, 0x00000000eba00000, 0x0000000100000000)
  eden space 145920K, 100% used [0x00000000e0000000,0x00000000e8e80000,0x00000000e8e80000)
  from space 14336K, 76% used [0x00000000e8e80000,0x00000000e992df98,0x00000000e9c80000)
  to   space 14848K, 0% used [0x00000000eab80000,0x00000000eab80000,0x00000000eba00000)
 ParOldGen       total 75776K, used 34071K [0x00000000a0000000, 0x00000000a4a00000, 0x00000000e0000000)
  object space 75776K, 44% used [0x00000000a0000000,0x00000000a2145fa0,0x00000000a4a00000)
 Metaspace       used 64604K, capacity 67242K, committed 67544K, reserved 1107968K
  class space    used 8340K, capacity 8906K, committed 8960K, reserved 1048576K
Event: 102.031 GC heap after
Heap after GC invocations=23 (full 3):
 PSYoungGen      total 162304K, used 14839K [0x00000000e0000000, 0x00000000eec00000, 0x0000000100000000)
  eden space 147456K, 0% used [0x00000000e0000000,0x00000000e0000000,0x00000000e9000000)
  from space 14848K, 99% used [0x00000000eab80000,0x00000000eb9fdf58,0x00000000eba00000)
  to   space 28160K, 0% used [0x00000000e9000000,0x00000000e9000000,0x00000000eab80000)
 ParOldGen       total 75776K, used 64354K [0x00000000a0000000, 0x00000000a4a00000, 0x00000000e0000000)
  object space 75776K, 84% used [0x00000000a0000000,0x00000000a3ed8ae8,0x00000000a4a00000)
 Metaspace       used 64604K, capacity 67242K, committed 67544K, reserved 1107968K
  class space    used 8340K, capacity 8906K, committed 8960K, reserved 1048576K
}
Event: 102.032 GC heap before
{Heap before GC invocations=24 (full 4):
 PSYoungGen      total 162304K, used 14839K [0x00000000e0000000, 0x00000000eec00000, 0x0000000100000000)
  eden space 147456K, 0% used [0x00000000e0000000,0x00000000e0000000,0x00000000e9000000)
  from space 14848K, 99% used [0x00000000eab80000,0x00000000eb9fdf58,0x00000000eba00000)
  to   space 28160K, 0% used [0x00000000e9000000,0x00000000e9000000,0x00000000eab80000)
 ParOldGen       total 75776K, used 64354K [0x00000000a0000000, 0x00000000a4a00000, 0x00000000e0000000)
  object space 75776K, 84% used [0x00000000a0000000,0x00000000a3ed8ae8,0x00000000a4a00000)
 Metaspace       used 64604K, capacity 67242K, committed 67544K, reserved 1107968K
  class space    used 8340K, capacity 8906K, committed 8960K, reserved 1048576K
Event: 102.388 GC heap after
Heap after GC invocations=24 (full 4):
 PSYoungGen      total 162304K, used 0K [0x00000000e0000000, 0x00000000eec00000, 0x0000000100000000)
  eden space 147456K, 0% used [0x00000000e0000000,0x00000000e0000000,0x00000000e9000000)
  from space 14848K, 0% used [0x00000000eab80000,0x00000000eab80000,0x00000000eba00000)
  to   space 28160K, 0% used [0x00000000e9000000,0x00000000e9000000,0x00000000eab80000)
 ParOldGen       total 128512K, used 70014K [0x00000000a0000000, 0x00000000a7d80000, 0x00000000e0000000)
  object space 128512K, 54% used [0x00000000a0000000,0x00000000a445fb08,0x00000000a7d80000)
 Metaspace       used 64602K, capacity 67236K, committed 67544K, reserved 1107968K
  class space    used 8339K, capacity 8905K, committed 8960K, reserved 1048576K
}
Event: 103.009 GC heap before
{Heap before GC invocations=25 (full 4):
 PSYoungGen      total 162304K, used 147456K [0x00000000e0000000, 0x00000000eec00000, 0x0000000100000000)
  eden space 147456K, 100% used [0x00000000e0000000,0x00000000e9000000,0x00000000e9000000)
  from space 14848K, 0% used [0x00000000eab80000,0x00000000eab80000,0x00000000eba00000)
  to   space 28160K, 0% used [0x00000000e9000000,0x00000000e9000000,0x00000000eab80000)
 ParOldGen       total 128512K, used 70014K [0x00000000a0000000, 0x00000000a7d80000, 0x00000000e0000000)
  object space 128512K, 54% used [0x00000000a0000000,0x00000000a445fb08,0x00000000a7d80000)
 Metaspace       used 64727K, capacity 67398K, committed 67544K, reserved 1107968K
  class space    used 8352K, capacity 8938K, committed 8960K, reserved 1048576K
Event: 103.088 GC heap after
Heap after GC invocations=25 (full 4):
 PSYoungGen      total 175616K, used 28129K [0x00000000e0000000, 0x00000000f0180000, 0x0000000100000000)
  eden space 147456K, 0% used [0x00000000e0000000,0x00000000e0000000,0x00000000e9000000)
  from space 28160K, 99% used [0x00000000e9000000,0x00000000eab78788,0x00000000eab80000)
  to   space 35840K, 0% used [0x00000000ede80000,0x00000000ede80000,0x00000000f0180000)
 ParOldGen       total 128512K, used 78379K [0x00000000a0000000, 0x00000000a7d80000, 0x00000000e0000000)
  object space 128512K, 60% used [0x00000000a0000000,0x00000000a4c8ad70,0x00000000a7d80000)
 Metaspace       used 64727K, capacity 67398K, committed 67544K, reserved 1107968K
  class space    used 8352K, capacity 8938K, committed 8960K, reserved 1048576K
}
Event: 104.586 GC heap before
{Heap before GC invocations=26 (full 4):
 PSYoungGen      total 175616K, used 175585K [0x00000000e0000000, 0x00000000f0180000, 0x0000000100000000)
  eden space 147456K, 100% used [0x00000000e0000000,0x00000000e9000000,0x00000000e9000000)
  from space 28160K, 99% used [0x00000000e9000000,0x00000000eab78788,0x00000000eab80000)
  to   space 35840K, 0% used [0x00000000ede80000,0x00000000ede80000,0x00000000f0180000)
 ParOldGen       total 128512K, used 78379K [0x00000000a0000000, 0x00000000a7d80000, 0x00000000e0000000)
  object space 128512K, 60% used [0x00000000a0000000,0x00000000a4c8ad70,0x00000000a7d80000)
 Metaspace       used 65213K, capacity 67814K, committed 68184K, reserved 1107968K
  class space    used 8402K, capacity 8970K, committed 9088K, reserved 1048576K
Event: 104.711 GC heap after
Heap after GC invocations=26 (full 4):
 PSYoungGen      total 221184K, used 35835K [0x00000000e0000000, 0x00000000f0f80000, 0x0000000100000000)
  eden space 185344K, 0% used [0x00000000e0000000,0x00000000e0000000,0x00000000eb500000)
  from space 35840K, 99% used [0x00000000ede80000,0x00000000f017ecd8,0x00000000f0180000)
  to   space 42496K, 0% used [0x00000000eb500000,0x00000000eb500000,0x00000000ede80000)
 ParOldGen       total 128512K, used 79860K [0x00000000a0000000, 0x00000000a7d80000, 0x00000000e0000000)
  object space 128512K, 62% used [0x00000000a0000000,0x00000000a4dfd040,0x00000000a7d80000)
 Metaspace       used 65213K, capacity 67814K, committed 68184K, reserved 1107968K
  class space    used 8402K, capacity 8970K, committed 9088K, reserved 1048576K
}
Event: 105.987 GC heap before
{Heap before GC invocations=27 (full 4):
 PSYoungGen      total 221184K, used 221179K [0x00000000e0000000, 0x00000000f0f80000, 0x0000000100000000)
  eden space 185344K, 100% used [0x00000000e0000000,0x00000000eb500000,0x00000000eb500000)
  from space 35840K, 99% used [0x00000000ede80000,0x00000000f017ecd8,0x00000000f0180000)
  to   space 42496K, 0% used [0x00000000eb500000,0x00000000eb500000,0x00000000ede80000)
 ParOldGen       total 128512K, used 79860K [0x00000000a0000000, 0x00000000a7d80000, 0x00000000e0000000)
  object space 128512K, 62% used [0x00000000a0000000,0x00000000a4dfd040,0x00000000a7d80000)
 Metaspace       used 65300K, capacity 67956K, committed 68184K, reserved 1107968K
  class space    used 8405K, capacity 8975K, committed 9088K, reserved 1048576K

Deoptimization events (10 events):
Event: 103.761 Thread 0x00007f079cf20000 Uncommon trap: reason=class_check action=maybe_recompile pc=0x00007f07e6af9f98 method=com.android.dex.Leb128.readUnsignedLeb128(Lcom/android/dex/util/ByteInput;)I @ 5
Event: 103.761 Thread 0x00007f079cf20000 Uncommon trap: reason=class_check action=maybe_recompile pc=0x00007f07e6af9f98 method=com.android.dex.Leb128.readUnsignedLeb128(Lcom/android/dex/util/ByteInput;)I @ 5
Event: 103.761 Thread 0x00007f079cf20000 Uncommon trap: reason=class_check action=maybe_recompile pc=0x00007f07e6af9f98 method=com.android.dex.Leb128.readUnsignedLeb128(Lcom/android/dex/util/ByteInput;)I @ 5
Event: 103.761 Thread 0x00007f079cf20000 Uncommon trap: reason=class_check action=maybe_recompile pc=0x00007f07e6af9f98 method=com.android.dex.Leb128.readUnsignedLeb128(Lcom/android/dex/util/ByteInput;)I @ 5
Event: 103.816 Thread 0x00007f079cf20000 Uncommon trap: reason=predicate action=maybe_recompile pc=0x00007f07e6347b24 method=com.android.dex.Leb128.readUnsignedLeb128(Lcom/android/dex/util/ByteInput;)I @ 41
Event: 104.028 Thread 0x00007f079cf20000 Uncommon trap: reason=predicate action=maybe_recompile pc=0x00007f07e57df060 method=com.android.dex.Leb128.writeUnsignedLeb128(Lcom/android/dex/util/ByteOutput;I)V @ 9
Event: 104.508 Thread 0x00007f079cf20000 Uncommon trap: reason=unstable_if action=reinterpret pc=0x00007f07e6394cd0 method=com.android.dex.Mutf8.countBytes(Ljava/lang/String;Z)J @ 28
Event: 104.508 Thread 0x00007f079cf20000 Uncommon trap: reason=unstable_if action=reinterpret pc=0x00007f07e52d084c method=com.android.dex.Mutf8.encode([BILjava/lang/String;)V @ 24
Event: 105.689 Thread 0x00007f079cf20000 Uncommon trap: reason=unstable_if action=reinterpret pc=0x00007f07e6e61128 method=com.android.dx.merge.DexMerger.transformCode(Lcom/android/dex/Dex;Lcom/android/dex/Code;Lcom/android/dx/merge/IndexMap;)V @ 86
Event: 105.721 Thread 0x00007f079cff5000 Uncommon trap: reason=unstable_if action=reinterpret pc=0x00007f07e669ab14 method=java.nio.Bits.copyToArray(JLjava/lang/Object;JJJ)V @ 19

Classes redefined (0 events):
No events

Internal exceptions (10 events):
Event: 100.581 Thread 0x00007f07a8008000 Exception <a 'sun/nio/fs/UnixException'> (0x00000000e016bb28) thrown at [/ssd/Android/AOSP-openjdk-git/jdk8u/hotspot/src/share/vm/prims/jni.cpp, line 709]
Event: 100.587 Thread 0x00007f07a8008000 Exception <a 'sun/nio/fs/UnixException'> (0x00000000e017f8d0) thrown at [/ssd/Android/AOSP-openjdk-git/jdk8u/hotspot/src/share/vm/prims/jni.cpp, line 709]
Event: 100.588 Thread 0x00007f07a8008000 Exception <a 'sun/nio/fs/UnixException'> (0x00000000e0192f78) thrown at [/ssd/Android/AOSP-openjdk-git/jdk8u/hotspot/src/share/vm/prims/jni.cpp, line 709]
Event: 100.599 Thread 0x00007f07a8008000 Exception <a 'sun/nio/fs/UnixException'> (0x00000000e01a6e48) thrown at [/ssd/Android/AOSP-openjdk-git/jdk8u/hotspot/src/share/vm/prims/jni.cpp, line 709]
Event: 100.607 Thread 0x00007f07a8008000 Exception <a 'sun/nio/fs/UnixException'> (0x00000000e6dd2c40) thrown at [/ssd/Android/AOSP-openjdk-git/jdk8u/hotspot/src/share/vm/prims/jni.cpp, line 709]
Event: 100.612 Thread 0x00007f07a8008000 Exception <a 'sun/nio/fs/UnixException'> (0x00000000e6de7998) thrown at [/ssd/Android/AOSP-openjdk-git/jdk8u/hotspot/src/share/vm/prims/jni.cpp, line 709]
Event: 100.624 Thread 0x00007f07a8008000 Exception <a 'sun/nio/fs/UnixException'> (0x00000000e6dfa538) thrown at [/ssd/Android/AOSP-openjdk-git/jdk8u/hotspot/src/share/vm/prims/jni.cpp, line 709]
Event: 101.024 Thread 0x00007f079cf20000 Exception <a 'sun/nio/fs/UnixException'> (0x00000000e8719cf8) thrown at [/ssd/Android/AOSP-openjdk-git/jdk8u/hotspot/src/share/vm/prims/jni.cpp, line 709]
Event: 103.635 Thread 0x00007f079cf20000 Implicit null exception at 0x00007f07e624e67b to 0x00007f07e624f011
Event: 104.333 Thread 0x00007f079cc07800 Exception <a 'java/io/IOException'> (0x00000000e69fc5b8) thrown at [/ssd/Android/AOSP-openjdk-git/jdk8u/hotspot/src/share/vm/prims/jni.cpp, line 709]

Events (10 events):
Event: 105.675 Thread 0x00007f079cf20000 DEOPT UNPACKING pc=0x00007f07e5047373 sp=0x00007f07a32be0a8 mode 0
Event: 105.689 Thread 0x00007f079cf20000 Uncommon trap: trap_request=0xffffff65 fr.pc=0x00007f07e6e61128
Event: 105.689 Thread 0x00007f079cf20000 DEOPT PACKING pc=0x00007f07e6e61128 sp=0x00007f07a32be390
Event: 105.689 Thread 0x00007f079cf20000 DEOPT UNPACKING pc=0x00007f07e5004f69 sp=0x00007f07a32be3b0 mode 2
Event: 105.690 Thread 0x00007f079cf20000 DEOPT PACKING pc=0x00007f07e640650e sp=0x00007f07a32be340
Event: 105.690 Thread 0x00007f079cf20000 DEOPT UNPACKING pc=0x00007f07e5047373 sp=0x00007f07a32be090 mode 0
Event: 105.721 Thread 0x00007f079cff5000 Uncommon trap: trap_request=0xffffff65 fr.pc=0x00007f07e669ab14
Event: 105.721 Thread 0x00007f079cff5000 DEOPT PACKING pc=0x00007f07e669ab14 sp=0x00007f07a35fa030
Event: 105.721 Thread 0x00007f079cff5000 DEOPT UNPACKING pc=0x00007f07e5004f69 sp=0x00007f07a35f9ec8 mode 2
Event: 105.986 Executing VM operation: ParallelGCFailedAllocation


Dynamic libraries:
00400000-00401000 r-xp 00000000 08:01 559367                             /home/student/Android/android-studio/jre/bin/java
00600000-00601000 r--p 00000000 08:01 559367                             /home/student/Android/android-studio/jre/bin/java
00601000-00602000 rw-p 00001000 08:01 559367                             /home/student/Android/android-studio/jre/bin/java
00bef000-00c32000 rw-p 00000000 00:00 0                                  [heap]
a0000000-a7d80000 rw-p 00000000 00:00 0 
a7d80000-e0000000 ---p 00000000 00:00 0 
e0000000-f0f80000 rw-p 00000000 00:00 0 
f5800000-100000000 ---p 00000000 00:00 0 
100000000-1008e0000 rw-p 00000000 00:00 0 
1008e0000-140000000 ---p 00000000 00:00 0 
7f079c000000-7f079d1a2000 rw-p 00000000 00:00 0 
7f079d1a2000-7f07a0000000 ---p 00000000 00:00 0 
7f07a1e27000-7f07a2314000 rw-p 00000000 00:00 0 
7f07a2314000-7f07a2317000 ---p 00000000 00:00 0 
7f07a2317000-7f07a25d5000 rw-p 00000000 00:00 0 
7f07a25d5000-7f07a2615000 ---p 00000000 00:00 0 
7f07a2615000-7f07a2730000 r--s 02008000 08:01 787816                     /home/student/.gradle/caches/jars-3/9955734f77abc673a38c7cd4c0214af5/android.jar
7f07a2730000-7f07a2737000 r--s 0002a000 08:01 171171                     /home/student/.gradle/caches/jars-3/fff47aec37b967e571b648d1fc9c6db6/gradle-messaging-3.5.jar
7f07a2737000-7f07a273c000 r--s 00041000 08:01 171169                     /home/student/.gradle/caches/jars-3/c0502f5c2cf6dfd52d250e1b7d027d24/commons-lang-2.6.jar
7f07a273c000-7f07a277e000 r--s 00220000 08:01 815935                     /home/student/.gradle/caches/jars-3/929747bc6b973b44297e9c57df71598d/gradle-core-3.5.jar
7f07a277e000-7f07a2787000 r--s 00047000 08:01 815933                     /home/student/.gradle/caches/jars-3/11d06a5dce89fe5632250b7df00a3d57/gradle-base-services-3.5.jar
7f07a2787000-7f07a27af000 r--s 001cf000 08:01 815931                     /home/student/.gradle/caches/jars-3/566e7e0f530f75a42eba4833ef84d88c/guava-jdk5-17.0.jar
7f07a27af000-7f07a27bd000 r--s 00043000 08:01 815929                     /home/student/.gradle/caches/jars-3/c0d1da18a547ef3a2ba66d3068ae6e09/gradle-tooling-api-3.5.jar
7f07a27bd000-7f07a29bd000 rw-p 00000000 00:00 0 
7f07a29bd000-7f07a2bbd000 rw-p 00000000 00:00 0 
7f07a2bbd000-7f07a2dbd000 rw-p 00000000 00:00 0 
7f07a2dbd000-7f07a2fbd000 rw-p 00000000 00:00 0 
7f07a2fbd000-7f07a2fc0000 ---p 00000000 00:00 0 
7f07a2fc0000-7f07a30be000 rw-p 00000000 00:00 0 
7f07a30be000-7f07a30c1000 ---p 00000000 00:00 0 
7f07a30c1000-7f07a31bf000 rw-p 00000000 00:00 0 
7f07a31bf000-7f07a31c2000 ---p 00000000 00:00 0 
7f07a31c2000-7f07a32c0000 rw-p 00000000 00:00 0 
7f07a32c0000-7f07a32c3000 ---p 00000000 00:00 0 
7f07a32c3000-7f07a33c1000 rw-p 00000000 00:00 0 
7f07a33c1000-7f07a33c4000 ---p 00000000 00:00 0 
7f07a33c4000-7f07a34c2000 rw-p 00000000 00:00 0 
7f07a34c2000-7f07a34c5000 ---p 00000000 00:00 0 
7f07a34c5000-7f07a34fb000 rw-p 00000000 00:00 0 
7f07a34fb000-7f07a34fe000 ---p 00000000 00:00 0 
7f07a34fe000-7f07a35fc000 rw-p 00000000 00:00 0 
7f07a35fc000-7f07a35ff000 ---p 00000000 00:00 0 
7f07a35ff000-7f07a38fd000 rw-p 00000000 00:00 0 
7f07a38fd000-7f07a3900000 ---p 00000000 00:00 0 
7f07a3900000-7f07a3bfe000 rw-p 00000000 00:00 0 
7f07a3bfe000-7f07a3c01000 ---p 00000000 00:00 0 
7f07a3c01000-7f07a3cff000 rw-p 00000000 00:00 0 
7f07a3cff000-7f07a3d02000 ---p 00000000 00:00 0 
7f07a3d02000-7f07a4000000 rw-p 00000000 00:00 0 
7f07a4000000-7f07a403b000 rw-p 00000000 00:00 0 
7f07a403b000-7f07a8000000 ---p 00000000 00:00 0 
7f07a8000000-7f07a8287000 rw-p 00000000 00:00 0 
7f07a8287000-7f07ac000000 ---p 00000000 00:00 0 
7f07ac000000-7f07ac099000 rw-p 00000000 00:00 0 
7f07ac099000-7f07b0000000 ---p 00000000 00:00 0 
7f07b0000000-7f07b003a000 rw-p 00000000 00:00 0 
7f07b003a000-7f07b4000000 ---p 00000000 00:00 0 
7f07b4000000-7f07b4003000 ---p 00000000 00:00 0 
7f07b4003000-7f07b4239000 rw-p 00000000 00:00 0 
7f07b4239000-7f07b4439000 rw-p 00000000 00:00 0 
7f07b4439000-7f07b444b000 r--s 00345000 08:01 559442                     /home/student/Android/android-studio/jre/jre/lib/resources.jar
7f07b444b000-7f07b464b000 rw-p 00000000 00:00 0 
7f07b464b000-7f07b484b000 rw-p 00000000 00:00 0 
7f07b484b000-7f07b484e000 r--s 00015000 08:01 559441                     /home/student/Android/android-studio/jre/jre/lib/jce.jar
7f07b484e000-7f07b4a4e000 rw-p 00000000 00:00 0 
7f07b4a4e000-7f07b4a51000 ---p 00000000 00:00 0 
7f07b4a51000-7f07b4d4f000 rw-p 00000000 00:00 0 
7f07b4d4f000-7f07b4f45000 rw-p 00000000 00:00 0 
7f07b4f45000-7f07b4f4f000 ---p 00000000 00:00 0 
7f07b4f4f000-7f07b4f5a000 r--s 00081000 08:01 171217                     /home/student/.gradle/caches/jars-3/fc6e889a0f45cc9752787eb60f920103/trove4j-20160824.jar
7f07b4f5a000-7f07b4fdd000 r--s 00758000 08:01 171215                     /home/student/.gradle/caches/jars-3/b46ab84062ddfd52701cfe0a9718e764/intellij-core-26.0.1.jar
7f07b4fdd000-7f07b4fe3000 r--s 00033000 08:01 171213                     /home/student/.gradle/caches/jars-3/f96c897d327ea500d64fe3af2833bd50/commons-codec-1.6.jar
7f07b4fe3000-7f07b4fe5000 r--s 0000d000 08:01 816011                     /home/student/.gradle/caches/jars-3/ccc849edcf9fccd61ed937bf93ffe896/commons-logging-1.1.1.jar
7f07b4fe5000-7f07b4feb000 r--s 00032000 08:01 816010                     /home/student/.gradle/caches/jars-3/72e344059d1923829968d0d38b0c3c72/httpcore-4.2.5.jar
7f07b4feb000-7f07b4fec000 r--s 00004000 08:01 816009                     /home/student/.gradle/caches/jars-3/3a4299d1ce3e273e7c03a9ccf5a1e333/annotations-12.0.jar
7f07b4fec000-7f07b4fed000 r--s 00000000 08:01 816008                     /home/student/.gradle/caches/jars-3/0e2fbc3b8c56d2975eca90c524790c13/animal-sniffer-annotations-1.14.jar
7f07b4fed000-7f07b4fef000 r--s 00001000 08:01 816007                     /home/student/.gradle/caches/jars-3/ad41f8f3ac67c0323ce9eb1c20c8dc3f/j2objc-annotations-1.1.jar
7f07b4fef000-7f07b4ff0000 r--s 00002000 08:01 816006                     /home/student/.gradle/caches/jars-3/9edb0f46b907c34c4718edabde6c791c/error_prone_annotations-2.0.18.jar
7f07b4ff0000-7f07b4ff3000 r--s 00006000 08:01 816005                     /home/student/.gradle/caches/jars-3/b58a9bc3bbba42132e4abc0bacae8da1/jsr305-1.3.9.jar
7f07b4ff3000-7f07b4ff4000 r--s 0000a000 08:01 816004                     /home/student/.gradle/caches/jars-3/5b8b36ed61fe92731031cca3c9b3a0b3/kxml2-2.3.0.jar
7f07b4ff4000-7f07b4ff6000 r--s 00005000 08:01 816003                     /home/student/.gradle/caches/jars-3/f10e1e1978816198f2eb1189c974b440/httpmime-4.1.jar
7f07b4ff6000-7f07b5000000 r--s 00061000 08:01 816002                     /home/student/.gradle/caches/jars-3/bc4b2527f35dc983f759e8f85f3f8d52/httpclient-4.2.6.jar
7f07b5000000-7f07b5009000 r--s 00064000 08:01 816001                     /home/student/.gradle/caches/jars-3/fc37c717528c2a0d27f3e3621835f781/commons-compress-1.12.jar
7f07b5009000-7f07b500e000 r--s 0002e000 08:01 816000                     /home/student/.gradle/caches/jars-3/c5bcda7f6f4809e9c92270f99e51f154/gson-2.3.jar
7f07b500e000-7f07b501e000 r--s 000d6000 08:01 815999                     /home/student/.gradle/caches/jars-3/dbdb8caed2514263a34702cc763c6785/proguard-base-5.3.3.jar
7f07b501e000-7f07b5020000 r--s 00003000 08:01 815998                     /home/student/.gradle/caches/jars-3/01ab8600ebbfdcaf9b89b45c2b992e82/annotations-13.0.jar
7f07b5020000-7f07b5021000 r--s 00001000 08:01 815997                     /home/student/.gradle/caches/jars-3/dccac9b7f67766e57200b1770178f61c/annotations-26.0.1.jar
7f07b5021000-7f07b5024000 r--s 00033000 08:01 815996                     /home/student/.gradle/caches/jars-3/0ce03714647bf7bd3c78634c20ddbf38/juniversalchardet-1.0.3.jar
7f07b5024000-7f07b5028000 r--s 0002a000 08:01 815995                     /home/student/.gradle/caches/jars-3/9849af6d4b0409ba64061601342f385d/commons-io-2.4.jar
7f07b5028000-7f07b503f000 r--s 00154000 08:01 815994                     /home/student/.gradle/caches/jars-3/57adf9abd30c921d4ea1dfdcfe7b9efd/antlr4-4.5.3.jar
7f07b503f000-7f07b5040000 r--s 00003000 08:01 815993                     /home/student/.gradle/caches/jars-3/54a15dd332fd4c2e246ad396835dc0d2/baseLibrary-3.0.1.jar
7f07b5040000-7f07b5070000 r--s 00245000 08:01 815992                     /home/student/.gradle/caches/jars-3/8e27cdebb49ba2f804f9403d90aaaac5/guava-22.0.jar
7f07b5070000-7f07b5078000 r--s 000a8000 08:01 815991                     /home/student/.gradle/caches/jars-3/6cc57ce9ec0d90186f781694264d61bc/lombok-ast-0.2.3.jar
7f07b5078000-7f07b507c000 r--s 0002f000 08:01 815990                     /home/student/.gradle/caches/jars-3/505fcc8c47da308b2f1262f0ff3c65f1/jimfs-1.1.jar
7f07b507c000-7f07b508f000 r--s 00241000 08:01 815989                     /home/student/.gradle/caches/jars-3/d8dc71eb6d91c966c45f7b594129e14a/ecj-4.6.1.jar
7f07b508f000-7f07b5090000 r--s 00003000 08:01 815988                     /home/student/.gradle/caches/jars-3/fdb8f5ebd6a086c4818336712b830716/json-simple-1.1.jar
7f07b5090000-7f07b51b5000 r--s 00f5d000 08:01 815987                     /home/student/.gradle/caches/jars-3/dfd566a90e18a0aa75879c33e0731ab8/fastutil-7.2.0.jar
7f07b51b5000-7f07b5200000 r--s 002ff000 08:01 815986                     /home/student/.gradle/caches/jars-3/d3d44e9a7fcb4a86fb40775c385dd3d0/bcprov-jdk15on-1.56.jar
7f07b5200000-7f07b5211000 r--s 00097000 08:01 815985                     /home/student/.gradle/caches/jars-3/59ebb77d99c5ca0e24bb23272e0329dd/bcpkix-jdk15on-1.56.jar
7f07b5211000-7f07b5213000 r--s 00002000 08:01 815984                     /home/student/.gradle/caches/jars-3/f268e5e8fc83bb846ac355d6a16b1f30/javawriter-2.5.0.jar
7f07b5213000-7f07b5218000 r--s 0003b000 08:01 815983                     /home/student/.gradle/caches/jars-3/91bf67441f6ac57ccbb374f99f9ed0fc/apksig-3.0.1.jar
7f07b5218000-7f07b521b000 r--s 00024000 08:01 815982                     /home/student/.gradle/caches/jars-3/04183dcd1bde85515b23d1bbd46ea9bc/common-26.0.1.jar
7f07b521b000-7f07b521d000 r--s 00006000 08:01 815981                     /home/student/.gradle/caches/jars-3/a0ea702af2bdb16dfa1a50969b155dea/dvlib-26.0.1.jar
7f07b521d000-7f07b5220000 r--s 00014000 08:01 722665                     /home/student/.gradle/caches/jars-3/6abb718b4b844aa0386163f0c2f6eb72/layoutlib-api-26.0.1.jar
7f07b5220000-7f07b5225000 r--s 0004d000 08:01 722663                     /home/student/.gradle/caches/jars-3/65a80584522712b8832b7c1c03186c4b/ddmlib-26.0.1.jar
7f07b5225000-7f07b5226000 r--s 00003000 08:01 722661                     /home/student/.gradle/caches/jars-3/af01854c900e4906a368ef59064a245d/builder-test-api-3.0.1.jar
7f07b5226000-7f07b5229000 r--s 00007000 08:01 722659                     /home/student/.gradle/caches/jars-3/124ec36ab4edce0919b54d1123daa364/builder-model-3.0.1.jar
7f07b5229000-7f07b5238000 r--s 00130000 08:01 815980                     /home/student/.gradle/caches/jars-3/72ba1443c6adcea1f6ba21e12f0bb0fc/protobuf-java-3.0.0.jar
7f07b5238000-7f07b524b000 r--s 001a8000 08:01 815979                     /home/student/.gradle/caches/jars-3/a1cbdfb97e256e71fcbd29dc4584a785/protos-26.0.1.jar
7f07b524b000-7f07b524c000 r--s 00005000 08:01 815978                     /home/student/.gradle/caches/jars-3/ca5180624b528b15325a5d002dbfbb6d/shared-26.0.1.jar
7f07b524c000-7f07b524e000 r--s 00004000 08:01 815977                     /home/student/.gradle/caches/jars-3/07f12c2b6f66ca8d4d6bd02e9c9b060a/tracker-26.0.1.jar
7f07b524e000-7f07b5250000 r--s 00002000 08:01 815976                     /home/student/.gradle/caches/jars-3/e91624d2ed1c3b55eec9fd768ed13c1d/proguard-gradle-5.3.3.jar
7f07b5250000-7f07b5252000 r--s 0000f000 08:01 815975                     /home/student/.gradle/caches/jars-3/96760c32d36a5d7066e3ccf088bfd362/jopt-simple-4.9.jar
7f07b5252000-7f07b5256000 r--s 0001e000 08:01 815974                     /home/student/.gradle/caches/jars-3/0d3e95aba631209a078aeec58a76633d/org.jacoco.core-0.7.4.201502262128.jar
7f07b5256000-7f07b5259000 r--s 00020000 08:01 815973                     /home/student/.gradle/caches/jars-3/c72fc284d34f39eab57a4e3ba83405e9/org.jacoco.report-0.7.4.201502262128.jar
7f07b5259000-7f07b525b000 r--s 0000c000 08:01 815972                     /home/student/.gradle/caches/jars-3/9b0a36633c92c6e87e62c81734593183/asm-5.1.jar
7f07b525b000-7f07b525d000 r--s 00006000 08:01 815971                     /home/student/.gradle/caches/jars-3/50c8a7da333c41693b2b7ce95b6d9d89/asm-tree-5.1.jar
7f07b525d000-7f07b525e000 r--s 0000a000 08:01 815970                     /home/student/.gradle/caches/jars-3/c4f1f1d5a624f981d35a78d181e2c418/asm-util-5.1.jar
7f07b525e000-7f07b5260000 r--s 0000a000 08:01 815969                     /home/student/.gradle/caches/jars-3/d37aa405961c464c627b1efe5def81b8/asm-commons-5.1.jar
7f07b5260000-7f07b526f000 r--s 000c8000 08:01 815966                     /home/student/.gradle/caches/jars-3/af931fae44e009148423077fa09abbd1/kotlin-stdlib-1.1.3-2.jar
7f07b526f000-7f07b52a1000 r--s 0021b000 08:01 815965                     /home/student/.gradle/caches/jars-3/24b2127528a18b338af82ff7ea236d45/kotlin-reflect-1.1.3-2.jar
7f07b52a1000-7f07b52a7000 r--s 00030000 08:01 815964                     /home/student/.gradle/caches/jars-3/90ec49f8b88710e2876aefe447609abb/repository-26.0.1.jar
7f07b52a7000-7f07b52b2000 r--s 0009b000 08:01 815963                     /home/student/.gradle/caches/jars-3/af771564c510a1c104220a8be892ab2d/sdklib-26.0.1.jar
7f07b52b2000-7f07b52c1000 r--s 000da000 08:01 815962                     /home/student/.gradle/caches/jars-3/50767da85151ce151711c301f4a0623c/sdk-common-26.0.1.jar
7f07b52c1000-7f07b52c5000 r--s 00023000 08:01 815961                     /home/student/.gradle/caches/jars-3/186e268c3a12c0a405d658dabf9d64d2/manifest-merger-26.0.1.jar
7f07b52c5000-7f07b52d4000 r--s 000cb000 08:01 815958                     /home/student/.gradle/caches/jars-3/e5c09abb4b0acf0785ecd8a8015ab959/uast-26.0.1.jar
7f07b52d4000-7f07b5304000 r--s 01983000 08:01 815954                     /home/student/.gradle/caches/jars-3/add7f1627b730db059119a8274a10c21/builder-3.0.1.jar
7f07b5304000-7f07b5504000 rw-p 00000000 00:00 0 
7f07b5504000-7f07b5507000 ---p 00000000 00:00 0 
7f07b5507000-7f07b5605000 rw-p 00000000 00:00 0 
7f07b5605000-7f07b5608000 ---p 00000000 00:00 0 
7f07b5608000-7f07b5906000 rw-p 00000000 00:00 0 
7f07b5906000-7f07b5909000 ---p 00000000 00:00 0 
7f07b5909000-7f07b5c07000 rw-p 00000000 00:00 0 
7f07b5c07000-7f07b5e07000 rw-p 00000000 00:00 0 
7f07b5e07000-7f07b6007000 rw-p 00000000 00:00 0 
7f07b6007000-7f07b6207000 rw-p 00000000 00:00 0 
7f07b6207000-7f07b6208000 r--s 00004000 08:01 815968                     /home/student/.gradle/caches/jars-3/2b2689d10a4425b1cb2d0654db2ea088/asm-analysis-5.1.jar
7f07b6208000-7f07b6209000 r--s 00000000 08:01 815967                     /home/student/.gradle/caches/jars-3/5206138fb8a6b2ffbd31e140916c2100/transform-api-2.0.0-deprecated-use-gradle-api.jar
7f07b6209000-7f07b620d000 r--s 0002e000 08:01 815960                     /home/student/.gradle/caches/jars-3/c519ce7b2f3637e909703f541c08c445/compilerCommon-3.0.1.jar
7f07b620d000-7f07b620f000 r--s 00003000 08:01 815959                     /home/student/.gradle/caches/jars-3/34cfdbf6cad3f54cc2f45521bf0374e7/gradle-api-3.0.1.jar
7f07b620f000-7f07b6216000 r--s 0007f000 08:01 815957                     /home/student/.gradle/caches/jars-3/b1f5a73634581e955e7f89376aea2d48/lint-api-26.0.1.jar
7f07b6216000-7f07b621f000 r--s 000ff000 08:01 815956                     /home/student/.gradle/caches/jars-3/75e696a5531ca85e1fe447df83f74bd2/lint-checks-26.0.1.jar
7f07b621f000-7f07b6222000 r--s 00039000 08:01 815955                     /home/student/.gradle/caches/jars-3/7fa6c4fcdd1d81db4cc9c7439ce29486/lint-26.0.1.jar
7f07b6222000-7f07b6245000 r--s 0020b000 08:01 815953                     /home/student/.gradle/caches/jars-3/4adae2b762c8552c6e3aa2ded1493e4b/gradle-core-3.0.1.jar
7f07b6245000-7f07b6247000 r--s 0000f000 08:01 815952                     /home/student/.gradle/caches/jars-3/afd86a0d8507fd7f2e97461eaf9e4416/gradle-3.0.1.jar
7f07b6247000-7f07b6447000 rw-p 00000000 00:00 0 
7f07b6447000-7f07b64c0000 r--s 010fd000 08:01 559417                     /home/student/Android/android-studio/jre/lib/tools.jar
7f07b64c0000-7f07b66c0000 rw-p 00000000 00:00 0 
7f07b66c0000-7f07b66c3000 ---p 00000000 00:00 0 
7f07b66c3000-7f07b67c1000 rw-p 00000000 00:00 0 
7f07b67c1000-7f07b67c4000 ---p 00000000 00:00 0 
7f07b67c4000-7f07b68c2000 rw-p 00000000 00:00 0 
7f07b68c2000-7f07b68c5000 ---p 00000000 00:00 0 
7f07b68c5000-7f07b6bc3000 rw-p 00000000 00:00 0 
7f07b6bc3000-7f07b6bc6000 ---p 00000000 00:00 0 
7f07b6bc6000-7f07b6cc4000 rw-p 00000000 00:00 0 
7f07b6cc4000-7f07b6cc7000 ---p 00000000 00:00 0 
7f07b6cc7000-7f07b6dc5000 rw-p 00000000 00:00 0 
7f07b6dc5000-7f07b6dc8000 ---p 00000000 00:00 0 
7f07b6dc8000-7f07b6ec6000 rw-p 00000000 00:00 0 
7f07b6ec6000-7f07b6ec9000 ---p 00000000 00:00 0 
7f07b6ec9000-7f07b6fc7000 rw-p 00000000 00:00 0 
7f07b6fc7000-7f07b6fca000 ---p 00000000 00:00 0 
7f07b6fca000-7f07b70c8000 rw-p 00000000 00:00 0 
7f07b70c8000-7f07b70cb000 ---p 00000000 00:00 0 
7f07b70cb000-7f07b71c9000 rw-p 00000000 00:00 0 
7f07b71c9000-7f07b71cc000 ---p 00000000 00:00 0 
7f07b71cc000-7f07b72ca000 rw-p 00000000 00:00 0 
7f07b72ca000-7f07b72d1000 r--s 00000000 08:01 413718                     /usr/lib/x86_64-linux-gnu/gconv/gconv-modules.cache
7f07b72d1000-7f07b72d4000 ---p 00000000 00:00 0 
7f07b72d4000-7f07b73d2000 rw-p 00000000 00:00 0 
7f07b73d2000-7f07b73d7000 r--s 0009a000 08:01 559507                     /home/student/Android/android-studio/jre/jre/lib/jsse.jar
7f07b73d7000-7f07b75d7000 rw-p 00000000 00:00 0 
7f07b75d7000-7f07b75e0000 r-xp 00000000 08:01 559487                     /home/student/Android/android-studio/jre/jre/lib/amd64/libmanagement.so
7f07b75e0000-7f07b77df000 ---p 00009000 08:01 559487                     /home/student/Android/android-studio/jre/jre/lib/amd64/libmanagement.so
7f07b77df000-7f07b77e0000 r--p 00008000 08:01 559487                     /home/student/Android/android-studio/jre/jre/lib/amd64/libmanagement.so
7f07b77e0000-7f07b77e1000 rw-p 00009000 08:01 559487                     /home/student/Android/android-studio/jre/jre/lib/amd64/libmanagement.so
7f07b77e1000-7f07b77e3000 r--s 00007000 08:01 422909                     /home/student/.gradle/wrapper/dists/gradle-4.1-all/bzyivzo6n839fup2jbap0tjew/gradle-4.1/lib/plugins/gradle-tooling-api-builders-4.1.jar
7f07b77e3000-7f07b77e6000 r--s 00009000 08:01 422919                     /home/student/.gradle/wrapper/dists/gradle-4.1-all/bzyivzo6n839fup2jbap0tjew/gradle-4.1/lib/plugins/gradle-testing-native-4.1.jar
7f07b77e6000-7f07b77e8000 r--s 00009000 08:01 422992                     /home/student/.gradle/wrapper/dists/gradle-4.1-all/bzyivzo6n839fup2jbap0tjew/gradle-4.1/lib/plugins/hamcrest-core-1.3.jar
7f07b77e8000-7f07b77ed000 r--s 00040000 08:01 422987                     /home/student/.gradle/wrapper/dists/gradle-4.1-all/bzyivzo6n839fup2jbap0tjew/gradle-4.1/lib/plugins/bsh-2.0b4.jar
7f07b77ed000-7f07b77ef000 r--s 00006000 08:01 422988                     /home/student/.gradle/wrapper/dists/gradle-4.1-all/bzyivzo6n839fup2jbap0tjew/gradle-4.1/lib/plugins/jcommander-1.12.jar
7f07b77ef000-7f07b77f5000 r--s 00033000 08:01 422989                     /home/student/.gradle/wrapper/dists/gradle-4.1-all/bzyivzo6n839fup2jbap0tjew/gradle-4.1/lib/plugins/snakeyaml-1.6.jar
7f07b77f5000-7f07b77fe000 r--s 00089000 08:01 422947                     /home/student/.gradle/wrapper/dists/gradle-4.1-all/bzyivzo6n839fup2jbap0tjew/gradle-4.1/lib/plugins/testng-6.3.1.jar
7f07b77fe000-7f07b7806000 r--s 00045000 08:01 422948                     /home/student/.gradle/wrapper/dists/gradle-4.1-all/bzyivzo6n839fup2jbap0tjew/gradle-4.1/lib/plugins/junit-4.12.jar
7f07b7806000-7f07b780c000 r--s 0002e000 08:01 422915                     /home/student/.gradle/wrapper/dists/gradle-4.1-all/bzyivzo6n839fup2jbap0tjew/gradle-4.1/lib/plugins/gradle-testing-jvm-4.1.jar
7f07b780c000-7f07b7810000 r--s 00017000 08:01 422923                     /home/student/.gradle/wrapper/dists/gradle-4.1-all/bzyivzo6n839fup2jbap0tjew/gradle-4.1/lib/plugins/gradle-testing-base-4.1.jar
7f07b7810000-7f07b7817000 r--s 00038000 08:01 422943                     /home/student/.gradle/wrapper/dists/gradle-4.1-all/bzyivzo6n839fup2jbap0tjew/gradle-4.1/lib/plugins/bcpg-jdk15on-1.51.jar
7f07b7817000-7f07b7819000 r--s 0000c000 08:01 422894                     /home/student/.gradle/wrapper/dists/gradle-4.1-all/bzyivzo6n839fup2jbap0tjew/gradle-4.1/lib/plugins/gradle-signing-4.1.jar
7f07b7819000-7f07b781b000 r--s 00007000 08:01 422900                     /home/student/.gradle/wrapper/dists/gradle-4.1-all/bzyivzo6n839fup2jbap0tjew/gradle-4.1/lib/plugins/gradle-scala-4.1.jar
7f07b781b000-7f07b781c000 r--s 00004000 08:01 422931                     /home/student/.gradle/wrapper/dists/gradle-4.1-all/bzyivzo6n839fup2jbap0tjew/gradle-4.1/lib/plugins/gradle-resources-sftp-4.1.jar
7f07b781c000-7f07b782c000 r--s 00088000 08:01 422960                     /home/student/.gradle/wrapper/dists/gradle-4.1-all/bzyivzo6n839fup2jbap0tjew/gradle-4.1/lib/plugins/joda-time-2.8.2.jar
7f07b782c000-7f07b783d000 r--s 0010d000 08:01 422959                     /home/student/.gradle/wrapper/dists/gradle-4.1-all/bzyivzo6n839fup2jbap0tjew/gradle-4.1/lib/plugins/jackson-databind-2.6.6.jar
7f07b783d000-7f07b7841000 r--s 0003c000 08:01 422957                     /home/student/.gradle/wrapper/dists/gradle-4.1-all/bzyivzo6n839fup2jbap0tjew/gradle-4.1/lib/plugins/jackson-core-2.6.6.jar
7f07b7841000-7f07b784f000 r--s 00087000 08:01 422956                     /home/student/.gradle/wrapper/dists/gradle-4.1-all/bzyivzo6n839fup2jbap0tjew/gradle-4.1/lib/plugins/aws-java-sdk-core-1.11.6.jar
7f07b784f000-7f07b7856000 r--s 00057000 08:01 422955                     /home/student/.gradle/wrapper/dists/gradle-4.1-all/bzyivzo6n839fup2jbap0tjew/gradle-4.1/lib/plugins/aws-java-sdk-kms-1.11.6.jar
7f07b7856000-7f07b7863000 r--s 0008e000 08:01 422954                     /home/student/.gradle/wrapper/dists/gradle-4.1-all/bzyivzo6n839fup2jbap0tjew/gradle-4.1/lib/plugins/aws-java-sdk-s3-1.11.6.jar
7f07b7863000-7f07b7879000 r-xp 00000000 08:01 137163                     /lib/x86_64-linux-gnu/libgcc_s.so.1
7f07b7879000-7f07b7a78000 ---p 00016000 08:01 137163                     /lib/x86_64-linux-gnu/libgcc_s.so.1
7f07b7a78000-7f07b7a79000 rw-p 00015000 08:01 137163                     /lib/x86_64-linux-gnu/libgcc_s.so.1
7f07b7a79000-7f07b7beb000 r-xp 00000000 08:01 423                        /usr/lib/x86_64-linux-gnu/libstdc++.so.6.0.21
7f07b7beb000-7f07b7deb000 ---p 00172000 08:01 423                        /usr/lib/x86_64-linux-gnu/libstdc++.so.6.0.21
7f07b7deb000-7f07b7df5000 r--p 00172000 08:01 423                        /usr/lib/x86_64-linux-gnu/libstdc++.so.6.0.21
7f07b7df5000-7f07b7df7000 rw-p 0017c000 08:01 423                        /usr/lib/x86_64-linux-gnu/libstdc++.so.6.0.21
7f07b7df7000-7f07b7dfb000 rw-p 00000000 00:00 0 
7f07b7dfb000-7f07b7e00000 r-xp 00000000 08:01 568108                     /home/student/.gradle/native/25/linux-amd64/libnative-platform.so
7f07b7e00000-7f07b7fff000 ---p 00005000 08:01 568108                     /home/student/.gradle/native/25/linux-amd64/libnative-platform.so
7f07b7fff000-7f07b8000000 rw-p 00004000 08:01 568108                     /home/student/.gradle/native/25/linux-amd64/libnative-platform.so
7f07b8000000-7f07b9ea9000 rw-p 00000000 00:00 0 
7f07b9ea9000-7f07bc000000 ---p 00000000 00:00 0 
7f07bc000000-7f07bc021000 rw-p 00000000 00:00 0 
7f07bc021000-7f07c0000000 ---p 00000000 00:00 0 
7f07c0000000-7f07c00ce000 rw-p 00000000 00:00 0 
7f07c00ce000-7f07c4000000 ---p 00000000 00:00 0 
7f07c4000000-7f07c4eea000 rw-p 00000000 00:00 0 
7f07c4eea000-7f07c8000000 ---p 00000000 00:00 0 
7f07c8000000-7f07c8021000 rw-p 00000000 00:00 0 
7f07c8021000-7f07cc000000 ---p 00000000 00:00 0 
7f07cc000000-7f07cc021000 rw-p 00000000 00:00 0 
7f07cc021000-7f07d0000000 ---p 00000000 00:00 0 
7f07d0000000-7f07d0003000 r--s 00009000 08:01 422958                     /home/student/.gradle/wrapper/dists/gradle-4.1-all/bzyivzo6n839fup2jbap0tjew/gradle-4.1/lib/plugins/jackson-annotations-2.6.6.jar
7f07d0003000-7f07d0005000 r--s 00004000 08:01 422928                     /home/student/.gradle/wrapper/dists/gradle-4.1-all/bzyivzo6n839fup2jbap0tjew/gradle-4.1/lib/plugins/gradle-resources-s3-4.1.jar
7f07d0005000-7f07d0007000 r--s 00010000 08:01 422924                     /home/student/.gradle/wrapper/dists/gradle-4.1-all/bzyivzo6n839fup2jbap0tjew/gradle-4.1/lib/plugins/gradle-reporting-4.1.jar
7f07d0007000-7f07d0009000 r--s 00002000 08:01 422925                     /home/student/.gradle/wrapper/dists/gradle-4.1-all/bzyivzo6n839fup2jbap0tjew/gradle-4.1/lib/plugins/gradle-publish-4.1.jar
7f07d0009000-7f07d000b000 r--s 00009000 08:01 422936                     /home/student/.gradle/wrapper/dists/gradle-4.1-all/bzyivzo6n839fup2jbap0tjew/gradle-4.1/lib/plugins/commons-cli-1.2.jar
7f07d000b000-7f07d0011000 r--s 00036000 08:01 422908                     /home/student/.gradle/wrapper/dists/gradle-4.1-all/bzyivzo6n839fup2jbap0tjew/gradle-4.1/lib/plugins/gradle-plugins-4.1.jar
7f07d0011000-7f07d0013000 r--s 00009000 08:01 422895                     /home/student/.gradle/wrapper/dists/gradle-4.1-all/bzyivzo6n839fup2jbap0tjew/gradle-4.1/lib/plugins/gradle-plugin-development-4.1.jar
7f07d0013000-7f07d0019000 r--s 0002b000 08:01 422903                     /home/student/.gradle/wrapper/dists/gradle-4.1-all/bzyivzo6n839fup2jbap0tjew/gradle-4.1/lib/plugins/gradle-platform-play-4.1.jar
7f07d0019000-7f07d0028000 r--s 0005b000 08:01 422921                     /home/student/.gradle/wrapper/dists/gradle-4.1-all/bzyivzo6n839fup2jbap0tjew/gradle-4.1/lib/plugins/gradle-platform-native-4.1.jar
7f07d0028000-7f07d002c000 r--s 0001b000 08:01 422918                     /home/student/.gradle/wrapper/dists/gradle-4.1-all/bzyivzo6n839fup2jbap0tjew/gradle-4.1/lib/plugins/gradle-platform-jvm-4.1.jar
7f07d002c000-7f07d0034000 r--s 00027000 08:01 422926                     /home/student/.gradle/wrapper/dists/gradle-4.1-all/bzyivzo6n839fup2jbap0tjew/gradle-4.1/lib/plugins/gradle-platform-base-4.1.jar
7f07d0034000-7f07d005c000 r--s 0021c000 08:01 422937                     /home/student/.gradle/wrapper/dists/gradle-4.1-all/bzyivzo6n839fup2jbap0tjew/gradle-4.1/lib/plugins/biz.aQute.bndlib-3.2.0.jar
7f07d005c000-7f07d005d000 r--s 00004000 08:01 422893                     /home/student/.gradle/wrapper/dists/gradle-4.1-all/bzyivzo6n839fup2jbap0tjew/gradle-4.1/lib/plugins/gradle-osgi-4.1.jar
7f07d005d000-7f07d0060000 r--s 0000c000 08:01 422940                     /home/student/.gradle/wrapper/dists/gradle-4.1-all/bzyivzo6n839fup2jbap0tjew/gradle-4.1/lib/plugins/pmaven-groovy-0.8-20100325.jar
7f07d0060000-7f07d0061000 r--s 00004000 08:01 422939                     /home/student/.gradle/wrapper/dists/gradle-4.1-all/bzyivzo6n839fup2jbap0tjew/gradle-4.1/lib/plugins/pmaven-common-0.8-20100325.jar
7f07d0061000-7f07d0067000 r--s 00023000 08:01 422896                     /home/student/.gradle/wrapper/dists/gradle-4.1-all/bzyivzo6n839fup2jbap0tjew/gradle-4.1/lib/plugins/gradle-maven-4.1.jar
7f07d0067000-7f07d006a000 r--s 0000b000 08:01 422914                     /home/student/.gradle/wrapper/dists/gradle-4.1-all/bzyivzo6n839fup2jbap0tjew/gradle-4.1/lib/plugins/gradle-language-scala-4.1.jar
7f07d006a000-7f07d0071000 r--s 00020000 08:01 422920                     /home/student/.gradle/wrapper/dists/gradle-4.1-all/bzyivzo6n839fup2jbap0tjew/gradle-4.1/lib/plugins/gradle-language-native-4.1.jar
7f07d0071000-7f07d0073000 r--s 00005000 08:01 422917                     /home/student/.gradle/wrapper/dists/gradle-4.1-all/bzyivzo6n839fup2jbap0tjew/gradle-4.1/lib/plugins/gradle-language-jvm-4.1.jar
7f07d0073000-7f07d007a000 r--s 0002f000 08:01 422916                     /home/student/.gradle/wrapper/dists/gradle-4.1-all/bzyivzo6n839fup2jbap0tjew/gradle-4.1/lib/plugins/gradle-language-java-4.1.jar
7f07d007a000-7f07d007d000 r--s 0000a000 08:01 422913                     /home/student/.gradle/wrapper/dists/gradle-4.1-all/bzyivzo6n839fup2jbap0tjew/gradle-4.1/lib/plugins/gradle-language-groovy-4.1.jar
7f07d007d000-7f07d0084000 r--s 00035000 08:01 422946                     /home/student/.gradle/wrapper/dists/gradle-4.1-all/bzyivzo6n839fup2jbap0tjew/gradle-4.1/lib/plugins/simple-4.1.21.jar
7f07d0084000-7f07d0090000 r--s 00100000 08:01 422944                     /home/student/.gradle/wrapper/dists/gradle-4.1-all/bzyivzo6n839fup2jbap0tjew/gradle-4.1/lib/plugins/rhino-1.7R3.jar
7f07d0090000-7f07d0094000 r--s 00012000 08:01 422904                     /home/student/.gradle/wrapper/dists/gradle-4.1-all/bzyivzo6n839fup2jbap0tjew/gradle-4.1/lib/plugins/gradle-javascript-4.1.jar
7f07d0094000-7f07d0097000 r--s 00011000 08:01 422906                     /home/student/.gradle/wrapper/dists/gradle-4.1-all/bzyivzo6n839fup2jbap0tjew/gradle-4.1/lib/plugins/gradle-jacoco-4.1.jar
7f07d0097000-7f07d009a000 r--s 0000e000 08:01 422905                     /home/student/.gradle/wrapper/dists/gradle-4.1-all/bzyivzo6n839fup2jbap0tjew/gradle-4.1/lib/plugins/gradle-ivy-4.1.jar
7f07d009a000-7f07d009b000 r--s 00002000 08:01 422897                     /home/student/.gradle/wrapper/dists/gradle-4.1-all/bzyivzo6n839fup2jbap0tjew/gradle-4.1/lib/plugins/gradle-ide-play-4.1.jar
7f07d009b000-7f07d009e000 r--s 00013000 08:01 422898                     /home/student/.gradle/wrapper/dists/gradle-4.1-all/bzyivzo6n839fup2jbap0tjew/gradle-4.1/lib/plugins/gradle-ide-native-4.1.jar
7f07d009e000-7f07d00a8000 r--s 00054000 08:01 422899                     /home/student/.gradle/wrapper/dists/gradle-4.1-all/bzyivzo6n839fup2jbap0tjew/gradle-4.1/lib/plugins/gradle-ide-4.1.jar
7f07d00a8000-7f07d00aa000 r--s 00007000 08:01 422902                     /home/student/.gradle/wrapper/dists/gradle-4.1-all/bzyivzo6n839fup2jbap0tjew/gradle-4.1/lib/plugins/gradle-ear-4.1.jar
7f07d00aa000-7f07d00ac000 r--s 00005000 08:01 422934                     /home/student/.gradle/wrapper/dists/gradle-4.1-all/bzyivzo6n839fup2jbap0tjew/gradle-4.1/lib/plugins/jatl-0.2.2.jar
7f07d00ac000-7f07d00b3000 r--s 00038000 08:01 422922                     /home/student/.gradle/wrapper/dists/gradle-4.1-all/bzyivzo6n839fup2jbap0tjew/gradle-4.1/lib/plugins/gradle-diagnostics-4.1.jar
7f07d00b3000-7f07d00b5000 r--s 0000b000 08:01 422911                     /home/student/.gradle/wrapper/dists/gradle-4.1-all/bzyivzo6n839fup2jbap0tjew/gradle-4.1/lib/plugins/gradle-composite-builds-4.1.jar
7f07d00b5000-7f07d00ba000 r--s 00025000 08:01 422891                     /home/student/.gradle/wrapper/dists/gradle-4.1-all/bzyivzo6n839fup2jbap0tjew/gradle-4.1/lib/plugins/gradle-code-quality-4.1.jar
7f07d00ba000-7f07d00bf000 r--s 00022000 08:01 422907                     /home/student/.gradle/wrapper/dists/gradle-4.1-all/bzyivzo6n839fup2jbap0tjew/gradle-4.1/lib/plugins/gradle-build-init-4.1.jar
7f07d00bf000-7f07d00c5000 r--s 0008e000 08:01 422901                     /home/student/.gradle/wrapper/dists/gradle-4.1-all/bzyivzo6n839fup2jbap0tjew/gradle-4.1/lib/plugins/gradle-build-comparison-4.1.jar
7f07d00c5000-7f07d00c6000 r--s 00002000 08:01 422929                     /home/student/.gradle/wrapper/dists/gradle-4.1-all/bzyivzo6n839fup2jbap0tjew/gradle-4.1/lib/plugins/gradle-build-cache-http-4.1.jar
7f07d00c6000-7f07d00c8000 r--s 00008000 08:01 422892                     /home/student/.gradle/wrapper/dists/gradle-4.1-all/bzyivzo6n839fup2jbap0tjew/gradle-4.1/lib/plugins/gradle-antlr-4.1.jar
7f07d00c8000-7f07d00ca000 r--s 00004000 08:01 422912                     /home/student/.gradle/wrapper/dists/gradle-4.1-all/bzyivzo6n839fup2jbap0tjew/gradle-4.1/lib/plugins/gradle-announce-4.1.jar
7f07d00ca000-7f07d00cc000 r--s 00008000 08:01 422833                     /home/student/.gradle/wrapper/dists/gradle-4.1-all/bzyivzo6n839fup2jbap0tjew/gradle-4.1/lib/gradle-kotlin-dsl-tooling-builders-0.10.3.jar
7f07d00cc000-7f07d00cf000 r--s 0001c000 08:01 422950                     /home/student/.gradle/wrapper/dists/gradle-4.1-all/bzyivzo6n839fup2jbap0tjew/gradle-4.1/lib/plugins/nekohtml-1.9.14.jar
7f07d00cf000-7f07d00d7000 r--s 00028000 08:01 422991                     /home/student/.gradle/wrapper/dists/gradle-4.1-all/bzyivzo6n839fup2jbap0tjew/gradle-4.1/lib/plugins/xml-apis-1.3.04.jar
7f07d00d7000-7f07d00ef000 r--s 00115000 08:01 422951                     /home/student/.gradle/wrapper/dists/gradle-4.1-all/bzyivzo6n839fup2jbap0tjew/gradle-4.1/lib/plugins/xercesImpl-2.9.1.jar
7f07d00ef000-7f07d00f5000 r--s 0005b000 08:01 422949                     /home/student/.gradle/wrapper/dists/gradle-4.1-all/bzyivzo6n839fup2jbap0tjew/gradle-4.1/lib/plugins/jcifs-1.3.17.jar
7f07d00f5000-7f07d00fc000 r--s 00049000 08:01 422990                     /home/student/.gradle/wrapper/dists/gradle-4.1-all/bzyivzo6n839fup2jbap0tjew/gradle-4.1/lib/plugins/httpcore-4.4.4.jar
7f07d00fc000-7f07d0102000 r--s 00033000 08:01 422942                     /home/student/.gradle/wrapper/dists/gradle-4.1-all/bzyivzo6n839fup2jbap0tjew/gradle-4.1/lib/plugins/commons-codec-1.6.jar
7f07d0102000-7f07d010f000 r--s 000a4000 08:01 422935                     /home/student/.gradle/wrapper/dists/gradle-4.1-all/bzyivzo6n839fup2jbap0tjew/gradle-4.1/lib/plugins/httpclient-4.4.1.jar
7f07d010f000-7f07d0111000 r--s 0000b000 08:01 422930                     /home/student/.gradle/wrapper/dists/gradle-4.1-all/bzyivzo6n839fup2jbap0tjew/gradle-4.1/lib/plugins/gradle-resources-http-4.1.jar
7f07d0111000-7f07d0115000 r--s 00017000 08:01 422927                     /home/student/.gradle/wrapper/dists/gradle-4.1-all/bzyivzo6n839fup2jbap0tjew/gradle-4.1/lib/plugins/gradle-plugin-use-4.1.jar
7f07d0115000-7f07d0116000 r--s 00000000 08:01 422839                     /home/student/.gradle/wrapper/dists/gradle-4.1-all/bzyivzo6n839fup2jbap0tjew/gradle-4.1/lib/gradle-runtime-api-info-4.1.jar
7f07d0116000-7f07d0117000 r--s 00000000 08:01 422842                     /home/student/.gradle/wrapper/dists/gradle-4.1-all/bzyivzo6n839fup2jbap0tjew/gradle-4.1/lib/gradle-installation-beacon-4.1.jar
7f07d0117000-7f07d0157000 r--s 00277000 08:01 422962                     /home/student/.gradle/wrapper/dists/gradle-4.1-all/bzyivzo6n839fup2jbap0tjew/gradle-4.1/lib/plugins/bcprov-jdk15on-1.51.jar
7f07d0157000-7f07d015b000 r--s 0001d000 08:01 422961                     /home/student/.gradle/wrapper/dists/gradle-4.1-all/bzyivzo6n839fup2jbap0tjew/gradle-4.1/lib/plugins/xbean-reflect-3.4.jar
7f07d015b000-7f07d015d000 r--s 0000a000 08:01 422963                     /home/student/.gradle/wrapper/dists/gradle-4.1-all/bzyivzo6n839fup2jbap0tjew/gradle-4.1/lib/plugins/maven-settings-3.0.4.jar
7f07d015d000-7f07d0160000 r--s 00008000 08:01 422964                     /home/student/.gradle/wrapper/dists/gradle-4.1-all/bzyivzo6n839fup2jbap0tjew/gradle-4.1/lib/plugins/maven-settings-builder-3.0.4.jar
7f07d0160000-7f07d0164000 r--s 00033000 08:01 422965                     /home/student/.gradle/wrapper/dists/gradle-4.1-all/bzyivzo6n839fup2jbap0tjew/gradle-4.1/lib/plugins/plexus-utils-2.0.6.jar
7f07d0164000-7f07d0166000 r--s 0000d000 08:01 422966                     /home/student/.gradle/wrapper/dists/gradle-4.1-all/bzyivzo6n839fup2jbap0tjew/gradle-4.1/lib/plugins/plexus-interpolation-1.14.jar
7f07d0166000-7f07d0168000 r--s 00000000 08:01 422941                     /home/student/.gradle/wrapper/dists/gradle-4.1-all/bzyivzo6n839fup2jbap0tjew/gradle-4.1/lib/plugins/plexus-component-annotations-1.5.5.jar
7f07d0168000-7f07d016f000 r--s 0002e000 08:01 422967                     /home/student/.gradle/wrapper/dists/gradle-4.1-all/bzyivzo6n839fup2jbap0tjew/gradle-4.1/lib/plugins/plexus-container-default-1.5.5.jar
7f07d016f000-7f07d0171000 r--s 0000a000 08:01 422968                     /home/student/.gradle/wrapper/dists/gradle-4.1-all/bzyivzo6n839fup2jbap0tjew/gradle-4.1/lib/plugins/plexus-classworlds-2.4.jar
7f07d0171000-7f07d0173000 r--s 00002000 08:01 422969                     /home/student/.gradle/wrapper/dists/gradle-4.1-all/bzyivzo6n839fup2jbap0tjew/gradle-4.1/lib/plugins/plexus-cipher-1.7.jar
7f07d0173000-7f07d0174000 r--s 00006000 08:01 422970                     /home/student/.gradle/wrapper/dists/gradle-4.1-all/bzyivzo6n839fup2jbap0tjew/gradle-4.1/lib/plugins/plexus-sec-dispatcher-1.3.jar
7f07d0174000-7f07d017a000 r--s 0003f000 08:01 422971                     /home/student/.gradle/wrapper/dists/gradle-4.1-all/bzyivzo6n839fup2jbap0tjew/gradle-4.1/lib/plugins/maven-compat-3.0.4.jar
7f07d017a000-7f07d017e000 r--s 00021000 08:01 422972                     /home/student/.gradle/wrapper/dists/gradle-4.1-all/bzyivzo6n839fup2jbap0tjew/gradle-4.1/lib/plugins/maven-model-builder-3.0.4.jar
7f07d017e000-7f07d0180000 r--s 00026000 08:01 422973                     /home/student/.gradle/wrapper/dists/gradle-4.1-all/bzyivzo6n839fup2jbap0tjew/gradle-4.1/lib/plugins/maven-model-3.0.4.jar
7f07d0180000-7f07d0182000 r--s 0000b000 08:01 422974                     /home/student/.gradle/wrapper/dists/gradle-4.1-all/bzyivzo6n839fup2jbap0tjew/gradle-4.1/lib/plugins/maven-artifact-3.0.4.jar
7f07d0182000-7f07d0184000 r--s 00006000 08:01 422975                     /home/student/.gradle/wrapper/dists/gradle-4.1-all/bzyivzo6n839fup2jbap0tjew/gradle-4.1/lib/plugins/maven-repository-metadata-3.0.4.jar
7f07d0184000-7f07d0186000 r--s 0000b000 08:01 422976                     /home/student/.gradle/wrapper/dists/gradle-4.1-all/bzyivzo6n839fup2jbap0tjew/gradle-4.1/lib/plugins/maven-plugin-api-3.0.4.jar
7f07d0186000-7f07d0188000 r--s 0000c000 08:01 422977                     /home/student/.gradle/wrapper/dists/gradle-4.1-all/bzyivzo6n839fup2jbap0tjew/gradle-4.1/lib/plugins/maven-aether-provider-3.0.4.jar
7f07d0188000-7f07d0189000 r--s 00002000 08:01 422978                     /home/student/.gradle/wrapper/dists/gradle-4.1-all/bzyivzo6n839fup2jbap0tjew/gradle-4.1/lib/plugins/wagon-file-2.4.jar
7f07d0189000-7f07d018a000 r--s 00002000 08:01 422979                     /home/student/.gradle/wrapper/dists/gradle-4.1-all/bzyivzo6n839fup2jbap0tjew/gradle-4.1/lib/plugins/wagon-http-2.4.jar
7f07d018a000-7f07d018c000 r--s 0000b000 08:01 422980                     /home/student/.gradle/wrapper/dists/gradle-4.1-all/bzyivzo6n839fup2jbap0tjew/gradle-4.1/lib/plugins/wagon-provider-api-2.4.jar
7f07d018c000-7f07d018d000 r--s 00007000 08:01 422981                     /home/student/.gradle/wrapper/dists/gradle-4.1-all/bzyivzo6n839fup2jbap0tjew/gradle-4.1/lib/plugins/wagon-http-shared4-2.4.jar
7f07d018d000-7f07d0190000 r--s 00013000 08:01 422982                     /home/student/.gradle/wrapper/dists/gradle-4.1-all/bzyivzo6n839fup2jbap0tjew/gradle-4.1/lib/plugins/aether-api-1.13.1.jar
7f07d0190000-7f07d0193000 r--s 0001d000 08:01 422983                     /home/student/.gradle/wrapper/dists/gradle-4.1-all/bzyivzo6n839fup2jbap0tjew/gradle-4.1/lib/plugins/aether-impl-1.13.1.jar
7f07d0193000-7f07d0194000 r--s 00003000 08:01 422984                     /home/student/.gradle/wrapper/dists/gradle-4.1-all/bzyivzo6n839fup2jbap0tjew/gradle-4.1/lib/plugins/aether-spi-1.13.1.jar
7f07d0194000-7f07d0198000 r--s 0001c000 08:01 422985                     /home/student/.gradle/wrapper/dists/gradle-4.1-all/bzyivzo6n839fup2jbap0tjew/gradle-4.1/lib/plugins/aether-util-1.13.1.jar
7f07d0198000-7f07d019a000 r--s 00006000 08:01 422986                     /home/student/.gradle/wrapper/dists/gradle-4.1-all/bzyivzo6n839fup2jbap0tjew/gradle-4.1/lib/plugins/aether-connector-wagon-1.13.1.jar
7f07d019a000-7f07d01a6000 r--s 0007d000 08:01 422938                     /home/student/.gradle/wrapper/dists/gradle-4.1-all/bzyivzo6n839fup2jbap0tjew/gradle-4.1/lib/plugins/maven-core-3.0.4.jar
7f07d01a6000-7f07d01ab000 r--s 00034000 08:01 422945                     /home/student/.gradle/wrapper/dists/gradle-4.1-all/bzyivzo6n839fup2jbap0tjew/gradle-4.1/lib/plugins/gson-2.7.jar
7f07d01ab000-7f07d01b0000 r--s 00040000 08:01 422953                     /home/student/.gradle/wrapper/dists/gradle-4.1-all/bzyivzo6n839fup2jbap0tjew/gradle-4.1/lib/plugins/jsch-0.1.54.jar
7f07d01b0000-7f07d01bf000 r--s 000d9000 08:01 422952                     /home/student/.gradle/wrapper/dists/gradle-4.1-all/bzyivzo6n839fup2jbap0tjew/gradle-4.1/lib/plugins/ivy-2.2.0.jar
7f07d01bf000-7f07d01e3000 r--s 0011a000 08:01 422933                     /home/student/.gradle/wrapper/dists/gradle-4.1-all/bzyivzo6n839fup2jbap0tjew/gradle-4.1/lib/plugins/gradle-dependency-management-4.1.jar
7f07d01e3000-7f07d01e6000 r--s 0000d000 08:01 422932                     /home/student/.gradle/wrapper/dists/gradle-4.1-all/bzyivzo6n839fup2jbap0tjew/gradle-4.1/lib/plugins/gradle-workers-4.1.jar
7f07d01e6000-7f07d01f7000 r-xp 00000000 08:01 559479                     /home/student/Android/android-studio/jre/jre/lib/amd64/libnio.so
7f07d01f7000-7f07d03f6000 ---p 00011000 08:01 559479                     /home/student/Android/android-studio/jre/jre/lib/amd64/libnio.so
7f07d03f6000-7f07d03f7000 r--p 00010000 08:01 559479                     /home/student/Android/android-studio/jre/jre/lib/amd64/libnio.so
7f07d03f7000-7f07d03f8000 rw-p 00011000 08:01 559479                     /home/student/Android/android-studio/jre/jre/lib/amd64/libnio.so
7f07d03f8000-7f07d33f9000 rw-p 00000000 00:00 0 
7f07d33f9000-7f07d340f000 r-xp 00000000 08:01 559481                     /home/student/Android/android-studio/jre/jre/lib/amd64/libnet.so
7f07d340f000-7f07d360f000 ---p 00016000 08:01 559481                     /home/student/Android/android-studio/jre/jre/lib/amd64/libnet.so
7f07d360f000-7f07d3610000 r--p 00016000 08:01 559481                     /home/student/Android/android-studio/jre/jre/lib/amd64/libnet.so
7f07d3610000-7f07d3611000 rw-p 00017000 08:01 559481                     /home/student/Android/android-studio/jre/jre/lib/amd64/libnet.so
7f07d3611000-7f07d3612000 r--s 00006000 08:01 422841                     /home/student/.gradle/wrapper/dists/gradle-4.1-all/bzyivzo6n839fup2jbap0tjew/gradle-4.1/lib/gradle-wrapper-4.1.jar
7f07d3612000-7f07d361f000 r--s 00043000 08:01 422840                     /home/student/.gradle/wrapper/dists/gradle-4.1-all/bzyivzo6n839fup2jbap0tjew/gradle-4.1/lib/gradle-tooling-api-4.1.jar
7f07d361f000-7f07d362e000 r--s 000c8000 08:01 422837                     /home/student/.gradle/wrapper/dists/gradle-4.1-all/bzyivzo6n839fup2jbap0tjew/gradle-4.1/lib/kotlin-stdlib-1.1.3-2.jar
7f07d362e000-7f07d3660000 r--s 0021b000 08:01 422836                     /home/student/.gradle/wrapper/dists/gradle-4.1-all/bzyivzo6n839fup2jbap0tjew/gradle-4.1/lib/kotlin-reflect-1.1.3-2.jar
7f07d3660000-7f07d3817000 r--s 01786000 08:01 422835                     /home/student/.gradle/wrapper/dists/gradle-4.1-all/bzyivzo6n839fup2jbap0tjew/gradle-4.1/lib/kotlin-compiler-embeddable-1.1.3-2.jar
7f07d3817000-7f07d3818000 r--s 00000000 08:01 422834                     /home/student/.gradle/wrapper/dists/gradle-4.1-all/bzyivzo6n839fup2jbap0tjew/gradle-4.1/lib/gradle-kotlin-dsl-tooling-models-0.10.3.jar
7f07d3818000-7f07d3819000 r--s 00001000 08:01 422832                     /home/student/.gradle/wrapper/dists/gradle-4.1-all/bzyivzo6n839fup2jbap0tjew/gradle-4.1/lib/gradle-kotlin-dsl-compiler-plugin-0.10.3.jar
7f07d3819000-7f07d381b000 r--s 00003000 08:01 422830                     /home/student/.gradle/wrapper/dists/gradle-4.1-all/bzyivzo6n839fup2jbap0tjew/gradle-4.1/lib/annotations-13.0.jar
7f07d381b000-7f07d3825000 r--s 00073000 08:01 422831                     /home/student/.gradle/wrapper/dists/gradle-4.1-all/bzyivzo6n839fup2jbap0tjew/gradle-4.1/lib/gradle-kotlin-dsl-0.10.3.jar
7f07d3825000-7f07d382a000 r--s 00013000 08:01 422847                     /home/student/.gradle/wrapper/dists/gradle-4.1-all/bzyivzo6n839fup2jbap0tjew/gradle-4.1/lib/gradle-resources-4.1.jar
7f07d382a000-7f07d382c000 r--s 00005000 08:01 422854                     /home/student/.gradle/wrapper/dists/gradle-4.1-all/bzyivzo6n839fup2jbap0tjew/gradle-4.1/lib/gradle-cli-4.1.jar
7f07d382c000-7f07d382e000 r--s 00003000 08:01 422861                     /home/student/.gradle/wrapper/dists/gradle-4.1-all/bzyivzo6n839fup2jbap0tjew/gradle-4.1/lib/jcl-over-slf4j-1.7.10.jar
7f07d382e000-7f07d382f000 r--s 00005000 08:01 422860                     /home/student/.gradle/wrapper/dists/gradle-4.1-all/bzyivzo6n839fup2jbap0tjew/gradle-4.1/lib/log4j-over-slf4j-1.7.10.jar
7f07d382f000-7f07d3831000 r--s 00000000 08:01 422859                     /home/student/.gradle/wrapper/dists/gradle-4.1-all/bzyivzo6n839fup2jbap0tjew/gradle-4.1/lib/jul-to-slf4j-1.7.10.jar
7f07d3831000-7f07d3838000 r--s 0002c000 08:01 422845                     /home/student/.gradle/wrapper/dists/gradle-4.1-all/bzyivzo6n839fup2jbap0tjew/gradle-4.1/lib/gradle-logging-4.1.jar
7f07d3838000-7f07d3848000 r--s 00082000 08:01 422850                     /home/student/.gradle/wrapper/dists/gradle-4.1-all/bzyivzo6n839fup2jbap0tjew/gradle-4.1/lib/gradle-model-core-4.1.jar
7f07d3848000-7f07d384a000 r--s 00006000 08:01 422851                     /home/student/.gradle/wrapper/dists/gradle-4.1-all/bzyivzo6n839fup2jbap0tjew/gradle-4.1/lib/gradle-base-services-groovy-4.1.jar
7f07d384a000-7f07d384c000 r--s 00007000 08:01 422849                     /home/student/.gradle/wrapper/dists/gradle-4.1-all/bzyivzo6n839fup2jbap0tjew/gradle-4.1/lib/gradle-model-groovy-4.1.jar
7f07d384c000-7f07d384d000 r--s 00002000 08:01 422872                     /home/student/.gradle/wrapper/dists/gradle-4.1-all/bzyivzo6n839fup2jbap0tjew/gradle-4.1/lib/gradle-docs-4.1.jar
7f07d384d000-7f07d385a000 r--s 00083000 08:01 422870                     /home/student/.gradle/wrapper/dists/gradle-4.1-all/bzyivzo6n839fup2jbap0tjew/gradle-4.1/lib/commons-collections-3.2.2.jar
7f07d385a000-7f07d385b000 r--s 00000000 08:01 422869                     /home/student/.gradle/wrapper/dists/gradle-4.1-all/bzyivzo6n839fup2jbap0tjew/gradle-4.1/lib/javax.inject-1.jar
7f07d385b000-7f07d38cb000 r--s 00645000 08:01 422867                     /home/student/.gradle/wrapper/dists/gradle-4.1-all/bzyivzo6n839fup2jbap0tjew/gradle-4.1/lib/groovy-all-2.4.11.jar
7f07d38cb000-7f07d38ce000 r--s 00023000 08:01 422873                     /home/student/.gradle/wrapper/dists/gradle-4.1-all/bzyivzo6n839fup2jbap0tjew/gradle-4.1/lib/jansi-1.14.jar
7f07d38ce000-7f07d38cf000 r--s 00004000 08:01 422875                     /home/student/.gradle/wrapper/dists/gradle-4.1-all/bzyivzo6n839fup2jbap0tjew/gradle-4.1/lib/native-platform-freebsd-amd64-libcpp-0.14.jar
7f07d38cf000-7f07d38d0000 r--s 00004000 08:01 422876                     /home/student/.gradle/wrapper/dists/gradle-4.1-all/bzyivzo6n839fup2jbap0tjew/gradle-4.1/lib/native-platform-freebsd-amd64-libstdcpp-0.14.jar
7f07d38d0000-7f07d38d1000 r--s 00004000 08:01 422877                     /home/student/.gradle/wrapper/dists/gradle-4.1-all/bzyivzo6n839fup2jbap0tjew/gradle-4.1/lib/native-platform-freebsd-i386-libcpp-0.14.jar
7f07d38d1000-7f07d38d2000 r--s 00003000 08:01 422878                     /home/student/.gradle/wrapper/dists/gradle-4.1-all/bzyivzo6n839fup2jbap0tjew/gradle-4.1/lib/native-platform-freebsd-i386-libstdcpp-0.14.jar
7f07d38d2000-7f07d38d3000 r--s 00002000 08:01 422879                     /home/student/.gradle/wrapper/dists/gradle-4.1-all/bzyivzo6n839fup2jbap0tjew/gradle-4.1/lib/native-platform-linux-amd64-0.14.jar
7f07d38d3000-7f07d38d4000 r--s 00002000 08:01 422880                     /home/student/.gradle/wrapper/dists/gradle-4.1-all/bzyivzo6n839fup2jbap0tjew/gradle-4.1/lib/native-platform-linux-i386-0.14.jar
7f07d38d4000-7f07d38d6000 r--s 00002000 08:01 422881                     /home/student/.gradle/wrapper/dists/gradle-4.1-all/bzyivzo6n839fup2jbap0tjew/gradle-4.1/lib/native-platform-osx-amd64-0.14.jar
7f07d38d6000-7f07d38d7000 r--s 00003000 08:01 422882                     /home/student/.gradle/wrapper/dists/gradle-4.1-all/bzyivzo6n839fup2jbap0tjew/gradle-4.1/lib/native-platform-osx-i386-0.14.jar
7f07d38d7000-7f07d38d9000 r--s 0000b000 08:01 422883                     /home/student/.gradle/wrapper/dists/gradle-4.1-all/bzyivzo6n839fup2jbap0tjew/gradle-4.1/lib/native-platform-windows-amd64-0.14.jar
7f07d38d9000-7f07d38da000 r--s 0000b000 08:01 422884                     /home/student/.gradle/wrapper/dists/gradle-4.1-all/bzyivzo6n839fup2jbap0tjew/gradle-4.1/lib/native-platform-windows-i386-0.14.jar
7f07d38da000-7f07d38db000 r--s 00001000 08:01 422885                     /home/student/.gradle/wrapper/dists/gradle-4.1-all/bzyivzo6n839fup2jbap0tjew/gradle-4.1/lib/native-platform-linux-amd64-ncurses5-0.14.jar
7f07d38db000-7f07d38dc000 r--s 00001000 08:01 422886                     /home/student/.gradle/wrapper/dists/gradle-4.1-all/bzyivzo6n839fup2jbap0tjew/gradle-4.1/lib/native-platform-linux-amd64-ncurses6-0.14.jar
7f07d38dc000-7f07d38dd000 r--s 00001000 08:01 422887                     /home/student/.gradle/wrapper/dists/gradle-4.1-all/bzyivzo6n839fup2jbap0tjew/gradle-4.1/lib/native-platform-linux-i386-ncurses5-0.14.jar
7f07d38dd000-7f07d38de000 r--s 00001000 08:01 422888                     /home/student/.gradle/wrapper/dists/gradle-4.1-all/bzyivzo6n839fup2jbap0tjew/gradle-4.1/lib/native-platform-linux-i386-ncurses6-0.14.jar
7f07d38de000-7f07d38e2000 r--s 00012000 08:01 422871                     /home/student/.gradle/wrapper/dists/gradle-4.1-all/bzyivzo6n839fup2jbap0tjew/gradle-4.1/lib/native-platform-0.14.jar
7f07d38e2000-7f07d38e5000 r--s 0000c000 08:01 422848                     /home/student/.gradle/wrapper/dists/gradle-4.1-all/bzyivzo6n839fup2jbap0tjew/gradle-4.1/lib/gradle-native-4.1.jar
7f07d38e5000-7f07d38e7000 r--s 0000f000 08:01 422856                     /home/student/.gradle/wrapper/dists/gradle-4.1-all/bzyivzo6n839fup2jbap0tjew/gradle-4.1/lib/reflectasm-1.07-shaded.jar
7f07d38e7000-7f07d38e9000 r--s 00000000 08:01 422889                     /home/student/.gradle/wrapper/dists/gradle-4.1-all/bzyivzo6n839fup2jbap0tjew/gradle-4.1/lib/minlog-1.2.jar
7f07d38e9000-7f07d38eb000 r--s 00007000 08:01 422890                     /home/student/.gradle/wrapper/dists/gradle-4.1-all/bzyivzo6n839fup2jbap0tjew/gradle-4.1/lib/objenesis-1.2.jar
7f07d38eb000-7f07d38ef000 r--s 00026000 08:01 422855                     /home/student/.gradle/wrapper/dists/gradle-4.1-all/bzyivzo6n839fup2jbap0tjew/gradle-4.1/lib/kryo-2.20.jar
7f07d38ef000-7f07d38f5000 r--s 0002b000 08:01 422852                     /home/student/.gradle/wrapper/dists/gradle-4.1-all/bzyivzo6n839fup2jbap0tjew/gradle-4.1/lib/gradle-messaging-4.1.jar
7f07d38f5000-7f07d38f7000 r--s 00006000 08:01 422846                     /home/student/.gradle/wrapper/dists/gradle-4.1-all/bzyivzo6n839fup2jbap0tjew/gradle-4.1/lib/gradle-process-services-4.1.jar
7f07d38f7000-7f07d38fc000 r--s 00041000 08:01 422865                     /home/student/.gradle/wrapper/dists/gradle-4.1-all/bzyivzo6n839fup2jbap0tjew/gradle-4.1/lib/commons-lang-2.6.jar
7f07d38fc000-7f07d3924000 r--s 001cf000 08:01 422863                     /home/student/.gradle/wrapper/dists/gradle-4.1-all/bzyivzo6n839fup2jbap0tjew/gradle-4.1/lib/guava-jdk5-17.0.jar
7f07d3924000-7f07d3925000 ---p 00000000 00:00 0 
7f07d3925000-7f07d3a25000 rw-p 00000000 00:00 0 
7f07d3a25000-7f07d3a28000 ---p 00000000 00:00 0 
7f07d3a28000-7f07d3b26000 rw-p 00000000 00:00 0 
7f07d3b26000-7f07d3b29000 ---p 00000000 00:00 0 
7f07d3b29000-7f07d3c27000 rw-p 00000000 00:00 0 
7f07d3c27000-7f07d3c2a000 ---p 00000000 00:00 0 
7f07d3c2a000-7f07d3d28000 rw-p 00000000 00:00 0 
7f07d3d28000-7f07d4000000 r--p 00000000 08:01 1534                       /usr/lib/locale/locale-archive
7f07d4000000-7f07d40e0000 rw-p 00000000 00:00 0 
7f07d40e0000-7f07d8000000 ---p 00000000 00:00 0 
7f07d8000000-7f07d82a1000 rw-p 00000000 00:00 0 
7f07d82a1000-7f07dc000000 ---p 00000000 00:00 0 
7f07dc000000-7f07dc1b3000 rw-p 00000000 00:00 0 
7f07dc1b3000-7f07e0000000 ---p 00000000 00:00 0 
7f07e0000000-7f07e0002000 r--s 00000000 08:01 422844                     /home/student/.gradle/wrapper/dists/gradle-4.1-all/bzyivzo6n839fup2jbap0tjew/gradle-4.1/lib/gradle-jvm-services-4.1.jar
7f07e0002000-7f07e0003000 r--s 00000000 08:01 422866                     /home/student/.gradle/wrapper/dists/gradle-4.1-all/bzyivzo6n839fup2jbap0tjew/gradle-4.1/lib/jcip-annotations-1.0.jar
7f07e0003000-7f07e0006000 r--s 00006000 08:01 422864                     /home/student/.gradle/wrapper/dists/gradle-4.1-all/bzyivzo6n839fup2jbap0tjew/gradle-4.1/lib/jsr305-1.3.9.jar
7f07e0006000-7f07e0007000 r--s 00007000 08:01 422862                     /home/student/.gradle/wrapper/dists/gradle-4.1-all/bzyivzo6n839fup2jbap0tjew/gradle-4.1/lib/slf4j-api-1.7.10.jar
7f07e0007000-7f07e000b000 r--s 00027000 08:01 422858                     /home/student/.gradle/wrapper/dists/gradle-4.1-all/bzyivzo6n839fup2jbap0tjew/gradle-4.1/lib/commons-io-2.2.jar
7f07e000b000-7f07e0013000 r--s 000bd000 08:01 422857                     /home/student/.gradle/wrapper/dists/gradle-4.1-all/bzyivzo6n839fup2jbap0tjew/gradle-4.1/lib/asm-debug-all-6.0_ALPHA.jar
7f07e0013000-7f07e0014000 r--s 00004000 08:01 422874                     /home/student/.gradle/wrapper/dists/gradle-4.1-all/bzyivzo6n839fup2jbap0tjew/gradle-4.1/lib/ant-launcher-1.9.6.jar
7f07e0014000-7f07e0033000 r--s 001d1000 08:01 422868                     /home/student/.gradle/wrapper/dists/gradle-4.1-all/bzyivzo6n839fup2jbap0tjew/gradle-4.1/lib/ant-1.9.6.jar
7f07e0033000-7f07e003f000 r--s 00053000 08:01 422853                     /home/student/.gradle/wrapper/dists/gradle-4.1-all/bzyivzo6n839fup2jbap0tjew/gradle-4.1/lib/gradle-base-services-4.1.jar
7f07e003f000-7f07e0089000 r--s 00253000 08:01 422843                     /home/student/.gradle/wrapper/dists/gradle-4.1-all/bzyivzo6n839fup2jbap0tjew/gradle-4.1/lib/gradle-core-4.1.jar
7f07e0089000-7f07e008c000 ---p 00000000 00:00 0 
7f07e008c000-7f07e018a000 rw-p 00000000 00:00 0 
7f07e018a000-7f07e018d000 ---p 00000000 00:00 0 
7f07e018d000-7f07e028b000 rw-p 00000000 00:00 0 
7f07e028b000-7f07e028e000 ---p 00000000 00:00 0 
7f07e028e000-7f07e038c000 rw-p 00000000 00:00 0 
7f07e038c000-7f07e038d000 ---p 00000000 00:00 0 
7f07e038d000-7f07e0db7000 rw-p 00000000 00:00 0 
7f07e0db7000-7f07e0f87000 r--s 03c46000 08:01 559439                     /home/student/Android/android-studio/jre/jre/lib/rt.jar
7f07e0f87000-7f07e4afd000 rw-p 00000000 00:00 0 
7f07e4afd000-7f07e4afe000 ---p 00000000 00:00 0 
7f07e4afe000-7f07e4bfe000 rw-p 00000000 00:00 0 
7f07e4bfe000-7f07e4bff000 ---p 00000000 00:00 0 
7f07e4bff000-7f07e4d3e000 rw-p 00000000 00:00 0 
7f07e4d3e000-7f07e4eff000 ---p 00000000 00:00 0 
7f07e4eff000-7f07e4f87000 rw-p 00000000 00:00 0 
7f07e4f87000-7f07e4fff000 ---p 00000000 00:00 0 
7f07e4fff000-7f07e5000000 rw-p 00000000 00:00 0 
7f07e5000000-7f07e6e80000 rwxp 00000000 00:00 0 
7f07e6e80000-7f07f4000000 ---p 00000000 00:00 0 
7f07f4000000-7f07f4dda000 rw-p 00000000 00:00 0 
7f07f4dda000-7f07f8000000 ---p 00000000 00:00 0 
7f07f8000000-7f07f808d000 rw-p 00000000 00:00 0 
7f07f808d000-7f07f824e000 ---p 00000000 00:00 0 
7f07f824e000-7f07f82c8000 rw-p 00000000 00:00 0 
7f07f82c8000-7f07f860e000 ---p 00000000 00:00 0 
7f07f860e000-7f07f8628000 r-xp 00000000 08:01 559458                     /home/student/Android/android-studio/jre/jre/lib/amd64/libzip.so
7f07f8628000-7f07f8828000 ---p 0001a000 08:01 559458                     /home/student/Android/android-studio/jre/jre/lib/amd64/libzip.so
7f07f8828000-7f07f8829000 r--p 0001a000 08:01 559458                     /home/student/Android/android-studio/jre/jre/lib/amd64/libzip.so
7f07f8829000-7f07f882a000 rw-p 0001b000 08:01 559458                     /home/student/Android/android-studio/jre/jre/lib/amd64/libzip.so
7f07f882a000-7f07f8835000 r-xp 00000000 08:01 153341                     /lib/x86_64-linux-gnu/libnss_files-2.23.so
7f07f8835000-7f07f8a34000 ---p 0000b000 08:01 153341                     /lib/x86_64-linux-gnu/libnss_files-2.23.so
7f07f8a34000-7f07f8a35000 r--p 0000a000 08:01 153341                     /lib/x86_64-linux-gnu/libnss_files-2.23.so
7f07f8a35000-7f07f8a36000 rw-p 0000b000 08:01 153341                     /lib/x86_64-linux-gnu/libnss_files-2.23.so
7f07f8a36000-7f07f8a3c000 rw-p 00000000 00:00 0 
7f07f8a3c000-7f07f8a47000 r-xp 00000000 08:01 153345                     /lib/x86_64-linux-gnu/libnss_nis-2.23.so
7f07f8a47000-7f07f8c46000 ---p 0000b000 08:01 153345                     /lib/x86_64-linux-gnu/libnss_nis-2.23.so
7f07f8c46000-7f07f8c47000 r--p 0000a000 08:01 153345                     /lib/x86_64-linux-gnu/libnss_nis-2.23.so
7f07f8c47000-7f07f8c48000 rw-p 0000b000 08:01 153345                     /lib/x86_64-linux-gnu/libnss_nis-2.23.so
7f07f8c48000-7f07f8c5e000 r-xp 00000000 08:01 153325                     /lib/x86_64-linux-gnu/libnsl-2.23.so
7f07f8c5e000-7f07f8e5d000 ---p 00016000 08:01 153325                     /lib/x86_64-linux-gnu/libnsl-2.23.so
7f07f8e5d000-7f07f8e5e000 r--p 00015000 08:01 153325                     /lib/x86_64-linux-gnu/libnsl-2.23.so
7f07f8e5e000-7f07f8e5f000 rw-p 00016000 08:01 153325                     /lib/x86_64-linux-gnu/libnsl-2.23.so
7f07f8e5f000-7f07f8e61000 rw-p 00000000 00:00 0 
7f07f8e61000-7f07f8e69000 r-xp 00000000 08:01 153336                     /lib/x86_64-linux-gnu/libnss_compat-2.23.so
7f07f8e69000-7f07f9068000 ---p 00008000 08:01 153336                     /lib/x86_64-linux-gnu/libnss_compat-2.23.so
7f07f9068000-7f07f9069000 r--p 00007000 08:01 153336                     /lib/x86_64-linux-gnu/libnss_compat-2.23.so
7f07f9069000-7f07f906a000 rw-p 00008000 08:01 153336                     /lib/x86_64-linux-gnu/libnss_compat-2.23.so
7f07f906a000-7f07f9097000 r-xp 00000000 08:01 559457                     /home/student/Android/android-studio/jre/jre/lib/amd64/libjava.so
7f07f9097000-7f07f9296000 ---p 0002d000 08:01 559457                     /home/student/Android/android-studio/jre/jre/lib/amd64/libjava.so
7f07f9296000-7f07f9297000 r--p 0002c000 08:01 559457                     /home/student/Android/android-studio/jre/jre/lib/amd64/libjava.so
7f07f9297000-7f07f9299000 rw-p 0002d000 08:01 559457                     /home/student/Android/android-studio/jre/jre/lib/amd64/libjava.so
7f07f9299000-7f07f92a9000 r-xp 00000000 08:01 559463                     /home/student/Android/android-studio/jre/jre/lib/amd64/libverify.so
7f07f92a9000-7f07f94a8000 ---p 00010000 08:01 559463                     /home/student/Android/android-studio/jre/jre/lib/amd64/libverify.so
7f07f94a8000-7f07f94aa000 r--p 0000f000 08:01 559463                     /home/student/Android/android-studio/jre/jre/lib/amd64/libverify.so
7f07f94aa000-7f07f94ab000 rw-p 00011000 08:01 559463                     /home/student/Android/android-studio/jre/jre/lib/amd64/libverify.so
7f07f94ab000-7f07f94b2000 r-xp 00000000 08:01 153346                     /lib/x86_64-linux-gnu/librt-2.23.so
7f07f94b2000-7f07f96b1000 ---p 00007000 08:01 153346                     /lib/x86_64-linux-gnu/librt-2.23.so
7f07f96b1000-7f07f96b2000 r--p 00006000 08:01 153346                     /lib/x86_64-linux-gnu/librt-2.23.so
7f07f96b2000-7f07f96b3000 rw-p 00007000 08:01 153346                     /lib/x86_64-linux-gnu/librt-2.23.so
7f07f96b3000-7f07f97bb000 r-xp 00000000 08:01 153324                     /lib/x86_64-linux-gnu/libm-2.23.so
7f07f97bb000-7f07f99ba000 ---p 00108000 08:01 153324                     /lib/x86_64-linux-gnu/libm-2.23.so
7f07f99ba000-7f07f99bb000 r--p 00107000 08:01 153324                     /lib/x86_64-linux-gnu/libm-2.23.so
7f07f99bb000-7f07f99bc000 rw-p 00108000 08:01 153324                     /lib/x86_64-linux-gnu/libm-2.23.so
7f07f99bc000-7f07fa5b4000 r-xp 00000000 08:01 559466                     /home/student/Android/android-studio/jre/jre/lib/amd64/server/libjvm.so
7f07fa5b4000-7f07fa7b4000 ---p 00bf8000 08:01 559466                     /home/student/Android/android-studio/jre/jre/lib/amd64/server/libjvm.so
7f07fa7b4000-7f07fa853000 r--p 00bf8000 08:01 559466                     /home/student/Android/android-studio/jre/jre/lib/amd64/server/libjvm.so
7f07fa853000-7f07fa87c000 rw-p 00c97000 08:01 559466                     /home/student/Android/android-studio/jre/jre/lib/amd64/server/libjvm.so
7f07fa87c000-7f07fa8c0000 rw-p 00000000 00:00 0 
7f07fa8c0000-7f07fa8d8000 r-xp 00000000 08:01 153327                     /lib/x86_64-linux-gnu/libpthread-2.23.so
7f07fa8d8000-7f07faad7000 ---p 00018000 08:01 153327                     /lib/x86_64-linux-gnu/libpthread-2.23.so
7f07faad7000-7f07faad8000 r--p 00017000 08:01 153327                     /lib/x86_64-linux-gnu/libpthread-2.23.so
7f07faad8000-7f07faad9000 rw-p 00018000 08:01 153327                     /lib/x86_64-linux-gnu/libpthread-2.23.so
7f07faad9000-7f07faadd000 rw-p 00000000 00:00 0 
7f07faadd000-7f07faae0000 r-xp 00000000 08:01 153330                     /lib/x86_64-linux-gnu/libdl-2.23.so
7f07faae0000-7f07facdf000 ---p 00003000 08:01 153330                     /lib/x86_64-linux-gnu/libdl-2.23.so
7f07facdf000-7f07face0000 r--p 00002000 08:01 153330                     /lib/x86_64-linux-gnu/libdl-2.23.so
7f07face0000-7f07face1000 rw-p 00003000 08:01 153330                     /lib/x86_64-linux-gnu/libdl-2.23.so
7f07face1000-7f07faea1000 r-xp 00000000 08:01 153328                     /lib/x86_64-linux-gnu/libc-2.23.so
7f07faea1000-7f07fb0a1000 ---p 001c0000 08:01 153328                     /lib/x86_64-linux-gnu/libc-2.23.so
7f07fb0a1000-7f07fb0a5000 r--p 001c0000 08:01 153328                     /lib/x86_64-linux-gnu/libc-2.23.so
7f07fb0a5000-7f07fb0a7000 rw-p 001c4000 08:01 153328                     /lib/x86_64-linux-gnu/libc-2.23.so
7f07fb0a7000-7f07fb0ab000 rw-p 00000000 00:00 0 
7f07fb0ab000-7f07fb0c1000 r-xp 00000000 08:01 559412                     /home/student/Android/android-studio/jre/lib/amd64/jli/libjli.so
7f07fb0c1000-7f07fb2c0000 ---p 00016000 08:01 559412                     /home/student/Android/android-studio/jre/lib/amd64/jli/libjli.so
7f07fb2c0000-7f07fb2c1000 r--p 00015000 08:01 559412                     /home/student/Android/android-studio/jre/lib/amd64/jli/libjli.so
7f07fb2c1000-7f07fb2c2000 rw-p 00016000 08:01 559412                     /home/student/Android/android-studio/jre/lib/amd64/jli/libjli.so
7f07fb2c2000-7f07fb2e8000 r-xp 00000000 08:01 153326                     /lib/x86_64-linux-gnu/ld-2.23.so
7f07fb2e8000-7f07fb3cb000 rw-p 00000000 00:00 0 
7f07fb3cb000-7f07fb3ce000 ---p 00000000 00:00 0 
7f07fb3ce000-7f07fb4d0000 rw-p 00000000 00:00 0 
7f07fb4d0000-7f07fb4dc000 r--s 0005c000 08:01 422838                     /home/student/.gradle/wrapper/dists/gradle-4.1-all/bzyivzo6n839fup2jbap0tjew/gradle-4.1/lib/gradle-launcher-4.1.jar
7f07fb4dc000-7f07fb4e4000 rw-s 00000000 08:01 341987                     /tmp/hsperfdata_student/24139
7f07fb4e4000-7f07fb4e5000 rw-p 00000000 00:00 0 
7f07fb4e5000-7f07fb4e6000 ---p 00000000 00:00 0 
7f07fb4e6000-7f07fb4e7000 rw-p 00000000 00:00 0 
7f07fb4e7000-7f07fb4e8000 r--p 00025000 08:01 153326                     /lib/x86_64-linux-gnu/ld-2.23.so
7f07fb4e8000-7f07fb4e9000 rw-p 00026000 08:01 153326                     /lib/x86_64-linux-gnu/ld-2.23.so
7f07fb4e9000-7f07fb4ea000 rw-p 00000000 00:00 0 
7ffec9fa3000-7ffec9fc4000 rw-p 00000000 00:00 0                          [stack]
7ffec9fce000-7ffec9fd1000 r--p 00000000 00:00 0                          [vvar]
7ffec9fd1000-7ffec9fd3000 r-xp 00000000 00:00 0                          [vdso]
ffffffffff600000-ffffffffff601000 r-xp 00000000 00:00 0                  [vsyscall]

VM Arguments:
jvm_args: -Xmx1536m -Dfile.encoding=UTF-8 -Duser.country=CA -Duser.language=en -Duser.variant 
java_command: org.gradle.launcher.daemon.bootstrap.GradleDaemon 4.1
java_class_path (initial): /home/student/.gradle/wrapper/dists/gradle-4.1-all/bzyivzo6n839fup2jbap0tjew/gradle-4.1/lib/gradle-launcher-4.1.jar
Launcher Type: SUN_STANDARD

Environment Variables:
PATH=/home/student/bin:/home/student/.local/bin:/usr/local/sbin:/usr/local/bin:/usr/sbin:/usr/bin:/sbin:/bin:/usr/games:/usr/local/games:/snap/bin
LD_LIBRARY_PATH=/home/student/Android/android-studio/bin:
SHELL=/bin/bash
DISPLAY=:0

Signal Handlers:
SIGSEGV: [libjvm.so+0x9ebc60], sa_mask[0]=11111111011111111101111111111110, sa_flags=SA_RESTART|SA_SIGINFO
SIGBUS: [libjvm.so+0x9ebc60], sa_mask[0]=11111111011111111101111111111110, sa_flags=SA_RESTART|SA_SIGINFO
SIGFPE: [libjvm.so+0x84cf60], sa_mask[0]=11111111011111111101111111111110, sa_flags=SA_RESTART|SA_SIGINFO
SIGPIPE: [libjvm.so+0x84cf60], sa_mask[0]=11111111011111111101111111111110, sa_flags=SA_RESTART|SA_SIGINFO
SIGXFSZ: [libjvm.so+0x84cf60], sa_mask[0]=11111111011111111101111111111110, sa_flags=SA_RESTART|SA_SIGINFO
SIGILL: [libjvm.so+0x84cf60], sa_mask[0]=11111111011111111101111111111110, sa_flags=SA_RESTART|SA_SIGINFO
SIGUSR1: SIG_DFL, sa_mask[0]=00000000000000000000000000000000, sa_flags=none
SIGUSR2: [libjvm.so+0x84ce30], sa_mask[0]=00100000000000000000000000000000, sa_flags=SA_RESTART|SA_SIGINFO
SIGHUP: [libjvm.so+0x84d020], sa_mask[0]=11111111011111111101111111111110, sa_flags=SA_RESTART|SA_SIGINFO
SIGINT: [libjvm.so+0x84d020], sa_mask[0]=11111111011111111101111111111110, sa_flags=SA_RESTART|SA_SIGINFO
SIGTERM: [libjvm.so+0x84d020], sa_mask[0]=11111111011111111101111111111110, sa_flags=SA_RESTART|SA_SIGINFO
SIGQUIT: [libjvm.so+0x84d020], sa_mask[0]=11111111011111111101111111111110, sa_flags=SA_RESTART|SA_SIGINFO


---------------  S Y S T E M  ---------------

OS:DISTRIB_ID=Ubuntu
DISTRIB_RELEASE=16.04
DISTRIB_CODENAME=xenial
DISTRIB_DESCRIPTION="Ubuntu 16.04.3 LTS"

uname:Linux 4.13.0-37-generic #42~16.04.1-Ubuntu SMP Wed Mar 7 16:03:28 UTC 2018 x86_64
libc:glibc 2.23 NPTL 2.23 
rlimit: STACK 8192k, CORE 0k, NPROC 11800, NOFILE 1048576, AS infinity
load average:1.66 1.01 1.49

/proc/meminfo:
MemTotal:        3073580 kB
MemFree:           74796 kB
MemAvailable:      31968 kB
Buffers:            2072 kB
Cached:            54828 kB
SwapCached:            0 kB
Active:          2819696 kB
Inactive:          35504 kB
Active(anon):    2799292 kB
Inactive(anon):    12456 kB
Active(file):      20404 kB
Inactive(file):    23048 kB
Unevictable:          32 kB
Mlocked:              32 kB
SwapTotal:             0 kB
SwapFree:              0 kB
Dirty:              6108 kB
Writeback:             0 kB
AnonPages:       2798388 kB
Mapped:            37256 kB
Shmem:             13396 kB
Slab:              73732 kB
SReclaimable:      29504 kB
SUnreclaim:        44228 kB
KernelStack:        7936 kB
PageTables:        32656 kB
NFS_Unstable:          0 kB
Bounce:                0 kB
WritebackTmp:          0 kB
CommitLimit:     1536788 kB
Committed_AS:    5933228 kB
VmallocTotal:   34359738367 kB
VmallocUsed:           0 kB
VmallocChunk:          0 kB
HardwareCorrupted:     0 kB
AnonHugePages:         0 kB
ShmemHugePages:        0 kB
ShmemPmdMapped:        0 kB
CmaTotal:              0 kB
CmaFree:               0 kB
HugePages_Total:       0
HugePages_Free:        0
HugePages_Rsvd:        0
HugePages_Surp:        0
Hugepagesize:       2048 kB
DirectMap4k:      108480 kB
DirectMap2M:     3037184 kB


CPU:total 2 (initial active 2) (2 cores per cpu, 1 threads per core) family 6 model 61 stepping 4, cmov, cx8, fxsr, mmx, sse, sse2, sse3, ssse3, sse4.1, sse4.2, popcnt, avx, avx2, aes, clmul, 3dnowpref, lzcnt, tsc, tscinvbit

/proc/cpuinfo:
processor	: 0
vendor_id	: GenuineIntel
cpu family	: 6
model		: 61
model name	: Intel(R) Core(TM) i5-5257U CPU @ 2.70GHz
stepping	: 4
cpu MHz		: 2699.998
cache size	: 3072 KB
physical id	: 0
siblings	: 2
core id		: 0
cpu cores	: 2
apicid		: 0
initial apicid	: 0
fpu		: yes
fpu_exception	: yes
cpuid level	: 20
wp		: yes
flags		: fpu vme de pse tsc msr pae mce cx8 apic sep mtrr pge mca cmov pat pse36 clflush mmx fxsr sse sse2 ht syscall nx rdtscp lm constant_tsc rep_good nopl xtopology nonstop_tsc cpuid pni pclmulqdq ssse3 cx16 sse4_1 sse4_2 movbe popcnt aes xsave avx rdrand hypervisor lahf_lm abm 3dnowprefetch pti retpoline avx2 rdseed
bugs		: cpu_meltdown spectre_v1 spectre_v2
bogomips	: 5399.99
clflush size	: 64
cache_alignment	: 64
address sizes	: 39 bits physical, 48 bits virtual
power management:

processor	: 1
vendor_id	: GenuineIntel
cpu family	: 6
model		: 61
model name	: Intel(R) Core(TM) i5-5257U CPU @ 2.70GHz
stepping	: 4
cpu MHz		: 2699.998
cache size	: 3072 KB
physical id	: 0
siblings	: 2
core id		: 1
cpu cores	: 2
apicid		: 1
initial apicid	: 1
fpu		: yes
fpu_exception	: yes
cpuid level	: 20
wp		: yes
flags		: fpu vme de pse tsc msr pae mce cx8 apic sep mtrr pge mca cmov pat pse36 clflush mmx fxsr sse sse2 ht syscall nx rdtscp lm constant_tsc rep_good nopl xtopology nonstop_tsc cpuid pni pclmulqdq ssse3 cx16 sse4_1 sse4_2 movbe popcnt aes xsave avx rdrand hypervisor lahf_lm abm 3dnowprefetch pti retpoline avx2 rdseed
bugs		: cpu_meltdown spectre_v1 spectre_v2
bogomips	: 5399.99
clflush size	: 64
cache_alignment	: 64
address sizes	: 39 bits physical, 48 bits virtual
power management:



Memory: 4k page, physical 3073580k(74796k free), swap 0k(0k free)

vm_info: OpenJDK 64-Bit Server VM (25.152-b01) for linux-amd64 JRE (1.8.0_152-release-915-b01), built by "builder" with gcc 4.8.4

time: Sun Apr  1 18:00:51 2018
elapsed time: 106 seconds (0d 0h 1m 46s)

